make[4]: ディレクトリ `/root/blasttest/source_upload/ncbi-blast-2.5.0+-src_psiblastexb/c++/ReleaseMT/build/objects/mmdb' に入ります
Updating dependency information for mmdb3___.cpp.
Updating dependency information for mmdb2___.cpp.
Updating dependency information for mmdb1___.cpp.
Updating dependency information for mmdb3__.cpp.
Updating dependency information for mmdb2__.cpp.
Updating dependency information for mmdb1__.cpp.
make[4]: ディレクトリ `/root/blasttest/source_upload/ncbi-blast-2.5.0+-src_psiblastexb/c++/ReleaseMT/build/objects/mmdb' から出ます
make[4]: ディレクトリ `/root/blasttest/source_upload/ncbi-blast-2.5.0+-src_psiblastexb/c++/ReleaseMT/build/objects/mmdb' に入ります
/opt/rh/devtoolset-2/root/usr/bin/g++  -std=gnu++11 -c  -Wall -Wno-format-y2k  -pthread -fopenmp -O2   -I/root/blasttest/source_upload/ncbi-blast-2.5.0+-src_psiblastexb/c++/src/objects/mmdb -I/root/blasttest/source_upload/ncbi-blast-2.5.0+-src_psiblastexb/c++/src/objects/mmdb -DNDEBUG -D_LARGEFILE_SOURCE -D_FILE_OFFSET_BITS=64 -D_LARGEFILE64_SOURCE   -D_MT -D_REENTRANT -D_THREAD_SAFE -I/root/blasttest/source_upload/ncbi-blast-2.5.0+-src_psiblastexb/c++/ReleaseMT/inc -I/root/blasttest/source_upload/ncbi-blast-2.5.0+-src_psiblastexb/c++/include  mmdb1__.cpp -o mmdb1__.o 
/opt/rh/devtoolset-2/root/usr/bin/g++  -std=gnu++11 -c  -Wall -Wno-format-y2k  -pthread -fopenmp -O2   -I/root/blasttest/source_upload/ncbi-blast-2.5.0+-src_psiblastexb/c++/src/objects/mmdb -I/root/blasttest/source_upload/ncbi-blast-2.5.0+-src_psiblastexb/c++/src/objects/mmdb -DNDEBUG -D_LARGEFILE_SOURCE -D_FILE_OFFSET_BITS=64 -D_LARGEFILE64_SOURCE   -D_MT -D_REENTRANT -D_THREAD_SAFE -I/root/blasttest/source_upload/ncbi-blast-2.5.0+-src_psiblastexb/c++/ReleaseMT/inc -I/root/blasttest/source_upload/ncbi-blast-2.5.0+-src_psiblastexb/c++/include  mmdb2__.cpp -o mmdb2__.o 
/opt/rh/devtoolset-2/root/usr/bin/g++  -std=gnu++11 -c  -Wall -Wno-format-y2k  -pthread -fopenmp -O2   -I/root/blasttest/source_upload/ncbi-blast-2.5.0+-src_psiblastexb/c++/src/objects/mmdb -I/root/blasttest/source_upload/ncbi-blast-2.5.0+-src_psiblastexb/c++/src/objects/mmdb -DNDEBUG -D_LARGEFILE_SOURCE -D_FILE_OFFSET_BITS=64 -D_LARGEFILE64_SOURCE   -D_MT -D_REENTRANT -D_THREAD_SAFE -I/root/blasttest/source_upload/ncbi-blast-2.5.0+-src_psiblastexb/c++/ReleaseMT/inc -I/root/blasttest/source_upload/ncbi-blast-2.5.0+-src_psiblastexb/c++/include  mmdb3__.cpp -o mmdb3__.o 
/opt/rh/devtoolset-2/root/usr/bin/g++  -std=gnu++11 -c  -Wall -Wno-format-y2k  -pthread -fopenmp -O2   -I/root/blasttest/source_upload/ncbi-blast-2.5.0+-src_psiblastexb/c++/src/objects/mmdb -I/root/blasttest/source_upload/ncbi-blast-2.5.0+-src_psiblastexb/c++/src/objects/mmdb -DNDEBUG -D_LARGEFILE_SOURCE -D_FILE_OFFSET_BITS=64 -D_LARGEFILE64_SOURCE   -D_MT -D_REENTRANT -D_THREAD_SAFE -I/root/blasttest/source_upload/ncbi-blast-2.5.0+-src_psiblastexb/c++/ReleaseMT/inc -I/root/blasttest/source_upload/ncbi-blast-2.5.0+-src_psiblastexb/c++/include  mmdb1___.cpp -o mmdb1___.o 
/opt/rh/devtoolset-2/root/usr/bin/g++  -std=gnu++11 -c  -Wall -Wno-format-y2k  -pthread -fopenmp -O2   -I/root/blasttest/source_upload/ncbi-blast-2.5.0+-src_psiblastexb/c++/src/objects/mmdb -I/root/blasttest/source_upload/ncbi-blast-2.5.0+-src_psiblastexb/c++/src/objects/mmdb -DNDEBUG -D_LARGEFILE_SOURCE -D_FILE_OFFSET_BITS=64 -D_LARGEFILE64_SOURCE   -D_MT -D_REENTRANT -D_THREAD_SAFE -I/root/blasttest/source_upload/ncbi-blast-2.5.0+-src_psiblastexb/c++/ReleaseMT/inc -I/root/blasttest/source_upload/ncbi-blast-2.5.0+-src_psiblastexb/c++/include  mmdb2___.cpp -o mmdb2___.o 
/opt/rh/devtoolset-2/root/usr/bin/g++  -std=gnu++11 -c  -Wall -Wno-format-y2k  -pthread -fopenmp -O2   -I/root/blasttest/source_upload/ncbi-blast-2.5.0+-src_psiblastexb/c++/src/objects/mmdb -I/root/blasttest/source_upload/ncbi-blast-2.5.0+-src_psiblastexb/c++/src/objects/mmdb -DNDEBUG -D_LARGEFILE_SOURCE -D_FILE_OFFSET_BITS=64 -D_LARGEFILE64_SOURCE   -D_MT -D_REENTRANT -D_THREAD_SAFE -I/root/blasttest/source_upload/ncbi-blast-2.5.0+-src_psiblastexb/c++/ReleaseMT/inc -I/root/blasttest/source_upload/ncbi-blast-2.5.0+-src_psiblastexb/c++/include  mmdb3___.cpp -o mmdb3___.o 
/bin/rm -f libmmdb.a .libmmdb.a.stamp
ar cr libmmdb.a mmdb1__.o mmdb2__.o mmdb3__.o mmdb1___.o mmdb2___.o mmdb3___.o  
/bin/sh /root/blasttest/source_upload/ncbi-blast-2.5.0+-src_psiblastexb/c++/scripts/common/impl/if_diff.sh /bin/ln -f libmmdb.a /root/blasttest/source_upload/ncbi-blast-2.5.0+-src_psiblastexb/c++/ReleaseMT/lib
/bin/ln -f libmmdb.a /root/blasttest/source_upload/ncbi-blast-2.5.0+-src_psiblastexb/c++/ReleaseMT/lib/libmmdb.a
/bin/ln -f .mmdb.dep /root/blasttest/source_upload/ncbi-blast-2.5.0+-src_psiblastexb/c++/ReleaseMT/status/.mmdb.dep
make[4]: ディレクトリ `/root/blasttest/source_upload/ncbi-blast-2.5.0+-src_psiblastexb/c++/ReleaseMT/build/objects/mmdb' から出ます
