make[3]: ディレクトリ `/root/blasttest/source_upload/ncbi-blast-2.5.0+-src_psiblastexb/c++/ReleaseMT/build/corelib' に入ります
Updating dependency information for /root/blasttest/source_upload/ncbi-blast-2.5.0+-src_psiblastexb/c++/src/corelib/ncbi_message.cpp.
Updating dependency information for /root/blasttest/source_upload/ncbi-blast-2.5.0+-src_psiblastexb/c++/src/corelib/guard.cpp.
Updating dependency information for /root/blasttest/source_upload/ncbi-blast-2.5.0+-src_psiblastexb/c++/src/corelib/ncbi_cookies.cpp.
Updating dependency information for /root/blasttest/source_upload/ncbi-blast-2.5.0+-src_psiblastexb/c++/src/corelib/ncbi_url.cpp.
Updating dependency information for /root/blasttest/source_upload/ncbi-blast-2.5.0+-src_psiblastexb/c++/src/corelib/ncbierror.cpp.
Updating dependency information for /root/blasttest/source_upload/ncbi-blast-2.5.0+-src_psiblastexb/c++/src/corelib/ncbi_toolkit.cpp.
Updating dependency information for /root/blasttest/source_upload/ncbi-blast-2.5.0+-src_psiblastexb/c++/src/corelib/perf_log.cpp.
Updating dependency information for /root/blasttest/source_upload/ncbi-blast-2.5.0+-src_psiblastexb/c++/src/corelib/ncbi_autoinit.cpp.
Updating dependency information for /root/blasttest/source_upload/ncbi-blast-2.5.0+-src_psiblastexb/c++/src/corelib/interprocess_lock.cpp.
Updating dependency information for /root/blasttest/source_upload/ncbi-blast-2.5.0+-src_psiblastexb/c++/src/corelib/resource_info.cpp.
Updating dependency information for /root/blasttest/source_upload/ncbi-blast-2.5.0+-src_psiblastexb/c++/src/corelib/ncbi_strings.c.
Updating dependency information for /root/blasttest/source_upload/ncbi-blast-2.5.0+-src_psiblastexb/c++/src/corelib/expr.cpp.
Updating dependency information for /root/blasttest/source_upload/ncbi-blast-2.5.0+-src_psiblastexb/c++/src/corelib/request_control.cpp.
Updating dependency information for /root/blasttest/source_upload/ncbi-blast-2.5.0+-src_psiblastexb/c++/src/corelib/request_ctx.cpp.
Updating dependency information for /root/blasttest/source_upload/ncbi-blast-2.5.0+-src_psiblastexb/c++/src/corelib/version.cpp.
Updating dependency information for /root/blasttest/source_upload/ncbi-blast-2.5.0+-src_psiblastexb/c++/src/corelib/syslog.cpp.
Updating dependency information for /root/blasttest/source_upload/ncbi-blast-2.5.0+-src_psiblastexb/c++/src/corelib/stream_utils.cpp.
Updating dependency information for /root/blasttest/source_upload/ncbi-blast-2.5.0+-src_psiblastexb/c++/src/corelib/rwstreambuf.cpp.
Updating dependency information for /root/blasttest/source_upload/ncbi-blast-2.5.0+-src_psiblastexb/c++/src/corelib/plugin_manager_store.cpp.
Updating dependency information for /root/blasttest/source_upload/ncbi-blast-2.5.0+-src_psiblastexb/c++/src/corelib/plugin_manager.cpp.
Updating dependency information for /root/blasttest/source_upload/ncbi-blast-2.5.0+-src_psiblastexb/c++/src/corelib/obj_store.cpp.
Updating dependency information for /root/blasttest/source_upload/ncbi-blast-2.5.0+-src_psiblastexb/c++/src/corelib/ncbitime.cpp.
Updating dependency information for /root/blasttest/source_upload/ncbi-blast-2.5.0+-src_psiblastexb/c++/src/corelib/ncbithr.cpp.
Updating dependency information for /root/blasttest/source_upload/ncbi-blast-2.5.0+-src_psiblastexb/c++/src/corelib/ncbistre.cpp.
Updating dependency information for /root/blasttest/source_upload/ncbi-blast-2.5.0+-src_psiblastexb/c++/src/corelib/ncbistr.cpp.
Updating dependency information for /root/blasttest/source_upload/ncbi-blast-2.5.0+-src_psiblastexb/c++/src/corelib/ncbireg.cpp.
Updating dependency information for /root/blasttest/source_upload/ncbi-blast-2.5.0+-src_psiblastexb/c++/src/corelib/ncbiobj.cpp.
Updating dependency information for /root/blasttest/source_upload/ncbi-blast-2.5.0+-src_psiblastexb/c++/src/corelib/ncbimtx.cpp.
Updating dependency information for /root/blasttest/source_upload/ncbi-blast-2.5.0+-src_psiblastexb/c++/src/corelib/ncbimempool.cpp.
Updating dependency information for /root/blasttest/source_upload/ncbi-blast-2.5.0+-src_psiblastexb/c++/src/corelib/ncbifile.cpp.
Updating dependency information for /root/blasttest/source_upload/ncbi-blast-2.5.0+-src_psiblastexb/c++/src/corelib/ncbiexpt.cpp.
Updating dependency information for /root/blasttest/source_upload/ncbi-blast-2.5.0+-src_psiblastexb/c++/src/corelib/ncbiexec.cpp.
Updating dependency information for /root/blasttest/source_upload/ncbi-blast-2.5.0+-src_psiblastexb/c++/src/corelib/ncbienv.cpp.
Updating dependency information for /root/blasttest/source_upload/ncbi-blast-2.5.0+-src_psiblastexb/c++/src/corelib/ncbidll.cpp.
Updating dependency information for /root/blasttest/source_upload/ncbi-blast-2.5.0+-src_psiblastexb/c++/src/corelib/ncbidiag_p.cpp.
Updating dependency information for /root/blasttest/source_upload/ncbi-blast-2.5.0+-src_psiblastexb/c++/src/corelib/ncbidiag.cpp.
Updating dependency information for /root/blasttest/source_upload/ncbi-blast-2.5.0+-src_psiblastexb/c++/src/corelib/ncbidbg.cpp.
Updating dependency information for ncbicfg.c.
Updating dependency information for /root/blasttest/source_upload/ncbi-blast-2.5.0+-src_psiblastexb/c++/src/corelib/ncbiatomic.cpp.
Updating dependency information for /root/blasttest/source_upload/ncbi-blast-2.5.0+-src_psiblastexb/c++/src/corelib/ncbiargs.cpp.
Updating dependency information for /root/blasttest/source_upload/ncbi-blast-2.5.0+-src_psiblastexb/c++/src/corelib/ncbiapp.cpp.
Updating dependency information for /root/blasttest/source_upload/ncbi-blast-2.5.0+-src_psiblastexb/c++/src/corelib/ncbi_system.cpp.
Updating dependency information for /root/blasttest/source_upload/ncbi-blast-2.5.0+-src_psiblastexb/c++/src/corelib/ncbi_stack.cpp.
Updating dependency information for /root/blasttest/source_upload/ncbi-blast-2.5.0+-src_psiblastexb/c++/src/corelib/ncbi_signal.cpp.
Updating dependency information for /root/blasttest/source_upload/ncbi-blast-2.5.0+-src_psiblastexb/c++/src/corelib/ncbi_safe_static.cpp.
Updating dependency information for /root/blasttest/source_upload/ncbi-blast-2.5.0+-src_psiblastexb/c++/src/corelib/ncbi_process.cpp.
Updating dependency information for /root/blasttest/source_upload/ncbi-blast-2.5.0+-src_psiblastexb/c++/src/corelib/ncbi_param.cpp.
Updating dependency information for /root/blasttest/source_upload/ncbi-blast-2.5.0+-src_psiblastexb/c++/src/corelib/ncbi_config.cpp.
Updating dependency information for /root/blasttest/source_upload/ncbi-blast-2.5.0+-src_psiblastexb/c++/src/corelib/metareg.cpp.
Updating dependency information for /root/blasttest/source_upload/ncbi-blast-2.5.0+-src_psiblastexb/c++/src/corelib/env_reg.cpp.
Updating dependency information for /root/blasttest/source_upload/ncbi-blast-2.5.0+-src_psiblastexb/c++/src/corelib/ddumpable.cpp.
Updating dependency information for /root/blasttest/source_upload/ncbi-blast-2.5.0+-src_psiblastexb/c++/src/corelib/blob_storage.cpp.
Updating dependency information for /root/blasttest/source_upload/ncbi-blast-2.5.0+-src_psiblastexb/c++/src/corelib/ncbi_os_unix.cpp.
make[3]: ディレクトリ `/root/blasttest/source_upload/ncbi-blast-2.5.0+-src_psiblastexb/c++/ReleaseMT/build/corelib' から出ます
make[3]: ディレクトリ `/root/blasttest/source_upload/ncbi-blast-2.5.0+-src_psiblastexb/c++/ReleaseMT/build/corelib' に入ります
/opt/rh/devtoolset-2/root/usr/bin/g++  -std=gnu++11 -c  -Wall -Wno-format-y2k  -pthread -fopenmp -O2   -DNDEBUG -D_LARGEFILE_SOURCE -D_FILE_OFFSET_BITS=64 -D_LARGEFILE64_SOURCE   -D_MT -D_REENTRANT -D_THREAD_SAFE -I/root/blasttest/source_upload/ncbi-blast-2.5.0+-src_psiblastexb/c++/ReleaseMT/inc -I/root/blasttest/source_upload/ncbi-blast-2.5.0+-src_psiblastexb/c++/include  /root/blasttest/source_upload/ncbi-blast-2.5.0+-src_psiblastexb/c++/src/corelib/ncbi_os_unix.cpp -o ncbi_os_unix.o 
/opt/rh/devtoolset-2/root/usr/bin/g++  -std=gnu++11 -c  -Wall -Wno-format-y2k  -pthread -fopenmp -O2   -DNDEBUG -D_LARGEFILE_SOURCE -D_FILE_OFFSET_BITS=64 -D_LARGEFILE64_SOURCE   -D_MT -D_REENTRANT -D_THREAD_SAFE -I/root/blasttest/source_upload/ncbi-blast-2.5.0+-src_psiblastexb/c++/ReleaseMT/inc -I/root/blasttest/source_upload/ncbi-blast-2.5.0+-src_psiblastexb/c++/include  /root/blasttest/source_upload/ncbi-blast-2.5.0+-src_psiblastexb/c++/src/corelib/blob_storage.cpp -o blob_storage.o 
/opt/rh/devtoolset-2/root/usr/bin/g++  -std=gnu++11 -c  -Wall -Wno-format-y2k  -pthread -fopenmp -O2   -DNDEBUG -D_LARGEFILE_SOURCE -D_FILE_OFFSET_BITS=64 -D_LARGEFILE64_SOURCE   -D_MT -D_REENTRANT -D_THREAD_SAFE -I/root/blasttest/source_upload/ncbi-blast-2.5.0+-src_psiblastexb/c++/ReleaseMT/inc -I/root/blasttest/source_upload/ncbi-blast-2.5.0+-src_psiblastexb/c++/include  /root/blasttest/source_upload/ncbi-blast-2.5.0+-src_psiblastexb/c++/src/corelib/ddumpable.cpp -o ddumpable.o 
/opt/rh/devtoolset-2/root/usr/bin/g++  -std=gnu++11 -c  -Wall -Wno-format-y2k  -pthread -fopenmp -O2   -DNDEBUG -D_LARGEFILE_SOURCE -D_FILE_OFFSET_BITS=64 -D_LARGEFILE64_SOURCE   -D_MT -D_REENTRANT -D_THREAD_SAFE -I/root/blasttest/source_upload/ncbi-blast-2.5.0+-src_psiblastexb/c++/ReleaseMT/inc -I/root/blasttest/source_upload/ncbi-blast-2.5.0+-src_psiblastexb/c++/include  /root/blasttest/source_upload/ncbi-blast-2.5.0+-src_psiblastexb/c++/src/corelib/env_reg.cpp -o env_reg.o 
/opt/rh/devtoolset-2/root/usr/bin/g++  -std=gnu++11 -c  -Wall -Wno-format-y2k  -pthread -fopenmp -O2   -DNDEBUG -D_LARGEFILE_SOURCE -D_FILE_OFFSET_BITS=64 -D_LARGEFILE64_SOURCE   -D_MT -D_REENTRANT -D_THREAD_SAFE -I/root/blasttest/source_upload/ncbi-blast-2.5.0+-src_psiblastexb/c++/ReleaseMT/inc -I/root/blasttest/source_upload/ncbi-blast-2.5.0+-src_psiblastexb/c++/include  /root/blasttest/source_upload/ncbi-blast-2.5.0+-src_psiblastexb/c++/src/corelib/metareg.cpp -o metareg.o 
/opt/rh/devtoolset-2/root/usr/bin/g++  -std=gnu++11 -c  -Wall -Wno-format-y2k  -pthread -fopenmp -O2   -DNDEBUG -D_LARGEFILE_SOURCE -D_FILE_OFFSET_BITS=64 -D_LARGEFILE64_SOURCE   -D_MT -D_REENTRANT -D_THREAD_SAFE -I/root/blasttest/source_upload/ncbi-blast-2.5.0+-src_psiblastexb/c++/ReleaseMT/inc -I/root/blasttest/source_upload/ncbi-blast-2.5.0+-src_psiblastexb/c++/include  /root/blasttest/source_upload/ncbi-blast-2.5.0+-src_psiblastexb/c++/src/corelib/ncbi_config.cpp -o ncbi_config.o 
/opt/rh/devtoolset-2/root/usr/bin/g++  -std=gnu++11 -c  -Wall -Wno-format-y2k  -pthread -fopenmp -O2   -DNDEBUG -D_LARGEFILE_SOURCE -D_FILE_OFFSET_BITS=64 -D_LARGEFILE64_SOURCE   -D_MT -D_REENTRANT -D_THREAD_SAFE -I/root/blasttest/source_upload/ncbi-blast-2.5.0+-src_psiblastexb/c++/ReleaseMT/inc -I/root/blasttest/source_upload/ncbi-blast-2.5.0+-src_psiblastexb/c++/include  /root/blasttest/source_upload/ncbi-blast-2.5.0+-src_psiblastexb/c++/src/corelib/ncbi_param.cpp -o ncbi_param.o 
/opt/rh/devtoolset-2/root/usr/bin/g++  -std=gnu++11 -c  -Wall -Wno-format-y2k  -pthread -fopenmp -O2   -DNDEBUG -D_LARGEFILE_SOURCE -D_FILE_OFFSET_BITS=64 -D_LARGEFILE64_SOURCE   -D_MT -D_REENTRANT -D_THREAD_SAFE -I/root/blasttest/source_upload/ncbi-blast-2.5.0+-src_psiblastexb/c++/ReleaseMT/inc -I/root/blasttest/source_upload/ncbi-blast-2.5.0+-src_psiblastexb/c++/include  /root/blasttest/source_upload/ncbi-blast-2.5.0+-src_psiblastexb/c++/src/corelib/ncbi_process.cpp -o ncbi_process.o 
/opt/rh/devtoolset-2/root/usr/bin/g++  -std=gnu++11 -c  -Wall -Wno-format-y2k  -pthread -fopenmp -O2   -DNDEBUG -D_LARGEFILE_SOURCE -D_FILE_OFFSET_BITS=64 -D_LARGEFILE64_SOURCE   -D_MT -D_REENTRANT -D_THREAD_SAFE -I/root/blasttest/source_upload/ncbi-blast-2.5.0+-src_psiblastexb/c++/ReleaseMT/inc -I/root/blasttest/source_upload/ncbi-blast-2.5.0+-src_psiblastexb/c++/include  /root/blasttest/source_upload/ncbi-blast-2.5.0+-src_psiblastexb/c++/src/corelib/ncbi_safe_static.cpp -o ncbi_safe_static.o 
/opt/rh/devtoolset-2/root/usr/bin/g++  -std=gnu++11 -c  -Wall -Wno-format-y2k  -pthread -fopenmp -O2   -DNDEBUG -D_LARGEFILE_SOURCE -D_FILE_OFFSET_BITS=64 -D_LARGEFILE64_SOURCE   -D_MT -D_REENTRANT -D_THREAD_SAFE -I/root/blasttest/source_upload/ncbi-blast-2.5.0+-src_psiblastexb/c++/ReleaseMT/inc -I/root/blasttest/source_upload/ncbi-blast-2.5.0+-src_psiblastexb/c++/include  /root/blasttest/source_upload/ncbi-blast-2.5.0+-src_psiblastexb/c++/src/corelib/ncbi_signal.cpp -o ncbi_signal.o 
/opt/rh/devtoolset-2/root/usr/bin/g++  -std=gnu++11 -c  -Wall -Wno-format-y2k  -pthread -fopenmp -O2   -DNDEBUG -D_LARGEFILE_SOURCE -D_FILE_OFFSET_BITS=64 -D_LARGEFILE64_SOURCE   -D_MT -D_REENTRANT -D_THREAD_SAFE -I/root/blasttest/source_upload/ncbi-blast-2.5.0+-src_psiblastexb/c++/ReleaseMT/inc -I/root/blasttest/source_upload/ncbi-blast-2.5.0+-src_psiblastexb/c++/include  /root/blasttest/source_upload/ncbi-blast-2.5.0+-src_psiblastexb/c++/src/corelib/ncbi_stack.cpp -o ncbi_stack.o 
/opt/rh/devtoolset-2/root/usr/bin/g++  -std=gnu++11 -c  -Wall -Wno-format-y2k  -pthread -fopenmp -O2   -DNDEBUG -D_LARGEFILE_SOURCE -D_FILE_OFFSET_BITS=64 -D_LARGEFILE64_SOURCE   -D_MT -D_REENTRANT -D_THREAD_SAFE -I/root/blasttest/source_upload/ncbi-blast-2.5.0+-src_psiblastexb/c++/ReleaseMT/inc -I/root/blasttest/source_upload/ncbi-blast-2.5.0+-src_psiblastexb/c++/include  /root/blasttest/source_upload/ncbi-blast-2.5.0+-src_psiblastexb/c++/src/corelib/ncbi_system.cpp -o ncbi_system.o 
/opt/rh/devtoolset-2/root/usr/bin/g++  -std=gnu++11 -c  -Wall -Wno-format-y2k  -pthread -fopenmp -O2   -DNDEBUG -D_LARGEFILE_SOURCE -D_FILE_OFFSET_BITS=64 -D_LARGEFILE64_SOURCE   -D_MT -D_REENTRANT -D_THREAD_SAFE -I/root/blasttest/source_upload/ncbi-blast-2.5.0+-src_psiblastexb/c++/ReleaseMT/inc -I/root/blasttest/source_upload/ncbi-blast-2.5.0+-src_psiblastexb/c++/include  /root/blasttest/source_upload/ncbi-blast-2.5.0+-src_psiblastexb/c++/src/corelib/ncbiapp.cpp -o ncbiapp.o 
/opt/rh/devtoolset-2/root/usr/bin/g++  -std=gnu++11 -c  -Wall -Wno-format-y2k  -pthread -fopenmp -O2   -DNDEBUG -D_LARGEFILE_SOURCE -D_FILE_OFFSET_BITS=64 -D_LARGEFILE64_SOURCE   -D_MT -D_REENTRANT -D_THREAD_SAFE -I/root/blasttest/source_upload/ncbi-blast-2.5.0+-src_psiblastexb/c++/ReleaseMT/inc -I/root/blasttest/source_upload/ncbi-blast-2.5.0+-src_psiblastexb/c++/include  /root/blasttest/source_upload/ncbi-blast-2.5.0+-src_psiblastexb/c++/src/corelib/ncbiargs.cpp -o ncbiargs.o 
/opt/rh/devtoolset-2/root/usr/bin/g++  -std=gnu++11 -c  -Wall -Wno-format-y2k  -pthread -fopenmp -O2   -DNDEBUG -D_LARGEFILE_SOURCE -D_FILE_OFFSET_BITS=64 -D_LARGEFILE64_SOURCE   -D_MT -D_REENTRANT -D_THREAD_SAFE -I/root/blasttest/source_upload/ncbi-blast-2.5.0+-src_psiblastexb/c++/ReleaseMT/inc -I/root/blasttest/source_upload/ncbi-blast-2.5.0+-src_psiblastexb/c++/include  /root/blasttest/source_upload/ncbi-blast-2.5.0+-src_psiblastexb/c++/src/corelib/ncbiatomic.cpp -o ncbiatomic.o 
/opt/rh/devtoolset-2/root/usr/bin/gcc  -std=gnu11 -fgnu89-inline -c  -Wall -Wno-format-y2k  -pthread -fopenmp -O2     -DNDEBUG -D_LARGEFILE_SOURCE -D_FILE_OFFSET_BITS=64 -D_LARGEFILE64_SOURCE   -D_MT -D_REENTRANT -D_THREAD_SAFE -I/root/blasttest/source_upload/ncbi-blast-2.5.0+-src_psiblastexb/c++/ReleaseMT/inc -I/root/blasttest/source_upload/ncbi-blast-2.5.0+-src_psiblastexb/c++/include  ncbicfg.c -o ncbicfg.o 
/opt/rh/devtoolset-2/root/usr/bin/g++  -std=gnu++11 -c  -Wall -Wno-format-y2k  -pthread -fopenmp -O2   -DNDEBUG -D_LARGEFILE_SOURCE -D_FILE_OFFSET_BITS=64 -D_LARGEFILE64_SOURCE   -D_MT -D_REENTRANT -D_THREAD_SAFE -I/root/blasttest/source_upload/ncbi-blast-2.5.0+-src_psiblastexb/c++/ReleaseMT/inc -I/root/blasttest/source_upload/ncbi-blast-2.5.0+-src_psiblastexb/c++/include  /root/blasttest/source_upload/ncbi-blast-2.5.0+-src_psiblastexb/c++/src/corelib/ncbidbg.cpp -o ncbidbg.o 
/opt/rh/devtoolset-2/root/usr/bin/g++  -std=gnu++11 -c  -Wall -Wno-format-y2k  -pthread -fopenmp -O2   -DNDEBUG -D_LARGEFILE_SOURCE -D_FILE_OFFSET_BITS=64 -D_LARGEFILE64_SOURCE   -D_MT -D_REENTRANT -D_THREAD_SAFE -I/root/blasttest/source_upload/ncbi-blast-2.5.0+-src_psiblastexb/c++/ReleaseMT/inc -I/root/blasttest/source_upload/ncbi-blast-2.5.0+-src_psiblastexb/c++/include  /root/blasttest/source_upload/ncbi-blast-2.5.0+-src_psiblastexb/c++/src/corelib/ncbidiag.cpp -o ncbidiag.o 
ember function ‘ember function ‘ember function ‘ember function ‘ember function ‘ember function ‘, ncbi::CNcbiRegistry*, ncbi::EDiagCollectMessages, const char*)/opt/rh/devtoolset-2/root/usr/bin/g++  -std=gnu++11 -c  -Wall -Wno-format-y2k  -pthread -fopenmp -O2   -DNDEBUG -D_LARGEFILE_SOURCE -D_FILE_OFFSET_BITS=64 -D_LARGEFILE64_SOURCE   -D_MT -D_REENTRANT -D_THREAD_SAFE -I/root/blasttest/source_upload/ncbi-blast-2.5.0+-src_psiblastexb/c++/ReleaseMT/inc -I/root/blasttest/source_upload/ncbi-blast-2.5.0+-src_psiblastexb/c++/include  /root/blasttest/source_upload/ncbi-blast-2.5.0+-src_psiblastexb/c++/src/corelib/ncbidiag_p.cpp -o ncbidiag_p.o 
/opt/rh/devtoolset-2/root/usr/bin/g++  -std=gnu++11 -c  -Wall -Wno-format-y2k  -pthread -fopenmp -O2   -DNDEBUG -D_LARGEFILE_SOURCE -D_FILE_OFFSET_BITS=64 -D_LARGEFILE64_SOURCE   -D_MT -D_REENTRANT -D_THREAD_SAFE -I/root/blasttest/source_upload/ncbi-blast-2.5.0+-src_psiblastexb/c++/ReleaseMT/inc -I/root/blasttest/source_upload/ncbi-blast-2.5.0+-src_psiblastexb/c++/include  /root/blasttest/source_upload/ncbi-blast-2.5.0+-src_psiblastexb/c++/src/corelib/ncbidll.cpp -o ncbidll.o 
/opt/rh/devtoolset-2/root/usr/bin/g++  -std=gnu++11 -c  -Wall -Wno-format-y2k  -pthread -fopenmp -O2   -DNDEBUG -D_LARGEFILE_SOURCE -D_FILE_OFFSET_BITS=64 -D_LARGEFILE64_SOURCE   -D_MT -D_REENTRANT -D_THREAD_SAFE -I/root/blasttest/source_upload/ncbi-blast-2.5.0+-src_psiblastexb/c++/ReleaseMT/inc -I/root/blasttest/source_upload/ncbi-blast-2.5.0+-src_psiblastexb/c++/include  /root/blasttest/source_upload/ncbi-blast-2.5.0+-src_psiblastexb/c++/src/corelib/ncbienv.cpp -o ncbienv.o 
/opt/rh/devtoolset-2/root/usr/bin/g++  -std=gnu++11 -c  -Wall -Wno-format-y2k  -pthread -fopenmp -O2   -DNDEBUG -D_LARGEFILE_SOURCE -D_FILE_OFFSET_BITS=64 -D_LARGEFILE64_SOURCE   -D_MT -D_REENTRANT -D_THREAD_SAFE -I/root/blasttest/source_upload/ncbi-blast-2.5.0+-src_psiblastexb/c++/ReleaseMT/inc -I/root/blasttest/source_upload/ncbi-blast-2.5.0+-src_psiblastexb/c++/include  /root/blasttest/source_upload/ncbi-blast-2.5.0+-src_psiblastexb/c++/src/corelib/ncbiexec.cpp -o ncbiexec.o 
/opt/rh/devtoolset-2/root/usr/bin/g++  -std=gnu++11 -c  -Wall -Wno-format-y2k  -pthread -fopenmp -O2   -DNDEBUG -D_LARGEFILE_SOURCE -D_FILE_OFFSET_BITS=64 -D_LARGEFILE64_SOURCE   -D_MT -D_REENTRANT -D_THREAD_SAFE -I/root/blasttest/source_upload/ncbi-blast-2.5.0+-src_psiblastexb/c++/ReleaseMT/inc -I/root/blasttest/source_upload/ncbi-blast-2.5.0+-src_psiblastexb/c++/include  /root/blasttest/source_upload/ncbi-blast-2.5.0+-src_psiblastexb/c++/src/corelib/ncbiexpt.cpp -o ncbiexpt.o 
/opt/rh/devtoolset-2/root/usr/bin/g++  -std=gnu++11 -c  -Wall -Wno-format-y2k  -pthread -fopenmp -O2   -DNDEBUG -D_LARGEFILE_SOURCE -D_FILE_OFFSET_BITS=64 -D_LARGEFILE64_SOURCE   -D_MT -D_REENTRANT -D_THREAD_SAFE -I/root/blasttest/source_upload/ncbi-blast-2.5.0+-src_psiblastexb/c++/ReleaseMT/inc -I/root/blasttest/source_upload/ncbi-blast-2.5.0+-src_psiblastexb/c++/include  /root/blasttest/source_upload/ncbi-blast-2.5.0+-src_psiblastexb/c++/src/corelib/ncbifile.cpp -o ncbifile.o 
/opt/rh/devtoolset-2/root/usr/bin/g++  -std=gnu++11 -c  -Wall -Wno-format-y2k  -pthread -fopenmp -O2   -DNDEBUG -D_LARGEFILE_SOURCE -D_FILE_OFFSET_BITS=64 -D_LARGEFILE64_SOURCE   -D_MT -D_REENTRANT -D_THREAD_SAFE -I/root/blasttest/source_upload/ncbi-blast-2.5.0+-src_psiblastexb/c++/ReleaseMT/inc -I/root/blasttest/source_upload/ncbi-blast-2.5.0+-src_psiblastexb/c++/include  /root/blasttest/source_upload/ncbi-blast-2.5.0+-src_psiblastexb/c++/src/corelib/ncbimempool.cpp -o ncbimempool.o 
/opt/rh/devtoolset-2/root/usr/bin/g++  -std=gnu++11 -c  -Wall -Wno-format-y2k  -pthread -fopenmp -O2   -DNDEBUG -D_LARGEFILE_SOURCE -D_FILE_OFFSET_BITS=64 -D_LARGEFILE64_SOURCE   -D_MT -D_REENTRANT -D_THREAD_SAFE -I/root/blasttest/source_upload/ncbi-blast-2.5.0+-src_psiblastexb/c++/ReleaseMT/inc -I/root/blasttest/source_upload/ncbi-blast-2.5.0+-src_psiblastexb/c++/include  /root/blasttest/source_upload/ncbi-blast-2.5.0+-src_psiblastexb/c++/src/corelib/ncbimtx.cpp -o ncbimtx.o 
/opt/rh/devtoolset-2/root/usr/bin/g++  -std=gnu++11 -c  -Wall -Wno-format-y2k  -pthread -fopenmp -O2   -DNDEBUG -D_LARGEFILE_SOURCE -D_FILE_OFFSET_BITS=64 -D_LARGEFILE64_SOURCE   -D_MT -D_REENTRANT -D_THREAD_SAFE -I/root/blasttest/source_upload/ncbi-blast-2.5.0+-src_psiblastexb/c++/ReleaseMT/inc -I/root/blasttest/source_upload/ncbi-blast-2.5.0+-src_psiblastexb/c++/include  /root/blasttest/source_upload/ncbi-blast-2.5.0+-src_psiblastexb/c++/src/corelib/ncbiobj.cpp -o ncbiobj.o 
/opt/rh/devtoolset-2/root/usr/bin/g++  -std=gnu++11 -c  -Wall -Wno-format-y2k  -pthread -fopenmp -O2   -DNDEBUG -D_LARGEFILE_SOURCE -D_FILE_OFFSET_BITS=64 -D_LARGEFILE64_SOURCE   -D_MT -D_REENTRANT -D_THREAD_SAFE -I/root/blasttest/source_upload/ncbi-blast-2.5.0+-src_psiblastexb/c++/ReleaseMT/inc -I/root/blasttest/source_upload/ncbi-blast-2.5.0+-src_psiblastexb/c++/include  /root/blasttest/source_upload/ncbi-blast-2.5.0+-src_psiblastexb/c++/src/corelib/ncbireg.cpp -o ncbireg.o 
/opt/rh/devtoolset-2/root/usr/bin/g++  -std=gnu++11 -c  -Wall -Wno-format-y2k  -pthread -fopenmp -O2   -DNDEBUG -D_LARGEFILE_SOURCE -D_FILE_OFFSET_BITS=64 -D_LARGEFILE64_SOURCE   -D_MT -D_REENTRANT -D_THREAD_SAFE -I/root/blasttest/source_upload/ncbi-blast-2.5.0+-src_psiblastexb/c++/ReleaseMT/inc -I/root/blasttest/source_upload/ncbi-blast-2.5.0+-src_psiblastexb/c++/include  /root/blasttest/source_upload/ncbi-blast-2.5.0+-src_psiblastexb/c++/src/corelib/ncbistr.cpp -o ncbistr.o 
/opt/rh/devtoolset-2/root/usr/bin/g++  -std=gnu++11 -c  -Wall -Wno-format-y2k  -pthread -fopenmp -O2   -DNDEBUG -D_LARGEFILE_SOURCE -D_FILE_OFFSET_BITS=64 -D_LARGEFILE64_SOURCE   -D_MT -D_REENTRANT -D_THREAD_SAFE -I/root/blasttest/source_upload/ncbi-blast-2.5.0+-src_psiblastexb/c++/ReleaseMT/inc -I/root/blasttest/source_upload/ncbi-blast-2.5.0+-src_psiblastexb/c++/include  /root/blasttest/source_upload/ncbi-blast-2.5.0+-src_psiblastexb/c++/src/corelib/ncbistre.cpp -o ncbistre.o 
/opt/rh/devtoolset-2/root/usr/bin/g++  -std=gnu++11 -c  -Wall -Wno-format-y2k  -pthread -fopenmp -O2   -DNDEBUG -D_LARGEFILE_SOURCE -D_FILE_OFFSET_BITS=64 -D_LARGEFILE64_SOURCE   -D_MT -D_REENTRANT -D_THREAD_SAFE -I/root/blasttest/source_upload/ncbi-blast-2.5.0+-src_psiblastexb/c++/ReleaseMT/inc -I/root/blasttest/source_upload/ncbi-blast-2.5.0+-src_psiblastexb/c++/include  /root/blasttest/source_upload/ncbi-blast-2.5.0+-src_psiblastexb/c++/src/corelib/ncbithr.cpp -o ncbithr.o 
/opt/rh/devtoolset-2/root/usr/bin/g++  -std=gnu++11 -c  -Wall -Wno-format-y2k  -pthread -fopenmp -O2   -DNDEBUG -D_LARGEFILE_SOURCE -D_FILE_OFFSET_BITS=64 -D_LARGEFILE64_SOURCE   -D_MT -D_REENTRANT -D_THREAD_SAFE -I/root/blasttest/source_upload/ncbi-blast-2.5.0+-src_psiblastexb/c++/ReleaseMT/inc -I/root/blasttest/source_upload/ncbi-blast-2.5.0+-src_psiblastexb/c++/include  /root/blasttest/source_upload/ncbi-blast-2.5.0+-src_psiblastexb/c++/src/corelib/ncbitime.cpp -o ncbitime.o 
/opt/rh/devtoolset-2/root/usr/bin/g++  -std=gnu++11 -c  -Wall -Wno-format-y2k  -pthread -fopenmp -O2   -DNDEBUG -D_LARGEFILE_SOURCE -D_FILE_OFFSET_BITS=64 -D_LARGEFILE64_SOURCE   -D_MT -D_REENTRANT -D_THREAD_SAFE -I/root/blasttest/source_upload/ncbi-blast-2.5.0+-src_psiblastexb/c++/ReleaseMT/inc -I/root/blasttest/source_upload/ncbi-blast-2.5.0+-src_psiblastexb/c++/include  /root/blasttest/source_upload/ncbi-blast-2.5.0+-src_psiblastexb/c++/src/corelib/obj_store.cpp -o obj_store.o 
/opt/rh/devtoolset-2/root/usr/bin/g++  -std=gnu++11 -c  -Wall -Wno-format-y2k  -pthread -fopenmp -O2   -DNDEBUG -D_LARGEFILE_SOURCE -D_FILE_OFFSET_BITS=64 -D_LARGEFILE64_SOURCE   -D_MT -D_REENTRANT -D_THREAD_SAFE -I/root/blasttest/source_upload/ncbi-blast-2.5.0+-src_psiblastexb/c++/ReleaseMT/inc -I/root/blasttest/source_upload/ncbi-blast-2.5.0+-src_psiblastexb/c++/include  /root/blasttest/source_upload/ncbi-blast-2.5.0+-src_psiblastexb/c++/src/corelib/plugin_manager.cpp -o plugin_manager.o 
/opt/rh/devtoolset-2/root/usr/bin/g++  -std=gnu++11 -c  -Wall -Wno-format-y2k  -pthread -fopenmp -O2   -DNDEBUG -D_LARGEFILE_SOURCE -D_FILE_OFFSET_BITS=64 -D_LARGEFILE64_SOURCE   -D_MT -D_REENTRANT -D_THREAD_SAFE -I/root/blasttest/source_upload/ncbi-blast-2.5.0+-src_psiblastexb/c++/ReleaseMT/inc -I/root/blasttest/source_upload/ncbi-blast-2.5.0+-src_psiblastexb/c++/include  /root/blasttest/source_upload/ncbi-blast-2.5.0+-src_psiblastexb/c++/src/corelib/plugin_manager_store.cpp -o plugin_manager_store.o 
/opt/rh/devtoolset-2/root/usr/bin/g++  -std=gnu++11 -c  -Wall -Wno-format-y2k  -pthread -fopenmp -O2   -DNDEBUG -D_LARGEFILE_SOURCE -D_FILE_OFFSET_BITS=64 -D_LARGEFILE64_SOURCE   -D_MT -D_REENTRANT -D_THREAD_SAFE -I/root/blasttest/source_upload/ncbi-blast-2.5.0+-src_psiblastexb/c++/ReleaseMT/inc -I/root/blasttest/source_upload/ncbi-blast-2.5.0+-src_psiblastexb/c++/include  /root/blasttest/source_upload/ncbi-blast-2.5.0+-src_psiblastexb/c++/src/corelib/rwstreambuf.cpp -o rwstreambuf.o 
/opt/rh/devtoolset-2/root/usr/bin/g++  -std=gnu++11 -c  -Wall -Wno-format-y2k  -pthread -fopenmp -O2   -DNDEBUG -D_LARGEFILE_SOURCE -D_FILE_OFFSET_BITS=64 -D_LARGEFILE64_SOURCE   -D_MT -D_REENTRANT -D_THREAD_SAFE -I/root/blasttest/source_upload/ncbi-blast-2.5.0+-src_psiblastexb/c++/ReleaseMT/inc -I/root/blasttest/source_upload/ncbi-blast-2.5.0+-src_psiblastexb/c++/include  /root/blasttest/source_upload/ncbi-blast-2.5.0+-src_psiblastexb/c++/src/corelib/stream_utils.cpp -o stream_utils.o 
/opt/rh/devtoolset-2/root/usr/bin/g++  -std=gnu++11 -c  -Wall -Wno-format-y2k  -pthread -fopenmp -O2   -DNDEBUG -D_LARGEFILE_SOURCE -D_FILE_OFFSET_BITS=64 -D_LARGEFILE64_SOURCE   -D_MT -D_REENTRANT -D_THREAD_SAFE -I/root/blasttest/source_upload/ncbi-blast-2.5.0+-src_psiblastexb/c++/ReleaseMT/inc -I/root/blasttest/source_upload/ncbi-blast-2.5.0+-src_psiblastexb/c++/include  /root/blasttest/source_upload/ncbi-blast-2.5.0+-src_psiblastexb/c++/src/corelib/syslog.cpp -o syslog.o 
/opt/rh/devtoolset-2/root/usr/bin/g++  -std=gnu++11 -c  -Wall -Wno-format-y2k  -pthread -fopenmp -O2   -DNDEBUG -D_LARGEFILE_SOURCE -D_FILE_OFFSET_BITS=64 -D_LARGEFILE64_SOURCE   -D_MT -D_REENTRANT -D_THREAD_SAFE -I/root/blasttest/source_upload/ncbi-blast-2.5.0+-src_psiblastexb/c++/ReleaseMT/inc -I/root/blasttest/source_upload/ncbi-blast-2.5.0+-src_psiblastexb/c++/include  /root/blasttest/source_upload/ncbi-blast-2.5.0+-src_psiblastexb/c++/src/corelib/version.cpp -o version.o 
/opt/rh/devtoolset-2/root/usr/bin/g++  -std=gnu++11 -c  -Wall -Wno-format-y2k  -pthread -fopenmp -O2   -DNDEBUG -D_LARGEFILE_SOURCE -D_FILE_OFFSET_BITS=64 -D_LARGEFILE64_SOURCE   -D_MT -D_REENTRANT -D_THREAD_SAFE -I/root/blasttest/source_upload/ncbi-blast-2.5.0+-src_psiblastexb/c++/ReleaseMT/inc -I/root/blasttest/source_upload/ncbi-blast-2.5.0+-src_psiblastexb/c++/include  /root/blasttest/source_upload/ncbi-blast-2.5.0+-src_psiblastexb/c++/src/corelib/request_ctx.cpp -o request_ctx.o 
/opt/rh/devtoolset-2/root/usr/bin/g++  -std=gnu++11 -c  -Wall -Wno-format-y2k  -pthread -fopenmp -O2   -DNDEBUG -D_LARGEFILE_SOURCE -D_FILE_OFFSET_BITS=64 -D_LARGEFILE64_SOURCE   -D_MT -D_REENTRANT -D_THREAD_SAFE -I/root/blasttest/source_upload/ncbi-blast-2.5.0+-src_psiblastexb/c++/ReleaseMT/inc -I/root/blasttest/source_upload/ncbi-blast-2.5.0+-src_psiblastexb/c++/include  /root/blasttest/source_upload/ncbi-blast-2.5.0+-src_psiblastexb/c++/src/corelib/request_control.cpp -o request_control.o 
/opt/rh/devtoolset-2/root/usr/bin/g++  -std=gnu++11 -c  -Wall -Wno-format-y2k  -pthread -fopenmp -O2   -DNDEBUG -D_LARGEFILE_SOURCE -D_FILE_OFFSET_BITS=64 -D_LARGEFILE64_SOURCE   -D_MT -D_REENTRANT -D_THREAD_SAFE -I/root/blasttest/source_upload/ncbi-blast-2.5.0+-src_psiblastexb/c++/ReleaseMT/inc -I/root/blasttest/source_upload/ncbi-blast-2.5.0+-src_psiblastexb/c++/include  /root/blasttest/source_upload/ncbi-blast-2.5.0+-src_psiblastexb/c++/src/corelib/expr.cpp -o expr.o 
/opt/rh/devtoolset-2/root/usr/bin/gcc  -std=gnu11 -fgnu89-inline -c  -Wall -Wno-format-y2k  -pthread -fopenmp -O2     -DNDEBUG -D_LARGEFILE_SOURCE -D_FILE_OFFSET_BITS=64 -D_LARGEFILE64_SOURCE   -D_MT -D_REENTRANT -D_THREAD_SAFE -I/root/blasttest/source_upload/ncbi-blast-2.5.0+-src_psiblastexb/c++/ReleaseMT/inc -I/root/blasttest/source_upload/ncbi-blast-2.5.0+-src_psiblastexb/c++/include  /root/blasttest/source_upload/ncbi-blast-2.5.0+-src_psiblastexb/c++/src/corelib/ncbi_strings.c -o ncbi_strings.o 
/opt/rh/devtoolset-2/root/usr/bin/g++  -std=gnu++11 -c  -Wall -Wno-format-y2k  -pthread -fopenmp -O2   -DNDEBUG -D_LARGEFILE_SOURCE -D_FILE_OFFSET_BITS=64 -D_LARGEFILE64_SOURCE   -D_MT -D_REENTRANT -D_THREAD_SAFE -I/root/blasttest/source_upload/ncbi-blast-2.5.0+-src_psiblastexb/c++/ReleaseMT/inc -I/root/blasttest/source_upload/ncbi-blast-2.5.0+-src_psiblastexb/c++/include  /root/blasttest/source_upload/ncbi-blast-2.5.0+-src_psiblastexb/c++/src/corelib/resource_info.cpp -o resource_info.o 
/opt/rh/devtoolset-2/root/usr/bin/g++  -std=gnu++11 -c  -Wall -Wno-format-y2k  -pthread -fopenmp -O2   -DNDEBUG -D_LARGEFILE_SOURCE -D_FILE_OFFSET_BITS=64 -D_LARGEFILE64_SOURCE   -D_MT -D_REENTRANT -D_THREAD_SAFE -I/root/blasttest/source_upload/ncbi-blast-2.5.0+-src_psiblastexb/c++/ReleaseMT/inc -I/root/blasttest/source_upload/ncbi-blast-2.5.0+-src_psiblastexb/c++/include  /root/blasttest/source_upload/ncbi-blast-2.5.0+-src_psiblastexb/c++/src/corelib/interprocess_lock.cpp -o interprocess_lock.o 
/opt/rh/devtoolset-2/root/usr/bin/g++  -std=gnu++11 -c  -Wall -Wno-format-y2k  -pthread -fopenmp -O2   -DNDEBUG -D_LARGEFILE_SOURCE -D_FILE_OFFSET_BITS=64 -D_LARGEFILE64_SOURCE   -D_MT -D_REENTRANT -D_THREAD_SAFE -I/root/blasttest/source_upload/ncbi-blast-2.5.0+-src_psiblastexb/c++/ReleaseMT/inc -I/root/blasttest/source_upload/ncbi-blast-2.5.0+-src_psiblastexb/c++/include  /root/blasttest/source_upload/ncbi-blast-2.5.0+-src_psiblastexb/c++/src/corelib/ncbi_autoinit.cpp -o ncbi_autoinit.o 
/opt/rh/devtoolset-2/root/usr/bin/g++  -std=gnu++11 -c  -Wall -Wno-format-y2k  -pthread -fopenmp -O2   -DNDEBUG -D_LARGEFILE_SOURCE -D_FILE_OFFSET_BITS=64 -D_LARGEFILE64_SOURCE   -D_MT -D_REENTRANT -D_THREAD_SAFE -I/root/blasttest/source_upload/ncbi-blast-2.5.0+-src_psiblastexb/c++/ReleaseMT/inc -I/root/blasttest/source_upload/ncbi-blast-2.5.0+-src_psiblastexb/c++/include  /root/blasttest/source_upload/ncbi-blast-2.5.0+-src_psiblastexb/c++/src/corelib/perf_log.cpp -o perf_log.o 
/opt/rh/devtoolset-2/root/usr/bin/g++  -std=gnu++11 -c  -Wall -Wno-format-y2k  -pthread -fopenmp -O2   -DNDEBUG -D_LARGEFILE_SOURCE -D_FILE_OFFSET_BITS=64 -D_LARGEFILE64_SOURCE   -D_MT -D_REENTRANT -D_THREAD_SAFE -I/root/blasttest/source_upload/ncbi-blast-2.5.0+-src_psiblastexb/c++/ReleaseMT/inc -I/root/blasttest/source_upload/ncbi-blast-2.5.0+-src_psiblastexb/c++/include  /root/blasttest/source_upload/ncbi-blast-2.5.0+-src_psiblastexb/c++/src/corelib/ncbi_toolkit.cpp -o ncbi_toolkit.o 
/opt/rh/devtoolset-2/root/usr/bin/g++  -std=gnu++11 -c  -Wall -Wno-format-y2k  -pthread -fopenmp -O2   -DNDEBUG -D_LARGEFILE_SOURCE -D_FILE_OFFSET_BITS=64 -D_LARGEFILE64_SOURCE   -D_MT -D_REENTRANT -D_THREAD_SAFE -I/root/blasttest/source_upload/ncbi-blast-2.5.0+-src_psiblastexb/c++/ReleaseMT/inc -I/root/blasttest/source_upload/ncbi-blast-2.5.0+-src_psiblastexb/c++/include  /root/blasttest/source_upload/ncbi-blast-2.5.0+-src_psiblastexb/c++/src/corelib/ncbierror.cpp -o ncbierror.o 
/opt/rh/devtoolset-2/root/usr/bin/g++  -std=gnu++11 -c  -Wall -Wno-format-y2k  -pthread -fopenmp -O2   -DNDEBUG -D_LARGEFILE_SOURCE -D_FILE_OFFSET_BITS=64 -D_LARGEFILE64_SOURCE   -D_MT -D_REENTRANT -D_THREAD_SAFE -I/root/blasttest/source_upload/ncbi-blast-2.5.0+-src_psiblastexb/c++/ReleaseMT/inc -I/root/blasttest/source_upload/ncbi-blast-2.5.0+-src_psiblastexb/c++/include  /root/blasttest/source_upload/ncbi-blast-2.5.0+-src_psiblastexb/c++/src/corelib/ncbi_url.cpp -o ncbi_url.o 
/opt/rh/devtoolset-2/root/usr/bin/g++  -std=gnu++11 -c  -Wall -Wno-format-y2k  -pthread -fopenmp -O2   -DNDEBUG -D_LARGEFILE_SOURCE -D_FILE_OFFSET_BITS=64 -D_LARGEFILE64_SOURCE   -D_MT -D_REENTRANT -D_THREAD_SAFE -I/root/blasttest/source_upload/ncbi-blast-2.5.0+-src_psiblastexb/c++/ReleaseMT/inc -I/root/blasttest/source_upload/ncbi-blast-2.5.0+-src_psiblastexb/c++/include  /root/blasttest/source_upload/ncbi-blast-2.5.0+-src_psiblastexb/c++/src/corelib/ncbi_cookies.cpp -o ncbi_cookies.o 
/opt/rh/devtoolset-2/root/usr/bin/g++  -std=gnu++11 -c  -Wall -Wno-format-y2k  -pthread -fopenmp -O2   -DNDEBUG -D_LARGEFILE_SOURCE -D_FILE_OFFSET_BITS=64 -D_LARGEFILE64_SOURCE   -D_MT -D_REENTRANT -D_THREAD_SAFE -I/root/blasttest/source_upload/ncbi-blast-2.5.0+-src_psiblastexb/c++/ReleaseMT/inc -I/root/blasttest/source_upload/ncbi-blast-2.5.0+-src_psiblastexb/c++/include  /root/blasttest/source_upload/ncbi-blast-2.5.0+-src_psiblastexb/c++/src/corelib/guard.cpp -o guard.o 
/opt/rh/devtoolset-2/root/usr/bin/g++  -std=gnu++11 -c  -Wall -Wno-format-y2k  -pthread -fopenmp -O2   -DNDEBUG -D_LARGEFILE_SOURCE -D_FILE_OFFSET_BITS=64 -D_LARGEFILE64_SOURCE   -D_MT -D_REENTRANT -D_THREAD_SAFE -I/root/blasttest/source_upload/ncbi-blast-2.5.0+-src_psiblastexb/c++/ReleaseMT/inc -I/root/blasttest/source_upload/ncbi-blast-2.5.0+-src_psiblastexb/c++/include  /root/blasttest/source_upload/ncbi-blast-2.5.0+-src_psiblastexb/c++/src/corelib/ncbi_message.cpp -o ncbi_message.o 
/bin/rm -f libxncbi.a .libxncbi.a.stamp
ar cr libxncbi.a ncbi_os_unix.o blob_storage.o ddumpable.o env_reg.o metareg.o ncbi_config.o ncbi_param.o ncbi_process.o ncbi_safe_static.o ncbi_signal.o ncbi_stack.o ncbi_system.o ncbiapp.o ncbiargs.o ncbiatomic.o ncbicfg.o ncbidbg.o ncbidiag.o ncbidiag_p.o ncbidll.o ncbienv.o ncbiexec.o ncbiexpt.o ncbifile.o ncbimempool.o ncbimtx.o ncbiobj.o ncbireg.o ncbistr.o ncbistre.o ncbithr.o ncbitime.o obj_store.o plugin_manager.o plugin_manager_store.o rwstreambuf.o stream_utils.o syslog.o version.o request_ctx.o request_control.o expr.o ncbi_strings.o resource_info.o interprocess_lock.o ncbi_autoinit.o perf_log.o ncbi_toolkit.o ncbierror.o ncbi_url.o ncbi_cookies.o guard.o ncbi_message.o  
/bin/sh /root/blasttest/source_upload/ncbi-blast-2.5.0+-src_psiblastexb/c++/scripts/common/impl/if_diff.sh /bin/ln -f libxncbi.a /root/blasttest/source_upload/ncbi-blast-2.5.0+-src_psiblastexb/c++/ReleaseMT/lib
/bin/ln -f libxncbi.a /root/blasttest/source_upload/ncbi-blast-2.5.0+-src_psiblastexb/c++/ReleaseMT/lib/libxncbi.a
/bin/ln -f .xncbi.dep /root/blasttest/source_upload/ncbi-blast-2.5.0+-src_psiblastexb/c++/ReleaseMT/status/.xncbi.dep
make[3]: ディレクトリ `/root/blasttest/source_upload/ncbi-blast-2.5.0+-src_psiblastexb/c++/ReleaseMT/build/corelib' から出ます
