make[5]: ディレクトリ `/root/blasttest/source_upload/ncbi-blast-2.5.0+-src_psiblastexb/c++/ReleaseMT/build/util/compress/bzip2' に入ります
Updating dependency information for /root/blasttest/source_upload/ncbi-blast-2.5.0+-src_psiblastexb/c++/src/util/compress/bzip2/bzlib.c.
Updating dependency information for /root/blasttest/source_upload/ncbi-blast-2.5.0+-src_psiblastexb/c++/src/util/compress/bzip2/decompress.c.
Updating dependency information for /root/blasttest/source_upload/ncbi-blast-2.5.0+-src_psiblastexb/c++/src/util/compress/bzip2/ncbi_bz2_compress.c.
Updating dependency information for /root/blasttest/source_upload/ncbi-blast-2.5.0+-src_psiblastexb/c++/src/util/compress/bzip2/randtable.c.
Updating dependency information for /root/blasttest/source_upload/ncbi-blast-2.5.0+-src_psiblastexb/c++/src/util/compress/bzip2/crctable.c.
Updating dependency information for /root/blasttest/source_upload/ncbi-blast-2.5.0+-src_psiblastexb/c++/src/util/compress/bzip2/huffman.c.
Updating dependency information for /root/blasttest/source_upload/ncbi-blast-2.5.0+-src_psiblastexb/c++/src/util/compress/bzip2/blocksort.c.
make[5]: ディレクトリ `/root/blasttest/source_upload/ncbi-blast-2.5.0+-src_psiblastexb/c++/ReleaseMT/build/util/compress/bzip2' から出ます
make[5]: ディレクトリ `/root/blasttest/source_upload/ncbi-blast-2.5.0+-src_psiblastexb/c++/ReleaseMT/build/util/compress/bzip2' に入ります
/opt/rh/devtoolset-2/root/usr/bin/gcc  -std=gnu11 -fgnu89-inline -c  -Wall -Wno-format-y2k  -pthread -fopenmp   -O3 -finline-functions -fstrict-aliasing -fomit-frame-pointer    -DNDEBUG -D_LARGEFILE_SOURCE -D_FILE_OFFSET_BITS=64 -D_LARGEFILE64_SOURCE   -D_MT -D_REENTRANT -D_THREAD_SAFE -I/root/blasttest/source_upload/ncbi-blast-2.5.0+-src_psiblastexb/c++/ReleaseMT/inc -I/root/blasttest/source_upload/ncbi-blast-2.5.0+-src_psiblastexb/c++/include  -I/root/blasttest/source_upload/ncbi-blast-2.5.0+-src_psiblastexb/c++/include/util/compress/bzip2 /root/blasttest/source_upload/ncbi-blast-2.5.0+-src_psiblastexb/c++/src/util/compress/bzip2/blocksort.c -o blocksort.o 
/opt/rh/devtoolset-2/root/usr/bin/gcc  -std=gnu11 -fgnu89-inline -c  -Wall -Wno-format-y2k  -pthread -fopenmp   -O3 -finline-functions -fstrict-aliasing -fomit-frame-pointer    -DNDEBUG -D_LARGEFILE_SOURCE -D_FILE_OFFSET_BITS=64 -D_LARGEFILE64_SOURCE   -D_MT -D_REENTRANT -D_THREAD_SAFE -I/root/blasttest/source_upload/ncbi-blast-2.5.0+-src_psiblastexb/c++/ReleaseMT/inc -I/root/blasttest/source_upload/ncbi-blast-2.5.0+-src_psiblastexb/c++/include  -I/root/blasttest/source_upload/ncbi-blast-2.5.0+-src_psiblastexb/c++/include/util/compress/bzip2 /root/blasttest/source_upload/ncbi-blast-2.5.0+-src_psiblastexb/c++/src/util/compress/bzip2/huffman.c -o huffman.o 
/opt/rh/devtoolset-2/root/usr/bin/gcc  -std=gnu11 -fgnu89-inline -c  -Wall -Wno-format-y2k  -pthread -fopenmp   -O3 -finline-functions -fstrict-aliasing -fomit-frame-pointer    -DNDEBUG -D_LARGEFILE_SOURCE -D_FILE_OFFSET_BITS=64 -D_LARGEFILE64_SOURCE   -D_MT -D_REENTRANT -D_THREAD_SAFE -I/root/blasttest/source_upload/ncbi-blast-2.5.0+-src_psiblastexb/c++/ReleaseMT/inc -I/root/blasttest/source_upload/ncbi-blast-2.5.0+-src_psiblastexb/c++/include  -I/root/blasttest/source_upload/ncbi-blast-2.5.0+-src_psiblastexb/c++/include/util/compress/bzip2 /root/blasttest/source_upload/ncbi-blast-2.5.0+-src_psiblastexb/c++/src/util/compress/bzip2/crctable.c -o crctable.o 
/opt/rh/devtoolset-2/root/usr/bin/gcc  -std=gnu11 -fgnu89-inline -c  -Wall -Wno-format-y2k  -pthread -fopenmp   -O3 -finline-functions -fstrict-aliasing -fomit-frame-pointer    -DNDEBUG -D_LARGEFILE_SOURCE -D_FILE_OFFSET_BITS=64 -D_LARGEFILE64_SOURCE   -D_MT -D_REENTRANT -D_THREAD_SAFE -I/root/blasttest/source_upload/ncbi-blast-2.5.0+-src_psiblastexb/c++/ReleaseMT/inc -I/root/blasttest/source_upload/ncbi-blast-2.5.0+-src_psiblastexb/c++/include  -I/root/blasttest/source_upload/ncbi-blast-2.5.0+-src_psiblastexb/c++/include/util/compress/bzip2 /root/blasttest/source_upload/ncbi-blast-2.5.0+-src_psiblastexb/c++/src/util/compress/bzip2/randtable.c -o randtable.o 
/opt/rh/devtoolset-2/root/usr/bin/gcc  -std=gnu11 -fgnu89-inline -c  -Wall -Wno-format-y2k  -pthread -fopenmp   -O3 -finline-functions -fstrict-aliasing -fomit-frame-pointer    -DNDEBUG -D_LARGEFILE_SOURCE -D_FILE_OFFSET_BITS=64 -D_LARGEFILE64_SOURCE   -D_MT -D_REENTRANT -D_THREAD_SAFE -I/root/blasttest/source_upload/ncbi-blast-2.5.0+-src_psiblastexb/c++/ReleaseMT/inc -I/root/blasttest/source_upload/ncbi-blast-2.5.0+-src_psiblastexb/c++/include  -I/root/blasttest/source_upload/ncbi-blast-2.5.0+-src_psiblastexb/c++/include/util/compress/bzip2 /root/blasttest/source_upload/ncbi-blast-2.5.0+-src_psiblastexb/c++/src/util/compress/bzip2/ncbi_bz2_compress.c -o ncbi_bz2_compress.o 
press/bzip2/ncbi_bz2_compress.c:pressBlockpress/bzip2/ncbi_bz2_compress.c:401:25:ay be used uninitialized in this function [-Wmaybe-uninitialized]
             if (cost[t] < bc) { bc = cost[t]; bt = t; };
press/bzip2/ncbi_bz2_compress.c:256:11:press/bzip2/ncbi_bz2_compress.c:391:54:ay be used uninitialized in this function [-Wmaybe-uninitialized]
                for (t = 0; t < nGroups; t++) cost[t] += s->len[t][icv];
press/bzip2/ncbi_bz2_compress.c:256:11:press/bzip2/ncbi_bz2_compress.c:391:54:ay be used uninitialized in this function [-Wmaybe-uninitialized]
                for (t = 0; t < nGroups; t++) cost[t] += s->len[t][icv];
press/bzip2/ncbi_bz2_compress.c:256:11:press/bzip2/ncbi_bz2_compress.c:391:54:ay be used uninitialized in this function [-Wmaybe-uninitialized]
                for (t = 0; t < nGroups; t++) cost[t] += s->len[t][icv];
press/bzip2/ncbi_bz2_compress.c:256:11:/opt/rh/devtoolset-2/root/usr/bin/gcc  -std=gnu11 -fgnu89-inline -c  -Wall -Wno-format-y2k  -pthread -fopenmp   -O3 -finline-functions -fstrict-aliasing -fomit-frame-pointer    -DNDEBUG -D_LARGEFILE_SOURCE -D_FILE_OFFSET_BITS=64 -D_LARGEFILE64_SOURCE   -D_MT -D_REENTRANT -D_THREAD_SAFE -I/root/blasttest/source_upload/ncbi-blast-2.5.0+-src_psiblastexb/c++/ReleaseMT/inc -I/root/blasttest/source_upload/ncbi-blast-2.5.0+-src_psiblastexb/c++/include  -I/root/blasttest/source_upload/ncbi-blast-2.5.0+-src_psiblastexb/c++/include/util/compress/bzip2 /root/blasttest/source_upload/ncbi-blast-2.5.0+-src_psiblastexb/c++/src/util/compress/bzip2/decompress.c -o decompress.o 
/opt/rh/devtoolset-2/root/usr/bin/gcc  -std=gnu11 -fgnu89-inline -c  -Wall -Wno-format-y2k  -pthread -fopenmp   -O3 -finline-functions -fstrict-aliasing -fomit-frame-pointer    -DNDEBUG -D_LARGEFILE_SOURCE -D_FILE_OFFSET_BITS=64 -D_LARGEFILE64_SOURCE   -D_MT -D_REENTRANT -D_THREAD_SAFE -I/root/blasttest/source_upload/ncbi-blast-2.5.0+-src_psiblastexb/c++/ReleaseMT/inc -I/root/blasttest/source_upload/ncbi-blast-2.5.0+-src_psiblastexb/c++/include  -I/root/blasttest/source_upload/ncbi-blast-2.5.0+-src_psiblastexb/c++/include/util/compress/bzip2 /root/blasttest/source_upload/ncbi-blast-2.5.0+-src_psiblastexb/c++/src/util/compress/bzip2/bzlib.c -o bzlib.o 
/bin/rm -f libbz2.a .libbz2.a.stamp
ar cr libbz2.a blocksort.o huffman.o crctable.o randtable.o ncbi_bz2_compress.o decompress.o bzlib.o  
/bin/sh /root/blasttest/source_upload/ncbi-blast-2.5.0+-src_psiblastexb/c++/scripts/common/impl/if_diff.sh /bin/ln -f libbz2.a /root/blasttest/source_upload/ncbi-blast-2.5.0+-src_psiblastexb/c++/ReleaseMT/lib
/bin/ln -f libbz2.a /root/blasttest/source_upload/ncbi-blast-2.5.0+-src_psiblastexb/c++/ReleaseMT/lib/libbz2.a
/bin/ln -f .bz2.dep /root/blasttest/source_upload/ncbi-blast-2.5.0+-src_psiblastexb/c++/ReleaseMT/status/.bz2.dep
make[5]: ディレクトリ `/root/blasttest/source_upload/ncbi-blast-2.5.0+-src_psiblastexb/c++/ReleaseMT/build/util/compress/bzip2' から出ます
