make[5]: ディレクトリ `/root/blasttest/source_upload/ncbi-blast-2.5.0+-src/c++/ReleaseMT/build/algo/blast/format' に入ります
Updating dependency information for /root/blasttest/source_upload/ncbi-blast-2.5.0+-src/c++/src/algo/blast/format/sam.cpp.
Updating dependency information for /root/blasttest/source_upload/ncbi-blast-2.5.0+-src/c++/src/algo/blast/format/vecscreen_run.cpp.
Updating dependency information for /root/blasttest/source_upload/ncbi-blast-2.5.0+-src/c++/src/algo/blast/format/build_archive.cpp.
Updating dependency information for /root/blasttest/source_upload/ncbi-blast-2.5.0+-src/c++/src/algo/blast/format/data4xml2format.cpp.
Updating dependency information for /root/blasttest/source_upload/ncbi-blast-2.5.0+-src/c++/src/algo/blast/format/data4xmlformat.cpp.
Updating dependency information for /root/blasttest/source_upload/ncbi-blast-2.5.0+-src/c++/src/algo/blast/format/blast_format.cpp.
Updating dependency information for /root/blasttest/source_upload/ncbi-blast-2.5.0+-src/c++/src/algo/blast/format/blastxml2_format.cpp.
Updating dependency information for /root/blasttest/source_upload/ncbi-blast-2.5.0+-src/c++/src/algo/blast/format/blastxml_format.cpp.
Updating dependency information for /root/blasttest/source_upload/ncbi-blast-2.5.0+-src/c++/src/algo/blast/format/blastfmtutil.cpp.
make[5]: ディレクトリ `/root/blasttest/source_upload/ncbi-blast-2.5.0+-src/c++/ReleaseMT/build/algo/blast/format' から出ます
make[5]: ディレクトリ `/root/blasttest/source_upload/ncbi-blast-2.5.0+-src/c++/ReleaseMT/build/algo/blast/format' に入ります
/opt/rh/devtoolset-2/root/usr/bin/g++  -std=gnu++11 -c  -Wall -Wno-format-y2k  -pthread -fopenmp -O2   -DNCBI_MODULE=BLASTFORMAT -DNDEBUG -D_LARGEFILE_SOURCE -D_FILE_OFFSET_BITS=64 -D_LARGEFILE64_SOURCE   -D_MT -D_REENTRANT -D_THREAD_SAFE -I/root/blasttest/source_upload/ncbi-blast-2.5.0+-src/c++/ReleaseMT/inc -I/root/blasttest/source_upload/ncbi-blast-2.5.0+-src/c++/include  /root/blasttest/source_upload/ncbi-blast-2.5.0+-src/c++/src/algo/blast/format/blastfmtutil.cpp -o blastfmtutil.o 
/opt/rh/devtoolset-2/root/usr/bin/g++  -std=gnu++11 -c  -Wall -Wno-format-y2k  -pthread -fopenmp -O2   -DNCBI_MODULE=BLASTFORMAT -DNDEBUG -D_LARGEFILE_SOURCE -D_FILE_OFFSET_BITS=64 -D_LARGEFILE64_SOURCE   -D_MT -D_REENTRANT -D_THREAD_SAFE -I/root/blasttest/source_upload/ncbi-blast-2.5.0+-src/c++/ReleaseMT/inc -I/root/blasttest/source_upload/ncbi-blast-2.5.0+-src/c++/include  /root/blasttest/source_upload/ncbi-blast-2.5.0+-src/c++/src/algo/blast/format/blastxml_format.cpp -o blastxml_format.o 
at/blastxml_format.cpp:attingMatrix*, const ncbi::TMaskedQueryRegions*, bool, int, int, ncbi::CNcbiOstream*)at/blastxml_format.cpp:501:86:Xml::CObjectOStreamXml(ncbi::CNcbiOstream&, bool)l.hpp:66Xml> xml_one_hit_os (new CObjectOStreamXml (one_hit_os,false));
at/blastxml_format.cpp:at/blastxml_format.cpp:785:89:Xml::CObjectOStreamXml(ncbi::CNcbiOstream&, bool)l.hpp:66Xml> xml_one_iter_os(new CObjectOStreamXml (one_iter_ss_os,false));
/opt/rh/devtoolset-2/root/usr/bin/g++  -std=gnu++11 -c  -Wall -Wno-format-y2k  -pthread -fopenmp -O2   -DNCBI_MODULE=BLASTFORMAT -DNDEBUG -D_LARGEFILE_SOURCE -D_FILE_OFFSET_BITS=64 -D_LARGEFILE64_SOURCE   -D_MT -D_REENTRANT -D_THREAD_SAFE -I/root/blasttest/source_upload/ncbi-blast-2.5.0+-src/c++/ReleaseMT/inc -I/root/blasttest/source_upload/ncbi-blast-2.5.0+-src/c++/include  /root/blasttest/source_upload/ncbi-blast-2.5.0+-src/c++/src/algo/blast/format/blastxml2_format.cpp -o blastxml2_format.o 
/opt/rh/devtoolset-2/root/usr/bin/g++  -std=gnu++11 -c  -Wall -Wno-format-y2k  -pthread -fopenmp -O2   -DNCBI_MODULE=BLASTFORMAT -DNDEBUG -D_LARGEFILE_SOURCE -D_FILE_OFFSET_BITS=64 -D_LARGEFILE64_SOURCE   -D_MT -D_REENTRANT -D_THREAD_SAFE -I/root/blasttest/source_upload/ncbi-blast-2.5.0+-src/c++/ReleaseMT/inc -I/root/blasttest/source_upload/ncbi-blast-2.5.0+-src/c++/include  /root/blasttest/source_upload/ncbi-blast-2.5.0+-src/c++/src/algo/blast/format/blast_format.cpp -o blast_format.o 
 at/blast_format.cpp:49:0at/data4xmlformat.hpp:ember function ‘dLineBlastXMLReportData::GetFilterString() constat/data4xmlformat.hpp:155:39:_Options.GetFilterString(); /* NCBI_FAKE_WARNING */
 at/blast_format.cpp:51:0at/data4xml2format.hpp:ember function ‘dLineBlastXML2ReportData::GetFilterString() constat/data4xml2format.hpp:140:40:_Options->GetFilterString(); /* NCBI_FAKE_WARNING */
at/blast_format.cpp:ember function ‘at::x_SplitSeqAlign(ncbi::CConstRef<ncbi::objects::CSeq_align_set>, ncbi::objects::CSeq_align_set&, ncbi::objects::CSeq_align_set&, ncbi::blast::CPsiBlastIterationState::TSeqIds&)at/blast_format.cpp:505:21:parison between signed and unsigned integer expressions [-Wsign-compare]
         if(count >= m_NumSummary)
/opt/rh/devtoolset-2/root/usr/bin/g++  -std=gnu++11 -c  -Wall -Wno-format-y2k  -pthread -fopenmp -O2   -DNCBI_MODULE=BLASTFORMAT -DNDEBUG -D_LARGEFILE_SOURCE -D_FILE_OFFSET_BITS=64 -D_LARGEFILE64_SOURCE   -D_MT -D_REENTRANT -D_THREAD_SAFE -I/root/blasttest/source_upload/ncbi-blast-2.5.0+-src/c++/ReleaseMT/inc -I/root/blasttest/source_upload/ncbi-blast-2.5.0+-src/c++/include  /root/blasttest/source_upload/ncbi-blast-2.5.0+-src/c++/src/algo/blast/format/data4xmlformat.cpp -o data4xmlformat.o 
 at/data4xmlformat.cpp:37:0at/data4xmlformat.hpp:ember function ‘dLineBlastXMLReportData::GetFilterString() constat/data4xmlformat.hpp:155:39:_Options.GetFilterString(); /* NCBI_FAKE_WARNING */
/opt/rh/devtoolset-2/root/usr/bin/g++  -std=gnu++11 -c  -Wall -Wno-format-y2k  -pthread -fopenmp -O2   -DNCBI_MODULE=BLASTFORMAT -DNDEBUG -D_LARGEFILE_SOURCE -D_FILE_OFFSET_BITS=64 -D_LARGEFILE64_SOURCE   -D_MT -D_REENTRANT -D_THREAD_SAFE -I/root/blasttest/source_upload/ncbi-blast-2.5.0+-src/c++/ReleaseMT/inc -I/root/blasttest/source_upload/ncbi-blast-2.5.0+-src/c++/include  /root/blasttest/source_upload/ncbi-blast-2.5.0+-src/c++/src/algo/blast/format/data4xml2format.cpp -o data4xml2format.o 
 at/data4xml2format.cpp:36:0at/data4xml2format.hpp:ember function ‘dLineBlastXML2ReportData::GetFilterString() constat/data4xml2format.hpp:140:40:_Options->GetFilterString(); /* NCBI_FAKE_WARNING */
/opt/rh/devtoolset-2/root/usr/bin/g++  -std=gnu++11 -c  -Wall -Wno-format-y2k  -pthread -fopenmp -O2   -DNCBI_MODULE=BLASTFORMAT -DNDEBUG -D_LARGEFILE_SOURCE -D_FILE_OFFSET_BITS=64 -D_LARGEFILE64_SOURCE   -D_MT -D_REENTRANT -D_THREAD_SAFE -I/root/blasttest/source_upload/ncbi-blast-2.5.0+-src/c++/ReleaseMT/inc -I/root/blasttest/source_upload/ncbi-blast-2.5.0+-src/c++/include  /root/blasttest/source_upload/ncbi-blast-2.5.0+-src/c++/src/algo/blast/format/build_archive.cpp -o build_archive.o 
/opt/rh/devtoolset-2/root/usr/bin/g++  -std=gnu++11 -c  -Wall -Wno-format-y2k  -pthread -fopenmp -O2   -DNCBI_MODULE=BLASTFORMAT -DNDEBUG -D_LARGEFILE_SOURCE -D_FILE_OFFSET_BITS=64 -D_LARGEFILE64_SOURCE   -D_MT -D_REENTRANT -D_THREAD_SAFE -I/root/blasttest/source_upload/ncbi-blast-2.5.0+-src/c++/ReleaseMT/inc -I/root/blasttest/source_upload/ncbi-blast-2.5.0+-src/c++/include  /root/blasttest/source_upload/ncbi-blast-2.5.0+-src/c++/src/algo/blast/format/vecscreen_run.cpp -o vecscreen_run.o 
/opt/rh/devtoolset-2/root/usr/bin/g++  -std=gnu++11 -c  -Wall -Wno-format-y2k  -pthread -fopenmp -O2   -DNCBI_MODULE=BLASTFORMAT -DNDEBUG -D_LARGEFILE_SOURCE -D_FILE_OFFSET_BITS=64 -D_LARGEFILE64_SOURCE   -D_MT -D_REENTRANT -D_THREAD_SAFE -I/root/blasttest/source_upload/ncbi-blast-2.5.0+-src/c++/ReleaseMT/inc -I/root/blasttest/source_upload/ncbi-blast-2.5.0+-src/c++/include  /root/blasttest/source_upload/ncbi-blast-2.5.0+-src/c++/src/algo/blast/format/sam.cpp -o sam.o 
/bin/rm -f libxblastformat.a .libxblastformat.a.stamp
ar cr libxblastformat.a blastfmtutil.o blastxml_format.o blastxml2_format.o blast_format.o data4xmlformat.o data4xml2format.o build_archive.o vecscreen_run.o sam.o  
/bin/sh /root/blasttest/source_upload/ncbi-blast-2.5.0+-src/c++/scripts/common/impl/if_diff.sh /bin/ln -f libxblastformat.a /root/blasttest/source_upload/ncbi-blast-2.5.0+-src/c++/ReleaseMT/lib
/bin/ln -f libxblastformat.a /root/blasttest/source_upload/ncbi-blast-2.5.0+-src/c++/ReleaseMT/lib/libxblastformat.a
/bin/ln -f .xblastformat.dep /root/blasttest/source_upload/ncbi-blast-2.5.0+-src/c++/ReleaseMT/status/.xblastformat.dep
make[5]: ディレクトリ `/root/blasttest/source_upload/ncbi-blast-2.5.0+-src/c++/ReleaseMT/build/algo/blast/format' から出ます
