make[5]: ディレクトリ `/root/blasttest/source_upload/ncbi-blast-2.5.0+-src/c++/ReleaseMT/build/objects/seq' に入ります
status=0 ; \
	MAKE="/usr/bin/make -w"; \
	export MAKE; \
	for x in seqalign seqblock seqfeat seqloc seqres seqtable; do \
	    d=/root/blasttest/source_upload/ncbi-blast-2.5.0+-src/c++/src/objects/seq/../$x ; \
	    (cd $d  &&  /root/blasttest/source_upload/ncbi-blast-2.5.0+-src/c++/ReleaseMT/build/new_module.sh) || status=9 ; \
	    test -f ${x}__.cpp  ||  \
	        echo "#include \"../$x/${x}__.cpp\""  > ${x}__.cpp ; \
	    test -f ${x}___.cpp  ||  \
	        echo "#include \"../$x/${x}___.cpp\"" > ${x}___.cpp ; \
	done ; \
	exit $status
/usr/bin/make -w -f /root/blasttest/source_upload/ncbi-blast-2.5.0+-src/c++/src/build-system/Makefile.module MODULE=seqalign MODULE_PATH=objects/seqalign MODULE_ASN=seqalign.asn MODULE_IMPORT='objects/general/general objects/biblio/biblio objects/medline/medline objects/seqloc/seqloc' IMPDEPS='/root/blasttest/source_upload/ncbi-blast-2.5.0+-src/c++/src/objects/general/general.asn /root/blasttest/source_upload/ncbi-blast-2.5.0+-src/c++/src/objects/biblio/biblio.asn /root/blasttest/source_upload/ncbi-blast-2.5.0+-src/c++/src/objects/medline/medline.asn /root/blasttest/source_upload/ncbi-blast-2.5.0+-src/c++/src/objects/seqloc/seqloc.asn' IMPFILES='objects/general/general.asn objects/biblio/biblio.asn objects/medline/medline.asn objects/seqloc/seqloc.asn' top_srcdir=/root/blasttest/source_upload/ncbi-blast-2.5.0+-src/c++ DATATOOL=/root/blasttest/source_upload/ncbi-blast-2.5.0+-src/c++/ReleaseMT/bin/datatool MODULE_SEARCH=/root/blasttest/source_upload/ncbi-blast-2.5.0+-src/c++/src
make[6]: ディレクトリ `/root/blasttest/source_upload/ncbi-blast-2.5.0+-src/c++/src/objects/seqalign' に入ります
make[6]: `all' に対して行うべき事はありません.
make[6]: ディレクトリ `/root/blasttest/source_upload/ncbi-blast-2.5.0+-src/c++/src/objects/seqalign' から出ます
/usr/bin/make -w -f /root/blasttest/source_upload/ncbi-blast-2.5.0+-src/c++/src/build-system/Makefile.module MODULE=seqblock MODULE_PATH=objects/seqblock MODULE_ASN=seqblock.asn MODULE_IMPORT='objects/general/general objects/biblio/biblio objects/medline/medline objects/seqloc/seqloc' IMPDEPS='/root/blasttest/source_upload/ncbi-blast-2.5.0+-src/c++/src/objects/general/general.asn /root/blasttest/source_upload/ncbi-blast-2.5.0+-src/c++/src/objects/biblio/biblio.asn /root/blasttest/source_upload/ncbi-blast-2.5.0+-src/c++/src/objects/medline/medline.asn /root/blasttest/source_upload/ncbi-blast-2.5.0+-src/c++/src/objects/seqloc/seqloc.asn' IMPFILES='objects/general/general.asn objects/biblio/biblio.asn objects/medline/medline.asn objects/seqloc/seqloc.asn' top_srcdir=/root/blasttest/source_upload/ncbi-blast-2.5.0+-src/c++ DATATOOL=/root/blasttest/source_upload/ncbi-blast-2.5.0+-src/c++/ReleaseMT/bin/datatool MODULE_SEARCH=/root/blasttest/source_upload/ncbi-blast-2.5.0+-src/c++/src
make[6]: ディレクトリ `/root/blasttest/source_upload/ncbi-blast-2.5.0+-src/c++/src/objects/seqblock' に入ります
make[6]: `all' に対して行うべき事はありません.
make[6]: ディレクトリ `/root/blasttest/source_upload/ncbi-blast-2.5.0+-src/c++/src/objects/seqblock' から出ます
/usr/bin/make -w -f /root/blasttest/source_upload/ncbi-blast-2.5.0+-src/c++/src/build-system/Makefile.module MODULE=seqfeat MODULE_PATH=objects/seqfeat MODULE_ASN=seqfeat.asn MODULE_IMPORT='objects/general/general objects/biblio/biblio objects/medline/medline objects/pub/pub objects/seqloc/seqloc objects/seq/seq' IMPDEPS='/root/blasttest/source_upload/ncbi-blast-2.5.0+-src/c++/src/objects/general/general.asn /root/blasttest/source_upload/ncbi-blast-2.5.0+-src/c++/src/objects/biblio/biblio.asn /root/blasttest/source_upload/ncbi-blast-2.5.0+-src/c++/src/objects/medline/medline.asn /root/blasttest/source_upload/ncbi-blast-2.5.0+-src/c++/src/objects/pub/pub.asn /root/blasttest/source_upload/ncbi-blast-2.5.0+-src/c++/src/objects/seqloc/seqloc.asn /root/blasttest/source_upload/ncbi-blast-2.5.0+-src/c++/src/objects/seq/seq.asn' IMPFILES='objects/general/general.asn objects/biblio/biblio.asn objects/medline/medline.asn objects/pub/pub.asn objects/seqloc/seqloc.asn objects/seq/seq.asn' top_srcdir=/root/blasttest/source_upload/ncbi-blast-2.5.0+-src/c++ DATATOOL=/root/blasttest/source_upload/ncbi-blast-2.5.0+-src/c++/ReleaseMT/bin/datatool MODULE_SEARCH=/root/blasttest/source_upload/ncbi-blast-2.5.0+-src/c++/src
make[6]: ディレクトリ `/root/blasttest/source_upload/ncbi-blast-2.5.0+-src/c++/src/objects/seqfeat' に入ります
make[6]: `all' に対して行うべき事はありません.
make[6]: ディレクトリ `/root/blasttest/source_upload/ncbi-blast-2.5.0+-src/c++/src/objects/seqfeat' から出ます
/usr/bin/make -w -f /root/blasttest/source_upload/ncbi-blast-2.5.0+-src/c++/src/build-system/Makefile.module MODULE=seqloc MODULE_PATH=objects/seqloc MODULE_ASN=seqloc.asn MODULE_IMPORT='objects/general/general objects/biblio/biblio objects/seqfeat/seqfeat' IMPDEPS='/root/blasttest/source_upload/ncbi-blast-2.5.0+-src/c++/src/objects/general/general.asn /root/blasttest/source_upload/ncbi-blast-2.5.0+-src/c++/src/objects/biblio/biblio.asn /root/blasttest/source_upload/ncbi-blast-2.5.0+-src/c++/src/objects/seqfeat/seqfeat.asn' IMPFILES='objects/general/general.asn objects/biblio/biblio.asn objects/seqfeat/seqfeat.asn' top_srcdir=/root/blasttest/source_upload/ncbi-blast-2.5.0+-src/c++ DATATOOL=/root/blasttest/source_upload/ncbi-blast-2.5.0+-src/c++/ReleaseMT/bin/datatool MODULE_SEARCH=/root/blasttest/source_upload/ncbi-blast-2.5.0+-src/c++/src
make[6]: ディレクトリ `/root/blasttest/source_upload/ncbi-blast-2.5.0+-src/c++/src/objects/seqloc' に入ります
make[6]: `all' に対して行うべき事はありません.
make[6]: ディレクトリ `/root/blasttest/source_upload/ncbi-blast-2.5.0+-src/c++/src/objects/seqloc' から出ます
/usr/bin/make -w -f /root/blasttest/source_upload/ncbi-blast-2.5.0+-src/c++/src/build-system/Makefile.module MODULE=seqres MODULE_PATH=objects/seqres MODULE_ASN=seqres.asn MODULE_IMPORT='objects/general/general objects/biblio/biblio objects/medline/medline objects/seqloc/seqloc' IMPDEPS='/root/blasttest/source_upload/ncbi-blast-2.5.0+-src/c++/src/objects/general/general.asn /root/blasttest/source_upload/ncbi-blast-2.5.0+-src/c++/src/objects/biblio/biblio.asn /root/blasttest/source_upload/ncbi-blast-2.5.0+-src/c++/src/objects/medline/medline.asn /root/blasttest/source_upload/ncbi-blast-2.5.0+-src/c++/src/objects/seqloc/seqloc.asn' IMPFILES='objects/general/general.asn objects/biblio/biblio.asn objects/medline/medline.asn objects/seqloc/seqloc.asn' top_srcdir=/root/blasttest/source_upload/ncbi-blast-2.5.0+-src/c++ DATATOOL=/root/blasttest/source_upload/ncbi-blast-2.5.0+-src/c++/ReleaseMT/bin/datatool MODULE_SEARCH=/root/blasttest/source_upload/ncbi-blast-2.5.0+-src/c++/src
make[6]: ディレクトリ `/root/blasttest/source_upload/ncbi-blast-2.5.0+-src/c++/src/objects/seqres' に入ります
make[6]: `all' に対して行うべき事はありません.
make[6]: ディレクトリ `/root/blasttest/source_upload/ncbi-blast-2.5.0+-src/c++/src/objects/seqres' から出ます
/usr/bin/make -w -f /root/blasttest/source_upload/ncbi-blast-2.5.0+-src/c++/src/build-system/Makefile.module MODULE=seqtable MODULE_PATH=objects/seqtable MODULE_ASN=seqtable.asn MODULE_IMPORT='objects/general/general objects/seq/seq objects/seqloc/seqloc' IMPDEPS='/root/blasttest/source_upload/ncbi-blast-2.5.0+-src/c++/src/objects/general/general.asn /root/blasttest/source_upload/ncbi-blast-2.5.0+-src/c++/src/objects/seq/seq.asn /root/blasttest/source_upload/ncbi-blast-2.5.0+-src/c++/src/objects/seqloc/seqloc.asn' IMPFILES='objects/general/general.asn objects/seq/seq.asn objects/seqloc/seqloc.asn' top_srcdir=/root/blasttest/source_upload/ncbi-blast-2.5.0+-src/c++ DATATOOL=/root/blasttest/source_upload/ncbi-blast-2.5.0+-src/c++/ReleaseMT/bin/datatool MODULE_SEARCH=/root/blasttest/source_upload/ncbi-blast-2.5.0+-src/c++/src
make[6]: ディレクトリ `/root/blasttest/source_upload/ncbi-blast-2.5.0+-src/c++/src/objects/seqtable' に入ります
make[6]: `all' に対して行うべき事はありません.
make[6]: ディレクトリ `/root/blasttest/source_upload/ncbi-blast-2.5.0+-src/c++/src/objects/seqtable' から出ます
make[5]: ディレクトリ `/root/blasttest/source_upload/ncbi-blast-2.5.0+-src/c++/ReleaseMT/build/objects/seq' から出ます
