make[4]: ディレクトリ `/root/blasttest/source_upload/ncbi-blast-2.5.0+-src/c++/ReleaseMT/build/objects/seq' に入ります
Updating dependency information for /root/blasttest/source_upload/ncbi-blast-2.5.0+-src/c++/src/objects/seq/seq_loc_reverse_complementer.cpp.
Updating dependency information for /root/blasttest/source_upload/ncbi-blast-2.5.0+-src/c++/src/objects/seq/seq_loc_from_string.cpp.
Updating dependency information for /root/blasttest/source_upload/ncbi-blast-2.5.0+-src/c++/src/objects/seq/sofa_map.cpp.
Updating dependency information for /root/blasttest/source_upload/ncbi-blast-2.5.0+-src/c++/src/objects/seq/seqlocinfo.cpp.
Updating dependency information for /root/blasttest/source_upload/ncbi-blast-2.5.0+-src/c++/src/objects/seq/seq_align_mapper_base.cpp.
Updating dependency information for /root/blasttest/source_upload/ncbi-blast-2.5.0+-src/c++/src/objects/seq/seq_loc_mapper_base.cpp.
Updating dependency information for /root/blasttest/source_upload/ncbi-blast-2.5.0+-src/c++/src/objects/seq/seq_id_mapper.cpp.
Updating dependency information for /root/blasttest/source_upload/ncbi-blast-2.5.0+-src/c++/src/objects/seq/seq_id_handle.cpp.
Updating dependency information for /root/blasttest/source_upload/ncbi-blast-2.5.0+-src/c++/src/objects/seq/seq_id_tree.cpp.
Updating dependency information for /root/blasttest/source_upload/ncbi-blast-2.5.0+-src/c++/src/objects/seq/seqport_util.cpp.
Updating dependency information for seqtable___.cpp.
Updating dependency information for seqres___.cpp.
Updating dependency information for seqloc___.cpp.
Updating dependency information for seqfeat___.cpp.
Updating dependency information for seqblock___.cpp.
Updating dependency information for seqalign___.cpp.
Updating dependency information for /root/blasttest/source_upload/ncbi-blast-2.5.0+-src/c++/src/objects/seq/seq___.cpp.
Updating dependency information for seqtable__.cpp.
Updating dependency information for seqres__.cpp.
Updating dependency information for seqloc__.cpp.
Updating dependency information for seqfeat__.cpp.
Updating dependency information for seqblock__.cpp.
Updating dependency information for seqalign__.cpp.
Updating dependency information for /root/blasttest/source_upload/ncbi-blast-2.5.0+-src/c++/src/objects/seq/seq__.cpp.
make[4]: ディレクトリ `/root/blasttest/source_upload/ncbi-blast-2.5.0+-src/c++/ReleaseMT/build/objects/seq' から出ます
make[4]: ディレクトリ `/root/blasttest/source_upload/ncbi-blast-2.5.0+-src/c++/ReleaseMT/build/objects/seq' に入ります
/opt/rh/devtoolset-2/root/usr/bin/g++  -std=gnu++11 -c  -Wall -Wno-format-y2k  -pthread -fopenmp -O2   -I/root/blasttest/source_upload/ncbi-blast-2.5.0+-src/c++/src/objects/seq -I/root/blasttest/source_upload/ncbi-blast-2.5.0+-src/c++/src/objects/seq -DNDEBUG -D_LARGEFILE_SOURCE -D_FILE_OFFSET_BITS=64 -D_LARGEFILE64_SOURCE   -D_MT -D_REENTRANT -D_THREAD_SAFE -I/root/blasttest/source_upload/ncbi-blast-2.5.0+-src/c++/ReleaseMT/inc -I/root/blasttest/source_upload/ncbi-blast-2.5.0+-src/c++/include  /root/blasttest/source_upload/ncbi-blast-2.5.0+-src/c++/src/objects/seq/seq__.cpp -o seq__.o 
/opt/rh/devtoolset-2/root/usr/bin/g++  -std=gnu++11 -c  -Wall -Wno-format-y2k  -pthread -fopenmp -O2   -I/root/blasttest/source_upload/ncbi-blast-2.5.0+-src/c++/src/objects/seq -I/root/blasttest/source_upload/ncbi-blast-2.5.0+-src/c++/src/objects/seq -DNDEBUG -D_LARGEFILE_SOURCE -D_FILE_OFFSET_BITS=64 -D_LARGEFILE64_SOURCE   -D_MT -D_REENTRANT -D_THREAD_SAFE -I/root/blasttest/source_upload/ncbi-blast-2.5.0+-src/c++/ReleaseMT/inc -I/root/blasttest/source_upload/ncbi-blast-2.5.0+-src/c++/include  seqalign__.cpp -o seqalign__.o 
In file included from  ember function ‘apToLoc(ncbi::objects::CSeq_align_Base::TDim, const ncbi::objects::CSeq_loc&, bool)apToLoc(ncbi::objects::CDense_seg_Base::TDim, const ncbi::objects::CSeq_loc&, bool)apToLoc(row, dst_loc, ignore_strand);
apToLoc(ncbi::objects::CStd_seg_Base::TDim, const ncbi::objects::CSeq_loc&, bool)apToLoc(row, dst_loc, ignore_strand);
apToLoc(ncbi::objects::CSeq_align_Base::TDim, const ncbi::objects::CSeq_loc&, bool)apToLoc(row, dst_loc, ignore_strand);
/opt/rh/devtoolset-2/root/usr/bin/g++  -std=gnu++11 -c  -Wall -Wno-format-y2k  -pthread -fopenmp -O2   -I/root/blasttest/source_upload/ncbi-blast-2.5.0+-src/c++/src/objects/seq -I/root/blasttest/source_upload/ncbi-blast-2.5.0+-src/c++/src/objects/seq -DNDEBUG -D_LARGEFILE_SOURCE -D_FILE_OFFSET_BITS=64 -D_LARGEFILE64_SOURCE   -D_MT -D_REENTRANT -D_THREAD_SAFE -I/root/blasttest/source_upload/ncbi-blast-2.5.0+-src/c++/ReleaseMT/inc -I/root/blasttest/source_upload/ncbi-blast-2.5.0+-src/c++/include  seqblock__.cpp -o seqblock__.o 
/opt/rh/devtoolset-2/root/usr/bin/g++  -std=gnu++11 -c  -Wall -Wno-format-y2k  -pthread -fopenmp -O2   -I/root/blasttest/source_upload/ncbi-blast-2.5.0+-src/c++/src/objects/seq -I/root/blasttest/source_upload/ncbi-blast-2.5.0+-src/c++/src/objects/seq -DNDEBUG -D_LARGEFILE_SOURCE -D_FILE_OFFSET_BITS=64 -D_LARGEFILE64_SOURCE   -D_MT -D_REENTRANT -D_THREAD_SAFE -I/root/blasttest/source_upload/ncbi-blast-2.5.0+-src/c++/ReleaseMT/inc -I/root/blasttest/source_upload/ncbi-blast-2.5.0+-src/c++/include  seqfeat__.cpp -o seqfeat__.o 
  erSeq.cpp:ember function ‘erSeq::Fixi(std::string&)erSeq.cpp:249:72:pString, ncbi::CTempString, ncbi::SIZE_TYPE, ncbi::SIZE_TYPE, ncbi::NStr::EOccurrence, ncbi::NStr::ECase)  pString ncbi::objects::s_AaName(int)parison between signed and unsigned integer expressions [-Wsign-compare]
     if (idx > 0 && idx < ArraySize(sc_TrnaList)) {
  ember function ‘at(const string&)ember function ‘(const string&)atat = false;
ember function ‘  ember function ‘pString, ncbi::CTempString, ncbi::SIZE_TYPE, ncbi::SIZE_TYPE, ncbi::NStr::EOccurrence, ncbi::NStr::ECase)  pString, ncbi::CTempString, ncbi::SIZE_TYPE, ncbi::SIZE_TYPE, ncbi::NStr::EOccurrence, ncbi::NStr::ECase)pString, ncbi::CTempString, ncbi::SIZE_TYPE, ncbi::SIZE_TYPE, ncbi::NStr::EOccurrence, ncbi::NStr::ECase)/opt/rh/devtoolset-2/root/usr/bin/g++  -std=gnu++11 -c  -Wall -Wno-format-y2k  -pthread -fopenmp -O2   -I/root/blasttest/source_upload/ncbi-blast-2.5.0+-src/c++/src/objects/seq -I/root/blasttest/source_upload/ncbi-blast-2.5.0+-src/c++/src/objects/seq -DNDEBUG -D_LARGEFILE_SOURCE -D_FILE_OFFSET_BITS=64 -D_LARGEFILE64_SOURCE   -D_MT -D_REENTRANT -D_THREAD_SAFE -I/root/blasttest/source_upload/ncbi-blast-2.5.0+-src/c++/ReleaseMT/inc -I/root/blasttest/source_upload/ncbi-blast-2.5.0+-src/c++/include  seqloc__.cpp -o seqloc__.o 
  ember function ‘pString&, ncbi::objects::CSeq_id::TParseFlags)pString>& ncbi::NStr::Split(ncbi::CTempString, ncbi::CTempString, std::list<ncbi::CTempString>&, ncbi::NStr::EMergeDelims, std::vector<long unsigned int>*)s);
/opt/rh/devtoolset-2/root/usr/bin/g++  -std=gnu++11 -c  -Wall -Wno-format-y2k  -pthread -fopenmp -O2   -I/root/blasttest/source_upload/ncbi-blast-2.5.0+-src/c++/src/objects/seq -I/root/blasttest/source_upload/ncbi-blast-2.5.0+-src/c++/src/objects/seq -DNDEBUG -D_LARGEFILE_SOURCE -D_FILE_OFFSET_BITS=64 -D_LARGEFILE64_SOURCE   -D_MT -D_REENTRANT -D_THREAD_SAFE -I/root/blasttest/source_upload/ncbi-blast-2.5.0+-src/c++/ReleaseMT/inc -I/root/blasttest/source_upload/ncbi-blast-2.5.0+-src/c++/include  seqres__.cpp -o seqres__.o 
/opt/rh/devtoolset-2/root/usr/bin/g++  -std=gnu++11 -c  -Wall -Wno-format-y2k  -pthread -fopenmp -O2   -I/root/blasttest/source_upload/ncbi-blast-2.5.0+-src/c++/src/objects/seq -I/root/blasttest/source_upload/ncbi-blast-2.5.0+-src/c++/src/objects/seq -DNDEBUG -D_LARGEFILE_SOURCE -D_FILE_OFFSET_BITS=64 -D_LARGEFILE64_SOURCE   -D_MT -D_REENTRANT -D_THREAD_SAFE -I/root/blasttest/source_upload/ncbi-blast-2.5.0+-src/c++/ReleaseMT/inc -I/root/blasttest/source_upload/ncbi-blast-2.5.0+-src/c++/include  seqtable__.cpp -o seqtable__.o 
/opt/rh/devtoolset-2/root/usr/bin/g++  -std=gnu++11 -c  -Wall -Wno-format-y2k  -pthread -fopenmp -O2   -I/root/blasttest/source_upload/ncbi-blast-2.5.0+-src/c++/src/objects/seq -I/root/blasttest/source_upload/ncbi-blast-2.5.0+-src/c++/src/objects/seq -DNDEBUG -D_LARGEFILE_SOURCE -D_FILE_OFFSET_BITS=64 -D_LARGEFILE64_SOURCE   -D_MT -D_REENTRANT -D_THREAD_SAFE -I/root/blasttest/source_upload/ncbi-blast-2.5.0+-src/c++/ReleaseMT/inc -I/root/blasttest/source_upload/ncbi-blast-2.5.0+-src/c++/include  /root/blasttest/source_upload/ncbi-blast-2.5.0+-src/c++/src/objects/seq/seq___.cpp -o seq___.o 
/opt/rh/devtoolset-2/root/usr/bin/g++  -std=gnu++11 -c  -Wall -Wno-format-y2k  -pthread -fopenmp -O2   -I/root/blasttest/source_upload/ncbi-blast-2.5.0+-src/c++/src/objects/seq -I/root/blasttest/source_upload/ncbi-blast-2.5.0+-src/c++/src/objects/seq -DNDEBUG -D_LARGEFILE_SOURCE -D_FILE_OFFSET_BITS=64 -D_LARGEFILE64_SOURCE   -D_MT -D_REENTRANT -D_THREAD_SAFE -I/root/blasttest/source_upload/ncbi-blast-2.5.0+-src/c++/ReleaseMT/inc -I/root/blasttest/source_upload/ncbi-blast-2.5.0+-src/c++/include  seqalign___.cpp -o seqalign___.o 
/opt/rh/devtoolset-2/root/usr/bin/g++  -std=gnu++11 -c  -Wall -Wno-format-y2k  -pthread -fopenmp -O2   -I/root/blasttest/source_upload/ncbi-blast-2.5.0+-src/c++/src/objects/seq -I/root/blasttest/source_upload/ncbi-blast-2.5.0+-src/c++/src/objects/seq -DNDEBUG -D_LARGEFILE_SOURCE -D_FILE_OFFSET_BITS=64 -D_LARGEFILE64_SOURCE   -D_MT -D_REENTRANT -D_THREAD_SAFE -I/root/blasttest/source_upload/ncbi-blast-2.5.0+-src/c++/ReleaseMT/inc -I/root/blasttest/source_upload/ncbi-blast-2.5.0+-src/c++/include  seqblock___.cpp -o seqblock___.o 
/opt/rh/devtoolset-2/root/usr/bin/g++  -std=gnu++11 -c  -Wall -Wno-format-y2k  -pthread -fopenmp -O2   -I/root/blasttest/source_upload/ncbi-blast-2.5.0+-src/c++/src/objects/seq -I/root/blasttest/source_upload/ncbi-blast-2.5.0+-src/c++/src/objects/seq -DNDEBUG -D_LARGEFILE_SOURCE -D_FILE_OFFSET_BITS=64 -D_LARGEFILE64_SOURCE   -D_MT -D_REENTRANT -D_THREAD_SAFE -I/root/blasttest/source_upload/ncbi-blast-2.5.0+-src/c++/ReleaseMT/inc -I/root/blasttest/source_upload/ncbi-blast-2.5.0+-src/c++/include  seqfeat___.cpp -o seqfeat___.o 
/opt/rh/devtoolset-2/root/usr/bin/g++  -std=gnu++11 -c  -Wall -Wno-format-y2k  -pthread -fopenmp -O2   -I/root/blasttest/source_upload/ncbi-blast-2.5.0+-src/c++/src/objects/seq -I/root/blasttest/source_upload/ncbi-blast-2.5.0+-src/c++/src/objects/seq -DNDEBUG -D_LARGEFILE_SOURCE -D_FILE_OFFSET_BITS=64 -D_LARGEFILE64_SOURCE   -D_MT -D_REENTRANT -D_THREAD_SAFE -I/root/blasttest/source_upload/ncbi-blast-2.5.0+-src/c++/ReleaseMT/inc -I/root/blasttest/source_upload/ncbi-blast-2.5.0+-src/c++/include  seqloc___.cpp -o seqloc___.o 
/opt/rh/devtoolset-2/root/usr/bin/g++  -std=gnu++11 -c  -Wall -Wno-format-y2k  -pthread -fopenmp -O2   -I/root/blasttest/source_upload/ncbi-blast-2.5.0+-src/c++/src/objects/seq -I/root/blasttest/source_upload/ncbi-blast-2.5.0+-src/c++/src/objects/seq -DNDEBUG -D_LARGEFILE_SOURCE -D_FILE_OFFSET_BITS=64 -D_LARGEFILE64_SOURCE   -D_MT -D_REENTRANT -D_THREAD_SAFE -I/root/blasttest/source_upload/ncbi-blast-2.5.0+-src/c++/ReleaseMT/inc -I/root/blasttest/source_upload/ncbi-blast-2.5.0+-src/c++/include  seqres___.cpp -o seqres___.o 
/opt/rh/devtoolset-2/root/usr/bin/g++  -std=gnu++11 -c  -Wall -Wno-format-y2k  -pthread -fopenmp -O2   -I/root/blasttest/source_upload/ncbi-blast-2.5.0+-src/c++/src/objects/seq -I/root/blasttest/source_upload/ncbi-blast-2.5.0+-src/c++/src/objects/seq -DNDEBUG -D_LARGEFILE_SOURCE -D_FILE_OFFSET_BITS=64 -D_LARGEFILE64_SOURCE   -D_MT -D_REENTRANT -D_THREAD_SAFE -I/root/blasttest/source_upload/ncbi-blast-2.5.0+-src/c++/ReleaseMT/inc -I/root/blasttest/source_upload/ncbi-blast-2.5.0+-src/c++/include  seqtable___.cpp -o seqtable___.o 
/opt/rh/devtoolset-2/root/usr/bin/g++  -std=gnu++11 -c  -Wall -Wno-format-y2k  -pthread -fopenmp -O2   -I/root/blasttest/source_upload/ncbi-blast-2.5.0+-src/c++/src/objects/seq -I/root/blasttest/source_upload/ncbi-blast-2.5.0+-src/c++/src/objects/seq -DNDEBUG -D_LARGEFILE_SOURCE -D_FILE_OFFSET_BITS=64 -D_LARGEFILE64_SOURCE   -D_MT -D_REENTRANT -D_THREAD_SAFE -I/root/blasttest/source_upload/ncbi-blast-2.5.0+-src/c++/ReleaseMT/inc -I/root/blasttest/source_upload/ncbi-blast-2.5.0+-src/c++/include  /root/blasttest/source_upload/ncbi-blast-2.5.0+-src/c++/src/objects/seq/seqport_util.cpp -o seqport_util.o 
/opt/rh/devtoolset-2/root/usr/bin/g++  -std=gnu++11 -c  -Wall -Wno-format-y2k  -pthread -fopenmp -O2   -I/root/blasttest/source_upload/ncbi-blast-2.5.0+-src/c++/src/objects/seq -I/root/blasttest/source_upload/ncbi-blast-2.5.0+-src/c++/src/objects/seq -DNDEBUG -D_LARGEFILE_SOURCE -D_FILE_OFFSET_BITS=64 -D_LARGEFILE64_SOURCE   -D_MT -D_REENTRANT -D_THREAD_SAFE -I/root/blasttest/source_upload/ncbi-blast-2.5.0+-src/c++/ReleaseMT/inc -I/root/blasttest/source_upload/ncbi-blast-2.5.0+-src/c++/include  /root/blasttest/source_upload/ncbi-blast-2.5.0+-src/c++/src/objects/seq/seq_id_tree.cpp -o seq_id_tree.o 
/opt/rh/devtoolset-2/root/usr/bin/g++  -std=gnu++11 -c  -Wall -Wno-format-y2k  -pthread -fopenmp -O2   -I/root/blasttest/source_upload/ncbi-blast-2.5.0+-src/c++/src/objects/seq -I/root/blasttest/source_upload/ncbi-blast-2.5.0+-src/c++/src/objects/seq -DNDEBUG -D_LARGEFILE_SOURCE -D_FILE_OFFSET_BITS=64 -D_LARGEFILE64_SOURCE   -D_MT -D_REENTRANT -D_THREAD_SAFE -I/root/blasttest/source_upload/ncbi-blast-2.5.0+-src/c++/ReleaseMT/inc -I/root/blasttest/source_upload/ncbi-blast-2.5.0+-src/c++/include  /root/blasttest/source_upload/ncbi-blast-2.5.0+-src/c++/src/objects/seq/seq_id_handle.cpp -o seq_id_handle.o 
/opt/rh/devtoolset-2/root/usr/bin/g++  -std=gnu++11 -c  -Wall -Wno-format-y2k  -pthread -fopenmp -O2   -I/root/blasttest/source_upload/ncbi-blast-2.5.0+-src/c++/src/objects/seq -I/root/blasttest/source_upload/ncbi-blast-2.5.0+-src/c++/src/objects/seq -DNDEBUG -D_LARGEFILE_SOURCE -D_FILE_OFFSET_BITS=64 -D_LARGEFILE64_SOURCE   -D_MT -D_REENTRANT -D_THREAD_SAFE -I/root/blasttest/source_upload/ncbi-blast-2.5.0+-src/c++/ReleaseMT/inc -I/root/blasttest/source_upload/ncbi-blast-2.5.0+-src/c++/include  /root/blasttest/source_upload/ncbi-blast-2.5.0+-src/c++/src/objects/seq/seq_id_mapper.cpp -o seq_id_mapper.o 
/opt/rh/devtoolset-2/root/usr/bin/g++  -std=gnu++11 -c  -Wall -Wno-format-y2k  -pthread -fopenmp -O2   -I/root/blasttest/source_upload/ncbi-blast-2.5.0+-src/c++/src/objects/seq -I/root/blasttest/source_upload/ncbi-blast-2.5.0+-src/c++/src/objects/seq -DNDEBUG -D_LARGEFILE_SOURCE -D_FILE_OFFSET_BITS=64 -D_LARGEFILE64_SOURCE   -D_MT -D_REENTRANT -D_THREAD_SAFE -I/root/blasttest/source_upload/ncbi-blast-2.5.0+-src/c++/ReleaseMT/inc -I/root/blasttest/source_upload/ncbi-blast-2.5.0+-src/c++/include  /root/blasttest/source_upload/ncbi-blast-2.5.0+-src/c++/src/objects/seq/seq_loc_mapper_base.cpp -o seq_loc_mapper_base.o 
/opt/rh/devtoolset-2/root/usr/bin/g++  -std=gnu++11 -c  -Wall -Wno-format-y2k  -pthread -fopenmp -O2   -I/root/blasttest/source_upload/ncbi-blast-2.5.0+-src/c++/src/objects/seq -I/root/blasttest/source_upload/ncbi-blast-2.5.0+-src/c++/src/objects/seq -DNDEBUG -D_LARGEFILE_SOURCE -D_FILE_OFFSET_BITS=64 -D_LARGEFILE64_SOURCE   -D_MT -D_REENTRANT -D_THREAD_SAFE -I/root/blasttest/source_upload/ncbi-blast-2.5.0+-src/c++/ReleaseMT/inc -I/root/blasttest/source_upload/ncbi-blast-2.5.0+-src/c++/include  /root/blasttest/source_upload/ncbi-blast-2.5.0+-src/c++/src/objects/seq/seq_align_mapper_base.cpp -o seq_align_mapper_base.o 
apper_base.cpp:ember function ‘apper_base.cpp:1505:35:parison between signed and unsigned integer expressions [-Wsign-compare]
                     if ( row_n == p_row ) {
/opt/rh/devtoolset-2/root/usr/bin/g++  -std=gnu++11 -c  -Wall -Wno-format-y2k  -pthread -fopenmp -O2   -I/root/blasttest/source_upload/ncbi-blast-2.5.0+-src/c++/src/objects/seq -I/root/blasttest/source_upload/ncbi-blast-2.5.0+-src/c++/src/objects/seq -DNDEBUG -D_LARGEFILE_SOURCE -D_FILE_OFFSET_BITS=64 -D_LARGEFILE64_SOURCE   -D_MT -D_REENTRANT -D_THREAD_SAFE -I/root/blasttest/source_upload/ncbi-blast-2.5.0+-src/c++/ReleaseMT/inc -I/root/blasttest/source_upload/ncbi-blast-2.5.0+-src/c++/include  /root/blasttest/source_upload/ncbi-blast-2.5.0+-src/c++/src/objects/seq/seqlocinfo.cpp -o seqlocinfo.o 
/opt/rh/devtoolset-2/root/usr/bin/g++  -std=gnu++11 -c  -Wall -Wno-format-y2k  -pthread -fopenmp -O2   -I/root/blasttest/source_upload/ncbi-blast-2.5.0+-src/c++/src/objects/seq -I/root/blasttest/source_upload/ncbi-blast-2.5.0+-src/c++/src/objects/seq -DNDEBUG -D_LARGEFILE_SOURCE -D_FILE_OFFSET_BITS=64 -D_LARGEFILE64_SOURCE   -D_MT -D_REENTRANT -D_THREAD_SAFE -I/root/blasttest/source_upload/ncbi-blast-2.5.0+-src/c++/ReleaseMT/inc -I/root/blasttest/source_upload/ncbi-blast-2.5.0+-src/c++/include  /root/blasttest/source_upload/ncbi-blast-2.5.0+-src/c++/src/objects/seq/sofa_map.cpp -o sofa_map.o 
/opt/rh/devtoolset-2/root/usr/bin/g++  -std=gnu++11 -c  -Wall -Wno-format-y2k  -pthread -fopenmp -O2   -I/root/blasttest/source_upload/ncbi-blast-2.5.0+-src/c++/src/objects/seq -I/root/blasttest/source_upload/ncbi-blast-2.5.0+-src/c++/src/objects/seq -DNDEBUG -D_LARGEFILE_SOURCE -D_FILE_OFFSET_BITS=64 -D_LARGEFILE64_SOURCE   -D_MT -D_REENTRANT -D_THREAD_SAFE -I/root/blasttest/source_upload/ncbi-blast-2.5.0+-src/c++/ReleaseMT/inc -I/root/blasttest/source_upload/ncbi-blast-2.5.0+-src/c++/include  /root/blasttest/source_upload/ncbi-blast-2.5.0+-src/c++/src/objects/seq/seq_loc_from_string.cpp -o seq_loc_from_string.o 
/opt/rh/devtoolset-2/root/usr/bin/g++  -std=gnu++11 -c  -Wall -Wno-format-y2k  -pthread -fopenmp -O2   -I/root/blasttest/source_upload/ncbi-blast-2.5.0+-src/c++/src/objects/seq -I/root/blasttest/source_upload/ncbi-blast-2.5.0+-src/c++/src/objects/seq -DNDEBUG -D_LARGEFILE_SOURCE -D_FILE_OFFSET_BITS=64 -D_LARGEFILE64_SOURCE   -D_MT -D_REENTRANT -D_THREAD_SAFE -I/root/blasttest/source_upload/ncbi-blast-2.5.0+-src/c++/ReleaseMT/inc -I/root/blasttest/source_upload/ncbi-blast-2.5.0+-src/c++/include  /root/blasttest/source_upload/ncbi-blast-2.5.0+-src/c++/src/objects/seq/seq_loc_reverse_complementer.cpp -o seq_loc_reverse_complementer.o 
/bin/rm -f libseq.a .libseq.a.stamp
ar cr libseq.a seq__.o seqalign__.o seqblock__.o seqfeat__.o seqloc__.o seqres__.o seqtable__.o seq___.o seqalign___.o seqblock___.o seqfeat___.o seqloc___.o seqres___.o seqtable___.o seqport_util.o seq_id_tree.o seq_id_handle.o seq_id_mapper.o seq_loc_mapper_base.o seq_align_mapper_base.o seqlocinfo.o sofa_map.o seq_loc_from_string.o seq_loc_reverse_complementer.o  
/bin/sh /root/blasttest/source_upload/ncbi-blast-2.5.0+-src/c++/scripts/common/impl/if_diff.sh /bin/ln -f libseq.a /root/blasttest/source_upload/ncbi-blast-2.5.0+-src/c++/ReleaseMT/lib
/bin/ln -f libseq.a /root/blasttest/source_upload/ncbi-blast-2.5.0+-src/c++/ReleaseMT/lib/libseq.a
/bin/ln -f .seq.dep /root/blasttest/source_upload/ncbi-blast-2.5.0+-src/c++/ReleaseMT/status/.seq.dep
make[4]: ディレクトリ `/root/blasttest/source_upload/ncbi-blast-2.5.0+-src/c++/ReleaseMT/build/objects/seq' から出ます
