make[3]: ディレクトリ `/root/blasttest/source_upload/ncbi-blast-2.5.0+-src/c++/ReleaseMT/build/connect' に入ります
Updating dependency information for /root/blasttest/source_upload/ncbi-blast-2.5.0+-src/c++/src/connect/parson.c.
Updating dependency information for /root/blasttest/source_upload/ncbi-blast-2.5.0+-src/c++/src/connect/ncbi_lbos.c.
Updating dependency information for /root/blasttest/source_upload/ncbi-blast-2.5.0+-src/c++/src/connect/ncbi_version.c.
Updating dependency information for /root/blasttest/source_upload/ncbi-blast-2.5.0+-src/c++/src/connect/ncbi_base64.c.
Updating dependency information for /root/blasttest/source_upload/ncbi-blast-2.5.0+-src/c++/src/connect/ncbi_local.c.
Updating dependency information for /root/blasttest/source_upload/ncbi-blast-2.5.0+-src/c++/src/connect/ncbi_lb.c.
Updating dependency information for /root/blasttest/source_upload/ncbi-blast-2.5.0+-src/c++/src/connect/ncbi_ftp_connector.c.
Updating dependency information for /root/blasttest/source_upload/ncbi-blast-2.5.0+-src/c++/src/connect/ncbi_sendmail.c.
Updating dependency information for /root/blasttest/source_upload/ncbi-blast-2.5.0+-src/c++/src/connect/ncbi_service_connector.c.
Updating dependency information for /root/blasttest/source_upload/ncbi-blast-2.5.0+-src/c++/src/connect/ncbi_dispd.c.
Updating dependency information for /root/blasttest/source_upload/ncbi-blast-2.5.0+-src/c++/src/connect/ncbi_host_info.c.
Updating dependency information for /root/blasttest/source_upload/ncbi-blast-2.5.0+-src/c++/src/connect/ncbi_service.c.
Updating dependency information for /root/blasttest/source_upload/ncbi-blast-2.5.0+-src/c++/src/connect/ncbi_server_info.c.
Updating dependency information for /root/blasttest/source_upload/ncbi-blast-2.5.0+-src/c++/src/connect/ncbi_heapmgr.c.
Updating dependency information for /root/blasttest/source_upload/ncbi-blast-2.5.0+-src/c++/src/connect/ncbi_memory_connector.c.
Updating dependency information for /root/blasttest/source_upload/ncbi-blast-2.5.0+-src/c++/src/connect/ncbi_http_connector.c.
Updating dependency information for /root/blasttest/source_upload/ncbi-blast-2.5.0+-src/c++/src/connect/ncbi_file_connector.c.
Updating dependency information for /root/blasttest/source_upload/ncbi-blast-2.5.0+-src/c++/src/connect/ncbi_socket_connector.c.
Updating dependency information for /root/blasttest/source_upload/ncbi-blast-2.5.0+-src/c++/src/connect/ncbi_connector.c.
Updating dependency information for /root/blasttest/source_upload/ncbi-blast-2.5.0+-src/c++/src/connect/ncbi_connection.c.
Updating dependency information for /root/blasttest/source_upload/ncbi-blast-2.5.0+-src/c++/src/connect/ncbi_connutil.c.
Updating dependency information for /root/blasttest/source_upload/ncbi-blast-2.5.0+-src/c++/src/connect/ncbi_socket.c.
Updating dependency information for /root/blasttest/source_upload/ncbi-blast-2.5.0+-src/c++/src/connect/ncbi_util.c.
Updating dependency information for /root/blasttest/source_upload/ncbi-blast-2.5.0+-src/c++/src/connect/ncbi_core.c.
Updating dependency information for /root/blasttest/source_upload/ncbi-blast-2.5.0+-src/c++/src/connect/ncbi_priv.c.
Updating dependency information for /root/blasttest/source_upload/ncbi-blast-2.5.0+-src/c++/src/connect/ncbi_types.c.
Updating dependency information for /root/blasttest/source_upload/ncbi-blast-2.5.0+-src/c++/src/connect/ncbi_buffer.c.
Updating dependency information for /root/blasttest/source_upload/ncbi-blast-2.5.0+-src/c++/src/connect/ncbi_ansi_ext.c.
Updating dependency information for /root/blasttest/source_upload/ncbi-blast-2.5.0+-src/c++/src/connect/ncbi_lbsmd_stub.c.
make[3]: ディレクトリ `/root/blasttest/source_upload/ncbi-blast-2.5.0+-src/c++/ReleaseMT/build/connect' から出ます
make[3]: ディレクトリ `/root/blasttest/source_upload/ncbi-blast-2.5.0+-src/c++/ReleaseMT/build/connect' に入ります
/opt/rh/devtoolset-2/root/usr/bin/gcc  -std=gnu11 -fgnu89-inline -c  -Wall -Wno-format-y2k  -pthread -fopenmp -O2     -DNDEBUG -D_LARGEFILE_SOURCE -D_FILE_OFFSET_BITS=64 -D_LARGEFILE64_SOURCE   -D_MT -D_REENTRANT -D_THREAD_SAFE -I/root/blasttest/source_upload/ncbi-blast-2.5.0+-src/c++/ReleaseMT/inc -I/root/blasttest/source_upload/ncbi-blast-2.5.0+-src/c++/include  /root/blasttest/source_upload/ncbi-blast-2.5.0+-src/c++/src/connect/ncbi_lbsmd_stub.c -o ncbi_lbsmd_stub.o 
/opt/rh/devtoolset-2/root/usr/bin/gcc  -std=gnu11 -fgnu89-inline -c  -Wall -Wno-format-y2k  -pthread -fopenmp -O2     -DNDEBUG -D_LARGEFILE_SOURCE -D_FILE_OFFSET_BITS=64 -D_LARGEFILE64_SOURCE   -D_MT -D_REENTRANT -D_THREAD_SAFE -I/root/blasttest/source_upload/ncbi-blast-2.5.0+-src/c++/ReleaseMT/inc -I/root/blasttest/source_upload/ncbi-blast-2.5.0+-src/c++/include  /root/blasttest/source_upload/ncbi-blast-2.5.0+-src/c++/src/connect/ncbi_ansi_ext.c -o ncbi_ansi_ext.o 
/opt/rh/devtoolset-2/root/usr/bin/gcc  -std=gnu11 -fgnu89-inline -c  -Wall -Wno-format-y2k  -pthread -fopenmp -O2     -DNDEBUG -D_LARGEFILE_SOURCE -D_FILE_OFFSET_BITS=64 -D_LARGEFILE64_SOURCE   -D_MT -D_REENTRANT -D_THREAD_SAFE -I/root/blasttest/source_upload/ncbi-blast-2.5.0+-src/c++/ReleaseMT/inc -I/root/blasttest/source_upload/ncbi-blast-2.5.0+-src/c++/include  /root/blasttest/source_upload/ncbi-blast-2.5.0+-src/c++/src/connect/ncbi_buffer.c -o ncbi_buffer.o 
/opt/rh/devtoolset-2/root/usr/bin/gcc  -std=gnu11 -fgnu89-inline -c  -Wall -Wno-format-y2k  -pthread -fopenmp -O2     -DNDEBUG -D_LARGEFILE_SOURCE -D_FILE_OFFSET_BITS=64 -D_LARGEFILE64_SOURCE   -D_MT -D_REENTRANT -D_THREAD_SAFE -I/root/blasttest/source_upload/ncbi-blast-2.5.0+-src/c++/ReleaseMT/inc -I/root/blasttest/source_upload/ncbi-blast-2.5.0+-src/c++/include  /root/blasttest/source_upload/ncbi-blast-2.5.0+-src/c++/src/connect/ncbi_types.c -o ncbi_types.o 
/opt/rh/devtoolset-2/root/usr/bin/gcc  -std=gnu11 -fgnu89-inline -c  -Wall -Wno-format-y2k  -pthread -fopenmp -O2     -DNDEBUG -D_LARGEFILE_SOURCE -D_FILE_OFFSET_BITS=64 -D_LARGEFILE64_SOURCE   -D_MT -D_REENTRANT -D_THREAD_SAFE -I/root/blasttest/source_upload/ncbi-blast-2.5.0+-src/c++/ReleaseMT/inc -I/root/blasttest/source_upload/ncbi-blast-2.5.0+-src/c++/include  /root/blasttest/source_upload/ncbi-blast-2.5.0+-src/c++/src/connect/ncbi_priv.c -o ncbi_priv.o 
/opt/rh/devtoolset-2/root/usr/bin/gcc  -std=gnu11 -fgnu89-inline -c  -Wall -Wno-format-y2k  -pthread -fopenmp -O2     -DNDEBUG -D_LARGEFILE_SOURCE -D_FILE_OFFSET_BITS=64 -D_LARGEFILE64_SOURCE   -D_MT -D_REENTRANT -D_THREAD_SAFE -I/root/blasttest/source_upload/ncbi-blast-2.5.0+-src/c++/ReleaseMT/inc -I/root/blasttest/source_upload/ncbi-blast-2.5.0+-src/c++/include  /root/blasttest/source_upload/ncbi-blast-2.5.0+-src/c++/src/connect/ncbi_core.c -o ncbi_core.o 
/opt/rh/devtoolset-2/root/usr/bin/gcc  -std=gnu11 -fgnu89-inline -c  -Wall -Wno-format-y2k  -pthread -fopenmp -O2     -DNDEBUG -D_LARGEFILE_SOURCE -D_FILE_OFFSET_BITS=64 -D_LARGEFILE64_SOURCE   -D_MT -D_REENTRANT -D_THREAD_SAFE -I/root/blasttest/source_upload/ncbi-blast-2.5.0+-src/c++/ReleaseMT/inc -I/root/blasttest/source_upload/ncbi-blast-2.5.0+-src/c++/include  /root/blasttest/source_upload/ncbi-blast-2.5.0+-src/c++/src/connect/ncbi_util.c -o ncbi_util.o 
/opt/rh/devtoolset-2/root/usr/bin/gcc  -std=gnu11 -fgnu89-inline -c  -Wall -Wno-format-y2k  -pthread -fopenmp -O2     -DNDEBUG -D_LARGEFILE_SOURCE -D_FILE_OFFSET_BITS=64 -D_LARGEFILE64_SOURCE   -D_MT -D_REENTRANT -D_THREAD_SAFE -I/root/blasttest/source_upload/ncbi-blast-2.5.0+-src/c++/ReleaseMT/inc -I/root/blasttest/source_upload/ncbi-blast-2.5.0+-src/c++/include  /root/blasttest/source_upload/ncbi-blast-2.5.0+-src/c++/src/connect/ncbi_socket.c -o ncbi_socket.o 
/opt/rh/devtoolset-2/root/usr/bin/gcc  -std=gnu11 -fgnu89-inline -c  -Wall -Wno-format-y2k  -pthread -fopenmp -O2     -DNDEBUG -D_LARGEFILE_SOURCE -D_FILE_OFFSET_BITS=64 -D_LARGEFILE64_SOURCE   -D_MT -D_REENTRANT -D_THREAD_SAFE -I/root/blasttest/source_upload/ncbi-blast-2.5.0+-src/c++/ReleaseMT/inc -I/root/blasttest/source_upload/ncbi-blast-2.5.0+-src/c++/include  /root/blasttest/source_upload/ncbi-blast-2.5.0+-src/c++/src/connect/ncbi_connutil.c -o ncbi_connutil.o 
/opt/rh/devtoolset-2/root/usr/bin/gcc  -std=gnu11 -fgnu89-inline -c  -Wall -Wno-format-y2k  -pthread -fopenmp -O2     -DNDEBUG -D_LARGEFILE_SOURCE -D_FILE_OFFSET_BITS=64 -D_LARGEFILE64_SOURCE   -D_MT -D_REENTRANT -D_THREAD_SAFE -I/root/blasttest/source_upload/ncbi-blast-2.5.0+-src/c++/ReleaseMT/inc -I/root/blasttest/source_upload/ncbi-blast-2.5.0+-src/c++/include  /root/blasttest/source_upload/ncbi-blast-2.5.0+-src/c++/src/connect/ncbi_connection.c -o ncbi_connection.o 
/opt/rh/devtoolset-2/root/usr/bin/gcc  -std=gnu11 -fgnu89-inline -c  -Wall -Wno-format-y2k  -pthread -fopenmp -O2     -DNDEBUG -D_LARGEFILE_SOURCE -D_FILE_OFFSET_BITS=64 -D_LARGEFILE64_SOURCE   -D_MT -D_REENTRANT -D_THREAD_SAFE -I/root/blasttest/source_upload/ncbi-blast-2.5.0+-src/c++/ReleaseMT/inc -I/root/blasttest/source_upload/ncbi-blast-2.5.0+-src/c++/include  /root/blasttest/source_upload/ncbi-blast-2.5.0+-src/c++/src/connect/ncbi_connector.c -o ncbi_connector.o 
/opt/rh/devtoolset-2/root/usr/bin/gcc  -std=gnu11 -fgnu89-inline -c  -Wall -Wno-format-y2k  -pthread -fopenmp -O2     -DNDEBUG -D_LARGEFILE_SOURCE -D_FILE_OFFSET_BITS=64 -D_LARGEFILE64_SOURCE   -D_MT -D_REENTRANT -D_THREAD_SAFE -I/root/blasttest/source_upload/ncbi-blast-2.5.0+-src/c++/ReleaseMT/inc -I/root/blasttest/source_upload/ncbi-blast-2.5.0+-src/c++/include  /root/blasttest/source_upload/ncbi-blast-2.5.0+-src/c++/src/connect/ncbi_socket_connector.c -o ncbi_socket_connector.o 
/opt/rh/devtoolset-2/root/usr/bin/gcc  -std=gnu11 -fgnu89-inline -c  -Wall -Wno-format-y2k  -pthread -fopenmp -O2     -DNDEBUG -D_LARGEFILE_SOURCE -D_FILE_OFFSET_BITS=64 -D_LARGEFILE64_SOURCE   -D_MT -D_REENTRANT -D_THREAD_SAFE -I/root/blasttest/source_upload/ncbi-blast-2.5.0+-src/c++/ReleaseMT/inc -I/root/blasttest/source_upload/ncbi-blast-2.5.0+-src/c++/include  /root/blasttest/source_upload/ncbi-blast-2.5.0+-src/c++/src/connect/ncbi_file_connector.c -o ncbi_file_connector.o 
/opt/rh/devtoolset-2/root/usr/bin/gcc  -std=gnu11 -fgnu89-inline -c  -Wall -Wno-format-y2k  -pthread -fopenmp -O2     -DNDEBUG -D_LARGEFILE_SOURCE -D_FILE_OFFSET_BITS=64 -D_LARGEFILE64_SOURCE   -D_MT -D_REENTRANT -D_THREAD_SAFE -I/root/blasttest/source_upload/ncbi-blast-2.5.0+-src/c++/ReleaseMT/inc -I/root/blasttest/source_upload/ncbi-blast-2.5.0+-src/c++/include  /root/blasttest/source_upload/ncbi-blast-2.5.0+-src/c++/src/connect/ncbi_http_connector.c -o ncbi_http_connector.o 
/opt/rh/devtoolset-2/root/usr/bin/gcc  -std=gnu11 -fgnu89-inline -c  -Wall -Wno-format-y2k  -pthread -fopenmp -O2     -DNDEBUG -D_LARGEFILE_SOURCE -D_FILE_OFFSET_BITS=64 -D_LARGEFILE64_SOURCE   -D_MT -D_REENTRANT -D_THREAD_SAFE -I/root/blasttest/source_upload/ncbi-blast-2.5.0+-src/c++/ReleaseMT/inc -I/root/blasttest/source_upload/ncbi-blast-2.5.0+-src/c++/include  /root/blasttest/source_upload/ncbi-blast-2.5.0+-src/c++/src/connect/ncbi_memory_connector.c -o ncbi_memory_connector.o 
/opt/rh/devtoolset-2/root/usr/bin/gcc  -std=gnu11 -fgnu89-inline -c  -Wall -Wno-format-y2k  -pthread -fopenmp -O2     -DNDEBUG -D_LARGEFILE_SOURCE -D_FILE_OFFSET_BITS=64 -D_LARGEFILE64_SOURCE   -D_MT -D_REENTRANT -D_THREAD_SAFE -I/root/blasttest/source_upload/ncbi-blast-2.5.0+-src/c++/ReleaseMT/inc -I/root/blasttest/source_upload/ncbi-blast-2.5.0+-src/c++/include  /root/blasttest/source_upload/ncbi-blast-2.5.0+-src/c++/src/connect/ncbi_heapmgr.c -o ncbi_heapmgr.o 
/opt/rh/devtoolset-2/root/usr/bin/gcc  -std=gnu11 -fgnu89-inline -c  -Wall -Wno-format-y2k  -pthread -fopenmp -O2     -DNDEBUG -D_LARGEFILE_SOURCE -D_FILE_OFFSET_BITS=64 -D_LARGEFILE64_SOURCE   -D_MT -D_REENTRANT -D_THREAD_SAFE -I/root/blasttest/source_upload/ncbi-blast-2.5.0+-src/c++/ReleaseMT/inc -I/root/blasttest/source_upload/ncbi-blast-2.5.0+-src/c++/include  /root/blasttest/source_upload/ncbi-blast-2.5.0+-src/c++/src/connect/ncbi_server_info.c -o ncbi_server_info.o 
/opt/rh/devtoolset-2/root/usr/bin/gcc  -std=gnu11 -fgnu89-inline -c  -Wall -Wno-format-y2k  -pthread -fopenmp -O2     -DNDEBUG -D_LARGEFILE_SOURCE -D_FILE_OFFSET_BITS=64 -D_LARGEFILE64_SOURCE   -D_MT -D_REENTRANT -D_THREAD_SAFE -I/root/blasttest/source_upload/ncbi-blast-2.5.0+-src/c++/ReleaseMT/inc -I/root/blasttest/source_upload/ncbi-blast-2.5.0+-src/c++/include  /root/blasttest/source_upload/ncbi-blast-2.5.0+-src/c++/src/connect/ncbi_service.c -o ncbi_service.o 
/opt/rh/devtoolset-2/root/usr/bin/gcc  -std=gnu11 -fgnu89-inline -c  -Wall -Wno-format-y2k  -pthread -fopenmp -O2     -DNDEBUG -D_LARGEFILE_SOURCE -D_FILE_OFFSET_BITS=64 -D_LARGEFILE64_SOURCE   -D_MT -D_REENTRANT -D_THREAD_SAFE -I/root/blasttest/source_upload/ncbi-blast-2.5.0+-src/c++/ReleaseMT/inc -I/root/blasttest/source_upload/ncbi-blast-2.5.0+-src/c++/include  /root/blasttest/source_upload/ncbi-blast-2.5.0+-src/c++/src/connect/ncbi_host_info.c -o ncbi_host_info.o 
/opt/rh/devtoolset-2/root/usr/bin/gcc  -std=gnu11 -fgnu89-inline -c  -Wall -Wno-format-y2k  -pthread -fopenmp -O2     -DNDEBUG -D_LARGEFILE_SOURCE -D_FILE_OFFSET_BITS=64 -D_LARGEFILE64_SOURCE   -D_MT -D_REENTRANT -D_THREAD_SAFE -I/root/blasttest/source_upload/ncbi-blast-2.5.0+-src/c++/ReleaseMT/inc -I/root/blasttest/source_upload/ncbi-blast-2.5.0+-src/c++/include  /root/blasttest/source_upload/ncbi-blast-2.5.0+-src/c++/src/connect/ncbi_dispd.c -o ncbi_dispd.o 
/opt/rh/devtoolset-2/root/usr/bin/gcc  -std=gnu11 -fgnu89-inline -c  -Wall -Wno-format-y2k  -pthread -fopenmp -O2     -DNDEBUG -D_LARGEFILE_SOURCE -D_FILE_OFFSET_BITS=64 -D_LARGEFILE64_SOURCE   -D_MT -D_REENTRANT -D_THREAD_SAFE -I/root/blasttest/source_upload/ncbi-blast-2.5.0+-src/c++/ReleaseMT/inc -I/root/blasttest/source_upload/ncbi-blast-2.5.0+-src/c++/include  /root/blasttest/source_upload/ncbi-blast-2.5.0+-src/c++/src/connect/ncbi_service_connector.c -o ncbi_service_connector.o 
/opt/rh/devtoolset-2/root/usr/bin/gcc  -std=gnu11 -fgnu89-inline -c  -Wall -Wno-format-y2k  -pthread -fopenmp -O2     -DNDEBUG -D_LARGEFILE_SOURCE -D_FILE_OFFSET_BITS=64 -D_LARGEFILE64_SOURCE   -D_MT -D_REENTRANT -D_THREAD_SAFE -I/root/blasttest/source_upload/ncbi-blast-2.5.0+-src/c++/ReleaseMT/inc -I/root/blasttest/source_upload/ncbi-blast-2.5.0+-src/c++/include  /root/blasttest/source_upload/ncbi-blast-2.5.0+-src/c++/src/connect/ncbi_sendmail.c -o ncbi_sendmail.o 
/opt/rh/devtoolset-2/root/usr/bin/gcc  -std=gnu11 -fgnu89-inline -c  -Wall -Wno-format-y2k  -pthread -fopenmp -O2     -DNDEBUG -D_LARGEFILE_SOURCE -D_FILE_OFFSET_BITS=64 -D_LARGEFILE64_SOURCE   -D_MT -D_REENTRANT -D_THREAD_SAFE -I/root/blasttest/source_upload/ncbi-blast-2.5.0+-src/c++/ReleaseMT/inc -I/root/blasttest/source_upload/ncbi-blast-2.5.0+-src/c++/include  /root/blasttest/source_upload/ncbi-blast-2.5.0+-src/c++/src/connect/ncbi_ftp_connector.c -o ncbi_ftp_connector.o 
/opt/rh/devtoolset-2/root/usr/bin/gcc  -std=gnu11 -fgnu89-inline -c  -Wall -Wno-format-y2k  -pthread -fopenmp -O2     -DNDEBUG -D_LARGEFILE_SOURCE -D_FILE_OFFSET_BITS=64 -D_LARGEFILE64_SOURCE   -D_MT -D_REENTRANT -D_THREAD_SAFE -I/root/blasttest/source_upload/ncbi-blast-2.5.0+-src/c++/ReleaseMT/inc -I/root/blasttest/source_upload/ncbi-blast-2.5.0+-src/c++/include  /root/blasttest/source_upload/ncbi-blast-2.5.0+-src/c++/src/connect/ncbi_lb.c -o ncbi_lb.o 
/opt/rh/devtoolset-2/root/usr/bin/gcc  -std=gnu11 -fgnu89-inline -c  -Wall -Wno-format-y2k  -pthread -fopenmp -O2     -DNDEBUG -D_LARGEFILE_SOURCE -D_FILE_OFFSET_BITS=64 -D_LARGEFILE64_SOURCE   -D_MT -D_REENTRANT -D_THREAD_SAFE -I/root/blasttest/source_upload/ncbi-blast-2.5.0+-src/c++/ReleaseMT/inc -I/root/blasttest/source_upload/ncbi-blast-2.5.0+-src/c++/include  /root/blasttest/source_upload/ncbi-blast-2.5.0+-src/c++/src/connect/ncbi_local.c -o ncbi_local.o 
/opt/rh/devtoolset-2/root/usr/bin/gcc  -std=gnu11 -fgnu89-inline -c  -Wall -Wno-format-y2k  -pthread -fopenmp -O2     -DNDEBUG -D_LARGEFILE_SOURCE -D_FILE_OFFSET_BITS=64 -D_LARGEFILE64_SOURCE   -D_MT -D_REENTRANT -D_THREAD_SAFE -I/root/blasttest/source_upload/ncbi-blast-2.5.0+-src/c++/ReleaseMT/inc -I/root/blasttest/source_upload/ncbi-blast-2.5.0+-src/c++/include  /root/blasttest/source_upload/ncbi-blast-2.5.0+-src/c++/src/connect/ncbi_base64.c -o ncbi_base64.o 
/opt/rh/devtoolset-2/root/usr/bin/gcc  -std=gnu11 -fgnu89-inline -c  -Wall -Wno-format-y2k  -pthread -fopenmp -O2     -DNDEBUG -D_LARGEFILE_SOURCE -D_FILE_OFFSET_BITS=64 -D_LARGEFILE64_SOURCE   -D_MT -D_REENTRANT -D_THREAD_SAFE -I/root/blasttest/source_upload/ncbi-blast-2.5.0+-src/c++/ReleaseMT/inc -I/root/blasttest/source_upload/ncbi-blast-2.5.0+-src/c++/include  /root/blasttest/source_upload/ncbi-blast-2.5.0+-src/c++/src/connect/ncbi_version.c -o ncbi_version.o 
/opt/rh/devtoolset-2/root/usr/bin/gcc  -std=gnu11 -fgnu89-inline -c  -Wall -Wno-format-y2k  -pthread -fopenmp -O2     -DNDEBUG -D_LARGEFILE_SOURCE -D_FILE_OFFSET_BITS=64 -D_LARGEFILE64_SOURCE   -D_MT -D_REENTRANT -D_THREAD_SAFE -I/root/blasttest/source_upload/ncbi-blast-2.5.0+-src/c++/ReleaseMT/inc -I/root/blasttest/source_upload/ncbi-blast-2.5.0+-src/c++/include  /root/blasttest/source_upload/ncbi-blast-2.5.0+-src/c++/src/connect/ncbi_lbos.c -o ncbi_lbos.o 
/opt/rh/devtoolset-2/root/usr/bin/gcc  -std=gnu11 -fgnu89-inline -c  -Wall -Wno-format-y2k  -pthread -fopenmp -O2     -DNDEBUG -D_LARGEFILE_SOURCE -D_FILE_OFFSET_BITS=64 -D_LARGEFILE64_SOURCE   -D_MT -D_REENTRANT -D_THREAD_SAFE -I/root/blasttest/source_upload/ncbi-blast-2.5.0+-src/c++/ReleaseMT/inc -I/root/blasttest/source_upload/ncbi-blast-2.5.0+-src/c++/include  /root/blasttest/source_upload/ncbi-blast-2.5.0+-src/c++/src/connect/parson.c -o parson.o 
/bin/rm -f libconnect.a .libconnect.a.stamp
ar cr libconnect.a ncbi_lbsmd_stub.o ncbi_ansi_ext.o ncbi_buffer.o ncbi_types.o ncbi_priv.o ncbi_core.o ncbi_util.o ncbi_socket.o ncbi_connutil.o ncbi_connection.o ncbi_connector.o ncbi_socket_connector.o ncbi_file_connector.o ncbi_http_connector.o ncbi_memory_connector.o ncbi_heapmgr.o ncbi_server_info.o ncbi_service.o ncbi_host_info.o ncbi_dispd.o ncbi_service_connector.o ncbi_sendmail.o ncbi_ftp_connector.o ncbi_lb.o ncbi_local.o ncbi_base64.o ncbi_version.o ncbi_lbos.o parson.o  
/bin/sh /root/blasttest/source_upload/ncbi-blast-2.5.0+-src/c++/scripts/common/impl/if_diff.sh /bin/ln -f libconnect.a /root/blasttest/source_upload/ncbi-blast-2.5.0+-src/c++/ReleaseMT/lib
/bin/ln -f libconnect.a /root/blasttest/source_upload/ncbi-blast-2.5.0+-src/c++/ReleaseMT/lib/libconnect.a
/bin/ln -f .connect.dep /root/blasttest/source_upload/ncbi-blast-2.5.0+-src/c++/ReleaseMT/status/.connect.dep
make[3]: ディレクトリ `/root/blasttest/source_upload/ncbi-blast-2.5.0+-src/c++/ReleaseMT/build/connect' から出ます
