make[4]: ディレクトリ `/root/blasttest/source_upload/ncbi-blast-2.5.0+-src_psiblastexb/c++/ReleaseMT/build/objtools/readers' に入ります
Updating dependency information for /root/blasttest/source_upload/ncbi-blast-2.5.0+-src_psiblastexb/c++/src/objtools/readers/line_error.cpp.
Updating dependency information for /root/blasttest/source_upload/ncbi-blast-2.5.0+-src_psiblastexb/c++/src/objtools/readers/message_listener.cpp.
Updating dependency information for /root/blasttest/source_upload/ncbi-blast-2.5.0+-src_psiblastexb/c++/src/objtools/readers/ucscregion_reader.cpp.
Updating dependency information for /root/blasttest/source_upload/ncbi-blast-2.5.0+-src_psiblastexb/c++/src/objtools/readers/agp_converter.cpp.
Updating dependency information for /root/blasttest/source_upload/ncbi-blast-2.5.0+-src_psiblastexb/c++/src/objtools/readers/fasta_exception.cpp.
Updating dependency information for /root/blasttest/source_upload/ncbi-blast-2.5.0+-src_psiblastexb/c++/src/objtools/readers/source_mod_parser.cpp.
Updating dependency information for /root/blasttest/source_upload/ncbi-blast-2.5.0+-src_psiblastexb/c++/src/objtools/readers/best_feat_finder.cpp.
Updating dependency information for /root/blasttest/source_upload/ncbi-blast-2.5.0+-src_psiblastexb/c++/src/objtools/readers/vcf_reader.cpp.
Updating dependency information for /root/blasttest/source_upload/ncbi-blast-2.5.0+-src_psiblastexb/c++/src/objtools/readers/gvf_reader.cpp.
Updating dependency information for /root/blasttest/source_upload/ncbi-blast-2.5.0+-src_psiblastexb/c++/src/objtools/readers/gff2_reader.cpp.
Updating dependency information for /root/blasttest/source_upload/ncbi-blast-2.5.0+-src_psiblastexb/c++/src/objtools/readers/gff2_data.cpp.
Updating dependency information for /root/blasttest/source_upload/ncbi-blast-2.5.0+-src_psiblastexb/c++/src/objtools/readers/gtf_reader.cpp.
Updating dependency information for /root/blasttest/source_upload/ncbi-blast-2.5.0+-src_psiblastexb/c++/src/objtools/readers/gff3_reader.cpp.
Updating dependency information for /root/blasttest/source_upload/ncbi-blast-2.5.0+-src_psiblastexb/c++/src/objtools/readers/gff3_sofa.cpp.
Updating dependency information for /root/blasttest/source_upload/ncbi-blast-2.5.0+-src_psiblastexb/c++/src/objtools/readers/wiggle_reader.cpp.
Updating dependency information for /root/blasttest/source_upload/ncbi-blast-2.5.0+-src_psiblastexb/c++/src/objtools/readers/rm_reader.cpp.
Updating dependency information for /root/blasttest/source_upload/ncbi-blast-2.5.0+-src_psiblastexb/c++/src/objtools/readers/readfeat.cpp.
Updating dependency information for /root/blasttest/source_upload/ncbi-blast-2.5.0+-src_psiblastexb/c++/src/objtools/readers/reader_base.cpp.
Updating dependency information for /root/blasttest/source_upload/ncbi-blast-2.5.0+-src_psiblastexb/c++/src/objtools/readers/phrap.cpp.
Updating dependency information for /root/blasttest/source_upload/ncbi-blast-2.5.0+-src_psiblastexb/c++/src/objtools/readers/microarray_reader.cpp.
Updating dependency information for /root/blasttest/source_upload/ncbi-blast-2.5.0+-src_psiblastexb/c++/src/objtools/readers/reader_data.cpp.
Updating dependency information for /root/blasttest/source_upload/ncbi-blast-2.5.0+-src_psiblastexb/c++/src/objtools/readers/track_data.cpp.
Updating dependency information for /root/blasttest/source_upload/ncbi-blast-2.5.0+-src_psiblastexb/c++/src/objtools/readers/gff_reader.cpp.
Updating dependency information for /root/blasttest/source_upload/ncbi-blast-2.5.0+-src_psiblastexb/c++/src/objtools/readers/getfeature.cpp.
Updating dependency information for /root/blasttest/source_upload/ncbi-blast-2.5.0+-src_psiblastexb/c++/src/objtools/readers/fasta_aln_builder.cpp.
Updating dependency information for /root/blasttest/source_upload/ncbi-blast-2.5.0+-src_psiblastexb/c++/src/objtools/readers/fasta.cpp.
Updating dependency information for /root/blasttest/source_upload/ncbi-blast-2.5.0+-src_psiblastexb/c++/src/objtools/readers/cigar.cpp.
Updating dependency information for /root/blasttest/source_upload/ncbi-blast-2.5.0+-src_psiblastexb/c++/src/objtools/readers/bed_reader.cpp.
Updating dependency information for /root/blasttest/source_upload/ncbi-blast-2.5.0+-src_psiblastexb/c++/src/objtools/readers/aln_reader.cpp.
Updating dependency information for /root/blasttest/source_upload/ncbi-blast-2.5.0+-src_psiblastexb/c++/src/objtools/readers/agp_validate_reader.cpp.
Updating dependency information for /root/blasttest/source_upload/ncbi-blast-2.5.0+-src_psiblastexb/c++/src/objtools/readers/agp_util.cpp.
Updating dependency information for /root/blasttest/source_upload/ncbi-blast-2.5.0+-src_psiblastexb/c++/src/objtools/readers/agp_seq_entry.cpp.
Updating dependency information for /root/blasttest/source_upload/ncbi-blast-2.5.0+-src_psiblastexb/c++/src/objtools/readers/agp_read.cpp.
Updating dependency information for /root/blasttest/source_upload/ncbi-blast-2.5.0+-src_psiblastexb/c++/src/objtools/readers/acc_pattern.cpp.
Updating dependency information for /root/blasttest/source_upload/ncbi-blast-2.5.0+-src_psiblastexb/c++/src/objtools/readers/format_guess_ex.cpp.
Updating dependency information for /root/blasttest/source_upload/ncbi-blast-2.5.0+-src_psiblastexb/c++/src/objtools/readers/read_util.cpp.
make[4]: ディレクトリ `/root/blasttest/source_upload/ncbi-blast-2.5.0+-src_psiblastexb/c++/ReleaseMT/build/objtools/readers' から出ます
make[4]: ディレクトリ `/root/blasttest/source_upload/ncbi-blast-2.5.0+-src_psiblastexb/c++/ReleaseMT/build/objtools/readers' に入ります
/opt/rh/devtoolset-2/root/usr/bin/g++  -std=gnu++11 -c  -Wall -Wno-format-y2k  -pthread -fopenmp -O2   -DNDEBUG -D_LARGEFILE_SOURCE -D_FILE_OFFSET_BITS=64 -D_LARGEFILE64_SOURCE   -D_MT -D_REENTRANT -D_THREAD_SAFE -I/root/blasttest/source_upload/ncbi-blast-2.5.0+-src_psiblastexb/c++/ReleaseMT/inc -I/root/blasttest/source_upload/ncbi-blast-2.5.0+-src_psiblastexb/c++/include  -Wno-unused-local-typedefs /root/blasttest/source_upload/ncbi-blast-2.5.0+-src_psiblastexb/c++/src/objtools/readers/read_util.cpp -o read_util.o 
/opt/rh/devtoolset-2/root/usr/bin/g++  -std=gnu++11 -c  -Wall -Wno-format-y2k  -pthread -fopenmp -O2   -DNDEBUG -D_LARGEFILE_SOURCE -D_FILE_OFFSET_BITS=64 -D_LARGEFILE64_SOURCE   -D_MT -D_REENTRANT -D_THREAD_SAFE -I/root/blasttest/source_upload/ncbi-blast-2.5.0+-src_psiblastexb/c++/ReleaseMT/inc -I/root/blasttest/source_upload/ncbi-blast-2.5.0+-src_psiblastexb/c++/include  -Wno-unused-local-typedefs /root/blasttest/source_upload/ncbi-blast-2.5.0+-src_psiblastexb/c++/src/objtools/readers/format_guess_ex.cpp -o format_guess_ex.o 
/opt/rh/devtoolset-2/root/usr/bin/g++  -std=gnu++11 -c  -Wall -Wno-format-y2k  -pthread -fopenmp -O2   -DNDEBUG -D_LARGEFILE_SOURCE -D_FILE_OFFSET_BITS=64 -D_LARGEFILE64_SOURCE   -D_MT -D_REENTRANT -D_THREAD_SAFE -I/root/blasttest/source_upload/ncbi-blast-2.5.0+-src_psiblastexb/c++/ReleaseMT/inc -I/root/blasttest/source_upload/ncbi-blast-2.5.0+-src_psiblastexb/c++/include  -Wno-unused-local-typedefs /root/blasttest/source_upload/ncbi-blast-2.5.0+-src_psiblastexb/c++/src/objtools/readers/acc_pattern.cpp -o acc_pattern.o 
/opt/rh/devtoolset-2/root/usr/bin/g++  -std=gnu++11 -c  -Wall -Wno-format-y2k  -pthread -fopenmp -O2   -DNDEBUG -D_LARGEFILE_SOURCE -D_FILE_OFFSET_BITS=64 -D_LARGEFILE64_SOURCE   -D_MT -D_REENTRANT -D_THREAD_SAFE -I/root/blasttest/source_upload/ncbi-blast-2.5.0+-src_psiblastexb/c++/ReleaseMT/inc -I/root/blasttest/source_upload/ncbi-blast-2.5.0+-src_psiblastexb/c++/include  -Wno-unused-local-typedefs /root/blasttest/source_upload/ncbi-blast-2.5.0+-src_psiblastexb/c++/src/objtools/readers/agp_read.cpp -o agp_read.o 
&, ncbi::EAgpRead_IdRule, bool, std::vector<std::vector<char> >*)&, std::vector<ncbi::CRef<ncbi::objects::CSeq_entry> >&, ncbi::EAgpRead_IdRule, bool, std::vector<std::vector<char> >*)ponent_id_rule, set_gap_data, component_types);
&, std::vector<ncbi::CRef<ncbi::objects::CSeq_entry> >&, ncbi::EAgpRead_IdRule, bool, std::vector<std::vector<char> >*)&, std::vector<ncbi::CRef<ncbi::objects::CBioseq> >&, ncbi::EAgpRead_IdRule, bool, std::vector<std::vector<char> >*)ponent_id_rule, set_gap_data, component_types);
&, std::vector<ncbi::CRef<ncbi::objects::CBioseq> >&, ncbi::EAgpRead_IdRule, bool, std::vector<std::vector<char> >*)pString, ncbi::CTempString, std::vector<std::basic_string<char> >&, ncbi::NStr::TSplitFlags, std::vector<long unsigned int>*)/opt/rh/devtoolset-2/root/usr/bin/g++  -std=gnu++11 -c  -Wall -Wno-format-y2k  -pthread -fopenmp -O2   -DNDEBUG -D_LARGEFILE_SOURCE -D_FILE_OFFSET_BITS=64 -D_LARGEFILE64_SOURCE   -D_MT -D_REENTRANT -D_THREAD_SAFE -I/root/blasttest/source_upload/ncbi-blast-2.5.0+-src_psiblastexb/c++/ReleaseMT/inc -I/root/blasttest/source_upload/ncbi-blast-2.5.0+-src_psiblastexb/c++/include  -Wno-unused-local-typedefs /root/blasttest/source_upload/ncbi-blast-2.5.0+-src_psiblastexb/c++/src/objtools/readers/agp_seq_entry.cpp -o agp_seq_entry.o 
/opt/rh/devtoolset-2/root/usr/bin/g++  -std=gnu++11 -c  -Wall -Wno-format-y2k  -pthread -fopenmp -O2   -DNDEBUG -D_LARGEFILE_SOURCE -D_FILE_OFFSET_BITS=64 -D_LARGEFILE64_SOURCE   -D_MT -D_REENTRANT -D_THREAD_SAFE -I/root/blasttest/source_upload/ncbi-blast-2.5.0+-src_psiblastexb/c++/ReleaseMT/inc -I/root/blasttest/source_upload/ncbi-blast-2.5.0+-src_psiblastexb/c++/include  -Wno-unused-local-typedefs /root/blasttest/source_upload/ncbi-blast-2.5.0+-src_psiblastexb/c++/src/objtools/readers/agp_util.cpp -o agp_util.o 
/opt/rh/devtoolset-2/root/usr/bin/g++  -std=gnu++11 -c  -Wall -Wno-format-y2k  -pthread -fopenmp -O2   -DNDEBUG -D_LARGEFILE_SOURCE -D_FILE_OFFSET_BITS=64 -D_LARGEFILE64_SOURCE   -D_MT -D_REENTRANT -D_THREAD_SAFE -I/root/blasttest/source_upload/ncbi-blast-2.5.0+-src_psiblastexb/c++/ReleaseMT/inc -I/root/blasttest/source_upload/ncbi-blast-2.5.0+-src_psiblastexb/c++/include  -Wno-unused-local-typedefs /root/blasttest/source_upload/ncbi-blast-2.5.0+-src_psiblastexb/c++/src/objtools/readers/agp_validate_reader.cpp -o agp_validate_reader.o 
/opt/rh/devtoolset-2/root/usr/bin/g++  -std=gnu++11 -c  -Wall -Wno-format-y2k  -pthread -fopenmp -O2   -DNDEBUG -D_LARGEFILE_SOURCE -D_FILE_OFFSET_BITS=64 -D_LARGEFILE64_SOURCE   -D_MT -D_REENTRANT -D_THREAD_SAFE -I/root/blasttest/source_upload/ncbi-blast-2.5.0+-src_psiblastexb/c++/ReleaseMT/inc -I/root/blasttest/source_upload/ncbi-blast-2.5.0+-src_psiblastexb/c++/include  -Wno-unused-local-typedefs /root/blasttest/source_upload/ncbi-blast-2.5.0+-src_psiblastexb/c++/src/objtools/readers/aln_reader.cpp -o aln_reader.o 
/opt/rh/devtoolset-2/root/usr/bin/g++  -std=gnu++11 -c  -Wall -Wno-format-y2k  -pthread -fopenmp -O2   -DNDEBUG -D_LARGEFILE_SOURCE -D_FILE_OFFSET_BITS=64 -D_LARGEFILE64_SOURCE   -D_MT -D_REENTRANT -D_THREAD_SAFE -I/root/blasttest/source_upload/ncbi-blast-2.5.0+-src_psiblastexb/c++/ReleaseMT/inc -I/root/blasttest/source_upload/ncbi-blast-2.5.0+-src_psiblastexb/c++/include  -Wno-unused-local-typedefs /root/blasttest/source_upload/ncbi-blast-2.5.0+-src_psiblastexb/c++/src/objtools/readers/bed_reader.cpp -o bed_reader.o 
ember function ‘ember function ‘Score(ncbi::CRef<ncbi::objects::CUser_object>, const string&)ay be used uninitialized in this function [-Wmaybe-uninitialized]
     if (score < 0  ||  1000 < score) {
/opt/rh/devtoolset-2/root/usr/bin/g++  -std=gnu++11 -c  -Wall -Wno-format-y2k  -pthread -fopenmp -O2   -DNDEBUG -D_LARGEFILE_SOURCE -D_FILE_OFFSET_BITS=64 -D_LARGEFILE64_SOURCE   -D_MT -D_REENTRANT -D_THREAD_SAFE -I/root/blasttest/source_upload/ncbi-blast-2.5.0+-src_psiblastexb/c++/ReleaseMT/inc -I/root/blasttest/source_upload/ncbi-blast-2.5.0+-src_psiblastexb/c++/include  -Wno-unused-local-typedefs /root/blasttest/source_upload/ncbi-blast-2.5.0+-src_psiblastexb/c++/src/objtools/readers/cigar.cpp -o cigar.o 
/opt/rh/devtoolset-2/root/usr/bin/g++  -std=gnu++11 -c  -Wall -Wno-format-y2k  -pthread -fopenmp -O2   -DNDEBUG -D_LARGEFILE_SOURCE -D_FILE_OFFSET_BITS=64 -D_LARGEFILE64_SOURCE   -D_MT -D_REENTRANT -D_THREAD_SAFE -I/root/blasttest/source_upload/ncbi-blast-2.5.0+-src_psiblastexb/c++/ReleaseMT/inc -I/root/blasttest/source_upload/ncbi-blast-2.5.0+-src_psiblastexb/c++/include  -Wno-unused-local-typedefs /root/blasttest/source_upload/ncbi-blast-2.5.0+-src_psiblastexb/c++/src/objtools/readers/fasta.cpp -o fasta.o 
ember function ‘pString>& ncbi::NStr::Tokenize(ncbi::CTempString, ncbi::CTempString, std::vector<ncbi::CTempString>&, ncbi::NStr::EMergeDelims, std::vector<long unsigned int>*)s);
/opt/rh/devtoolset-2/root/usr/bin/g++  -std=gnu++11 -c  -Wall -Wno-format-y2k  -pthread -fopenmp -O2   -DNDEBUG -D_LARGEFILE_SOURCE -D_FILE_OFFSET_BITS=64 -D_LARGEFILE64_SOURCE   -D_MT -D_REENTRANT -D_THREAD_SAFE -I/root/blasttest/source_upload/ncbi-blast-2.5.0+-src_psiblastexb/c++/ReleaseMT/inc -I/root/blasttest/source_upload/ncbi-blast-2.5.0+-src_psiblastexb/c++/include  -Wno-unused-local-typedefs /root/blasttest/source_upload/ncbi-blast-2.5.0+-src_psiblastexb/c++/src/objtools/readers/fasta_aln_builder.cpp -o fasta_aln_builder.o 
/opt/rh/devtoolset-2/root/usr/bin/g++  -std=gnu++11 -c  -Wall -Wno-format-y2k  -pthread -fopenmp -O2   -DNDEBUG -D_LARGEFILE_SOURCE -D_FILE_OFFSET_BITS=64 -D_LARGEFILE64_SOURCE   -D_MT -D_REENTRANT -D_THREAD_SAFE -I/root/blasttest/source_upload/ncbi-blast-2.5.0+-src_psiblastexb/c++/ReleaseMT/inc -I/root/blasttest/source_upload/ncbi-blast-2.5.0+-src_psiblastexb/c++/include  -Wno-unused-local-typedefs /root/blasttest/source_upload/ncbi-blast-2.5.0+-src_psiblastexb/c++/src/objtools/readers/getfeature.cpp -o getfeature.o 
/opt/rh/devtoolset-2/root/usr/bin/g++  -std=gnu++11 -c  -Wall -Wno-format-y2k  -pthread -fopenmp -O2   -DNDEBUG -D_LARGEFILE_SOURCE -D_FILE_OFFSET_BITS=64 -D_LARGEFILE64_SOURCE   -D_MT -D_REENTRANT -D_THREAD_SAFE -I/root/blasttest/source_upload/ncbi-blast-2.5.0+-src_psiblastexb/c++/ReleaseMT/inc -I/root/blasttest/source_upload/ncbi-blast-2.5.0+-src_psiblastexb/c++/include  -Wno-unused-local-typedefs /root/blasttest/source_upload/ncbi-blast-2.5.0+-src_psiblastexb/c++/src/objtools/readers/gff_reader.cpp -o gff_reader.o 
ember function ‘ment(const TStr&)pString>& ncbi::NStr::Tokenize(ncbi::CTempString, ncbi::CTempString, std::vector<ncbi::CTempString>&, ncbi::NStr::EMergeDelims, std::vector<long unsigned int>*)s);
ember function ‘pString>& ncbi::NStr::Tokenize(ncbi::CTempString, ncbi::CTempString, std::vector<ncbi::CTempString>&, ncbi::NStr::EMergeDelims, std::vector<long unsigned int>*)s);
pString>& ncbi::NStr::Tokenize(ncbi::CTempString, ncbi::CTempString, std::vector<ncbi::CTempString>&, ncbi::NStr::EMergeDelims, std::vector<long unsigned int>*)s);
ember function ‘pString, ncbi::CTempString, std::vector<std::basic_string<char> >&, ncbi::NStr::EMergeDelims, std::vector<long unsigned int>*)s);
pString, ncbi::CTempString, std::vector<std::basic_string<char> >&, ncbi::NStr::TSplitFlags, std::vector<long unsigned int>*)/opt/rh/devtoolset-2/root/usr/bin/g++  -std=gnu++11 -c  -Wall -Wno-format-y2k  -pthread -fopenmp -O2   -DNDEBUG -D_LARGEFILE_SOURCE -D_FILE_OFFSET_BITS=64 -D_LARGEFILE64_SOURCE   -D_MT -D_REENTRANT -D_THREAD_SAFE -I/root/blasttest/source_upload/ncbi-blast-2.5.0+-src_psiblastexb/c++/ReleaseMT/inc -I/root/blasttest/source_upload/ncbi-blast-2.5.0+-src_psiblastexb/c++/include  -Wno-unused-local-typedefs /root/blasttest/source_upload/ncbi-blast-2.5.0+-src_psiblastexb/c++/src/objtools/readers/track_data.cpp -o track_data.o 
/opt/rh/devtoolset-2/root/usr/bin/g++  -std=gnu++11 -c  -Wall -Wno-format-y2k  -pthread -fopenmp -O2   -DNDEBUG -D_LARGEFILE_SOURCE -D_FILE_OFFSET_BITS=64 -D_LARGEFILE64_SOURCE   -D_MT -D_REENTRANT -D_THREAD_SAFE -I/root/blasttest/source_upload/ncbi-blast-2.5.0+-src_psiblastexb/c++/ReleaseMT/inc -I/root/blasttest/source_upload/ncbi-blast-2.5.0+-src_psiblastexb/c++/include  -Wno-unused-local-typedefs /root/blasttest/source_upload/ncbi-blast-2.5.0+-src_psiblastexb/c++/src/objtools/readers/reader_data.cpp -o reader_data.o 
/opt/rh/devtoolset-2/root/usr/bin/g++  -std=gnu++11 -c  -Wall -Wno-format-y2k  -pthread -fopenmp -O2   -DNDEBUG -D_LARGEFILE_SOURCE -D_FILE_OFFSET_BITS=64 -D_LARGEFILE64_SOURCE   -D_MT -D_REENTRANT -D_THREAD_SAFE -I/root/blasttest/source_upload/ncbi-blast-2.5.0+-src_psiblastexb/c++/ReleaseMT/inc -I/root/blasttest/source_upload/ncbi-blast-2.5.0+-src_psiblastexb/c++/include  -Wno-unused-local-typedefs /root/blasttest/source_upload/ncbi-blast-2.5.0+-src_psiblastexb/c++/src/objtools/readers/microarray_reader.cpp -o microarray_reader.o 
/opt/rh/devtoolset-2/root/usr/bin/g++  -std=gnu++11 -c  -Wall -Wno-format-y2k  -pthread -fopenmp -O2   -DNDEBUG -D_LARGEFILE_SOURCE -D_FILE_OFFSET_BITS=64 -D_LARGEFILE64_SOURCE   -D_MT -D_REENTRANT -D_THREAD_SAFE -I/root/blasttest/source_upload/ncbi-blast-2.5.0+-src_psiblastexb/c++/ReleaseMT/inc -I/root/blasttest/source_upload/ncbi-blast-2.5.0+-src_psiblastexb/c++/include  -Wno-unused-local-typedefs /root/blasttest/source_upload/ncbi-blast-2.5.0+-src_psiblastexb/c++/src/objtools/readers/phrap.cpp -o phrap.o 
/opt/rh/devtoolset-2/root/usr/bin/g++  -std=gnu++11 -c  -Wall -Wno-format-y2k  -pthread -fopenmp -O2   -DNDEBUG -D_LARGEFILE_SOURCE -D_FILE_OFFSET_BITS=64 -D_LARGEFILE64_SOURCE   -D_MT -D_REENTRANT -D_THREAD_SAFE -I/root/blasttest/source_upload/ncbi-blast-2.5.0+-src_psiblastexb/c++/ReleaseMT/inc -I/root/blasttest/source_upload/ncbi-blast-2.5.0+-src_psiblastexb/c++/include  -Wno-unused-local-typedefs /root/blasttest/source_upload/ncbi-blast-2.5.0+-src_psiblastexb/c++/src/objtools/readers/reader_base.cpp -o reader_base.o 
ember function ‘inator(const ncbi::CTempString&)pString ncbi::NStr::TruncateSpaces(ncbi::CTempString, ncbi::NStr::ETrunc)/opt/rh/devtoolset-2/root/usr/bin/g++  -std=gnu++11 -c  -Wall -Wno-format-y2k  -pthread -fopenmp -O2   -DNDEBUG -D_LARGEFILE_SOURCE -D_FILE_OFFSET_BITS=64 -D_LARGEFILE64_SOURCE   -D_MT -D_REENTRANT -D_THREAD_SAFE -I/root/blasttest/source_upload/ncbi-blast-2.5.0+-src_psiblastexb/c++/ReleaseMT/inc -I/root/blasttest/source_upload/ncbi-blast-2.5.0+-src_psiblastexb/c++/include  -Wno-unused-local-typedefs /root/blasttest/source_upload/ncbi-blast-2.5.0+-src_psiblastexb/c++/src/objtools/readers/readfeat.cpp -o readfeat.o 
p::CFeature_table_reader_imp(ncbi::ILineReader*, unsigned int, ncbi::objects::ILineErrorListener*)p::m_reader_reader;
p::m_line_num_line_num;
p::CFeature_table_reader_imp(ILineReader* reader, unsigned int line_num, ILineErrorListener* pMessageListener)
/opt/rh/devtoolset-2/root/usr/bin/g++  -std=gnu++11 -c  -Wall -Wno-format-y2k  -pthread -fopenmp -O2   -DNDEBUG -D_LARGEFILE_SOURCE -D_FILE_OFFSET_BITS=64 -D_LARGEFILE64_SOURCE   -D_MT -D_REENTRANT -D_THREAD_SAFE -I/root/blasttest/source_upload/ncbi-blast-2.5.0+-src_psiblastexb/c++/ReleaseMT/inc -I/root/blasttest/source_upload/ncbi-blast-2.5.0+-src_psiblastexb/c++/include  -Wno-unused-local-typedefs /root/blasttest/source_upload/ncbi-blast-2.5.0+-src_psiblastexb/c++/src/objtools/readers/rm_reader.cpp -o rm_reader.o 
_reader.cpp:ember function ‘_reader.cpp:893:43:pString, ncbi::CTempString, std::list<std::basic_string<char> >&)/opt/rh/devtoolset-2/root/usr/bin/g++  -std=gnu++11 -c  -Wall -Wno-format-y2k  -pthread -fopenmp -O2   -DNDEBUG -D_LARGEFILE_SOURCE -D_FILE_OFFSET_BITS=64 -D_LARGEFILE64_SOURCE   -D_MT -D_REENTRANT -D_THREAD_SAFE -I/root/blasttest/source_upload/ncbi-blast-2.5.0+-src_psiblastexb/c++/ReleaseMT/inc -I/root/blasttest/source_upload/ncbi-blast-2.5.0+-src_psiblastexb/c++/include  -Wno-unused-local-typedefs /root/blasttest/source_upload/ncbi-blast-2.5.0+-src_psiblastexb/c++/src/objtools/readers/wiggle_reader.cpp -o wiggle_reader.o 
/opt/rh/devtoolset-2/root/usr/bin/g++  -std=gnu++11 -c  -Wall -Wno-format-y2k  -pthread -fopenmp -O2   -DNDEBUG -D_LARGEFILE_SOURCE -D_FILE_OFFSET_BITS=64 -D_LARGEFILE64_SOURCE   -D_MT -D_REENTRANT -D_THREAD_SAFE -I/root/blasttest/source_upload/ncbi-blast-2.5.0+-src_psiblastexb/c++/ReleaseMT/inc -I/root/blasttest/source_upload/ncbi-blast-2.5.0+-src_psiblastexb/c++/include  -Wno-unused-local-typedefs /root/blasttest/source_upload/ncbi-blast-2.5.0+-src_psiblastexb/c++/src/objtools/readers/gff3_sofa.cpp -o gff3_sofa.o 
/opt/rh/devtoolset-2/root/usr/bin/g++  -std=gnu++11 -c  -Wall -Wno-format-y2k  -pthread -fopenmp -O2   -DNDEBUG -D_LARGEFILE_SOURCE -D_FILE_OFFSET_BITS=64 -D_LARGEFILE64_SOURCE   -D_MT -D_REENTRANT -D_THREAD_SAFE -I/root/blasttest/source_upload/ncbi-blast-2.5.0+-src_psiblastexb/c++/ReleaseMT/inc -I/root/blasttest/source_upload/ncbi-blast-2.5.0+-src_psiblastexb/c++/include  -Wno-unused-local-typedefs /root/blasttest/source_upload/ncbi-blast-2.5.0+-src_psiblastexb/c++/src/objtools/readers/gff3_reader.cpp -o gff3_reader.o 
ember function ‘() < containingInt.GetFrom())  ||
/opt/rh/devtoolset-2/root/usr/bin/g++  -std=gnu++11 -c  -Wall -Wno-format-y2k  -pthread -fopenmp -O2   -DNDEBUG -D_LARGEFILE_SOURCE -D_FILE_OFFSET_BITS=64 -D_LARGEFILE64_SOURCE   -D_MT -D_REENTRANT -D_THREAD_SAFE -I/root/blasttest/source_upload/ncbi-blast-2.5.0+-src_psiblastexb/c++/ReleaseMT/inc -I/root/blasttest/source_upload/ncbi-blast-2.5.0+-src_psiblastexb/c++/include  -Wno-unused-local-typedefs /root/blasttest/source_upload/ncbi-blast-2.5.0+-src_psiblastexb/c++/src/objtools/readers/gtf_reader.cpp -o gtf_reader.o 
/opt/rh/devtoolset-2/root/usr/bin/g++  -std=gnu++11 -c  -Wall -Wno-format-y2k  -pthread -fopenmp -O2   -DNDEBUG -D_LARGEFILE_SOURCE -D_FILE_OFFSET_BITS=64 -D_LARGEFILE64_SOURCE   -D_MT -D_REENTRANT -D_THREAD_SAFE -I/root/blasttest/source_upload/ncbi-blast-2.5.0+-src_psiblastexb/c++/ReleaseMT/inc -I/root/blasttest/source_upload/ncbi-blast-2.5.0+-src_psiblastexb/c++/include  -Wno-unused-local-typedefs /root/blasttest/source_upload/ncbi-blast-2.5.0+-src_psiblastexb/c++/src/objtools/readers/gff2_data.cpp -o gff2_data.o 
ember function ‘pStringEx>&, const ncbi::CTempStringEx&)pStringEx>& ncbi::NStr::Tokenize(ncbi::CTempString, ncbi::CTempString, std::vector<ncbi::CTempStringEx>&, ncbi::NStr::TSplitFlags, std::vector<long unsigned int>*, ncbi::CTempString_Storage*)ns, NStr::fSplit_MergeDelims);
/opt/rh/devtoolset-2/root/usr/bin/g++  -std=gnu++11 -c  -Wall -Wno-format-y2k  -pthread -fopenmp -O2   -DNDEBUG -D_LARGEFILE_SOURCE -D_FILE_OFFSET_BITS=64 -D_LARGEFILE64_SOURCE   -D_MT -D_REENTRANT -D_THREAD_SAFE -I/root/blasttest/source_upload/ncbi-blast-2.5.0+-src_psiblastexb/c++/ReleaseMT/inc -I/root/blasttest/source_upload/ncbi-blast-2.5.0+-src_psiblastexb/c++/include  -Wno-unused-local-typedefs /root/blasttest/source_upload/ncbi-blast-2.5.0+-src_psiblastexb/c++/src/objtools/readers/gff2_reader.cpp -o gff2_reader.o 
/opt/rh/devtoolset-2/root/usr/bin/g++  -std=gnu++11 -c  -Wall -Wno-format-y2k  -pthread -fopenmp -O2   -DNDEBUG -D_LARGEFILE_SOURCE -D_FILE_OFFSET_BITS=64 -D_LARGEFILE64_SOURCE   -D_MT -D_REENTRANT -D_THREAD_SAFE -I/root/blasttest/source_upload/ncbi-blast-2.5.0+-src_psiblastexb/c++/ReleaseMT/inc -I/root/blasttest/source_upload/ncbi-blast-2.5.0+-src_psiblastexb/c++/include  -Wno-unused-local-typedefs /root/blasttest/source_upload/ncbi-blast-2.5.0+-src_psiblastexb/c++/src/objtools/readers/gvf_reader.cpp -o gvf_reader.o 
/opt/rh/devtoolset-2/root/usr/bin/g++  -std=gnu++11 -c  -Wall -Wno-format-y2k  -pthread -fopenmp -O2   -DNDEBUG -D_LARGEFILE_SOURCE -D_FILE_OFFSET_BITS=64 -D_LARGEFILE64_SOURCE   -D_MT -D_REENTRANT -D_THREAD_SAFE -I/root/blasttest/source_upload/ncbi-blast-2.5.0+-src_psiblastexb/c++/ReleaseMT/inc -I/root/blasttest/source_upload/ncbi-blast-2.5.0+-src_psiblastexb/c++/include  -Wno-unused-local-typedefs /root/blasttest/source_upload/ncbi-blast-2.5.0+-src_psiblastexb/c++/src/objtools/readers/vcf_reader.cpp -o vcf_reader.o 
/opt/rh/devtoolset-2/root/usr/bin/g++  -std=gnu++11 -c  -Wall -Wno-format-y2k  -pthread -fopenmp -O2   -DNDEBUG -D_LARGEFILE_SOURCE -D_FILE_OFFSET_BITS=64 -D_LARGEFILE64_SOURCE   -D_MT -D_REENTRANT -D_THREAD_SAFE -I/root/blasttest/source_upload/ncbi-blast-2.5.0+-src_psiblastexb/c++/ReleaseMT/inc -I/root/blasttest/source_upload/ncbi-blast-2.5.0+-src_psiblastexb/c++/include  -Wno-unused-local-typedefs /root/blasttest/source_upload/ncbi-blast-2.5.0+-src_psiblastexb/c++/src/objtools/readers/best_feat_finder.cpp -o best_feat_finder.o 
/opt/rh/devtoolset-2/root/usr/bin/g++  -std=gnu++11 -c  -Wall -Wno-format-y2k  -pthread -fopenmp -O2   -DNDEBUG -D_LARGEFILE_SOURCE -D_FILE_OFFSET_BITS=64 -D_LARGEFILE64_SOURCE   -D_MT -D_REENTRANT -D_THREAD_SAFE -I/root/blasttest/source_upload/ncbi-blast-2.5.0+-src_psiblastexb/c++/ReleaseMT/inc -I/root/blasttest/source_upload/ncbi-blast-2.5.0+-src_psiblastexb/c++/include  -Wno-unused-local-typedefs /root/blasttest/source_upload/ncbi-blast-2.5.0+-src_psiblastexb/c++/src/objtools/readers/source_mod_parser.cpp -o source_mod_parser.o 
/opt/rh/devtoolset-2/root/usr/bin/g++  -std=gnu++11 -c  -Wall -Wno-format-y2k  -pthread -fopenmp -O2   -DNDEBUG -D_LARGEFILE_SOURCE -D_FILE_OFFSET_BITS=64 -D_LARGEFILE64_SOURCE   -D_MT -D_REENTRANT -D_THREAD_SAFE -I/root/blasttest/source_upload/ncbi-blast-2.5.0+-src_psiblastexb/c++/ReleaseMT/inc -I/root/blasttest/source_upload/ncbi-blast-2.5.0+-src_psiblastexb/c++/include  -Wno-unused-local-typedefs /root/blasttest/source_upload/ncbi-blast-2.5.0+-src_psiblastexb/c++/src/objtools/readers/fasta_exception.cpp -o fasta_exception.o 
/opt/rh/devtoolset-2/root/usr/bin/g++  -std=gnu++11 -c  -Wall -Wno-format-y2k  -pthread -fopenmp -O2   -DNDEBUG -D_LARGEFILE_SOURCE -D_FILE_OFFSET_BITS=64 -D_LARGEFILE64_SOURCE   -D_MT -D_REENTRANT -D_THREAD_SAFE -I/root/blasttest/source_upload/ncbi-blast-2.5.0+-src_psiblastexb/c++/ReleaseMT/inc -I/root/blasttest/source_upload/ncbi-blast-2.5.0+-src_psiblastexb/c++/include  -Wno-unused-local-typedefs /root/blasttest/source_upload/ncbi-blast-2.5.0+-src_psiblastexb/c++/src/objtools/readers/agp_converter.cpp -o agp_converter.o 
ember function ‘osomeMap(ncbi::CNcbiIstream&)pString, ncbi::CTempString, std::list<std::basic_string<char> >&)/opt/rh/devtoolset-2/root/usr/bin/g++  -std=gnu++11 -c  -Wall -Wno-format-y2k  -pthread -fopenmp -O2   -DNDEBUG -D_LARGEFILE_SOURCE -D_FILE_OFFSET_BITS=64 -D_LARGEFILE64_SOURCE   -D_MT -D_REENTRANT -D_THREAD_SAFE -I/root/blasttest/source_upload/ncbi-blast-2.5.0+-src_psiblastexb/c++/ReleaseMT/inc -I/root/blasttest/source_upload/ncbi-blast-2.5.0+-src_psiblastexb/c++/include  -Wno-unused-local-typedefs /root/blasttest/source_upload/ncbi-blast-2.5.0+-src_psiblastexb/c++/src/objtools/readers/ucscregion_reader.cpp -o ucscregion_reader.o 
ember function ‘artFieldSplit(std::vector<std::basic_string<char> >&, ncbi::CTempString)pString, ncbi::CTempString, std::vector<std::basic_string<char> >&, ncbi::NStr::EMergeDelims, std::vector<long unsigned int>*)s);
/opt/rh/devtoolset-2/root/usr/bin/g++  -std=gnu++11 -c  -Wall -Wno-format-y2k  -pthread -fopenmp -O2   -DNDEBUG -D_LARGEFILE_SOURCE -D_FILE_OFFSET_BITS=64 -D_LARGEFILE64_SOURCE   -D_MT -D_REENTRANT -D_THREAD_SAFE -I/root/blasttest/source_upload/ncbi-blast-2.5.0+-src_psiblastexb/c++/ReleaseMT/inc -I/root/blasttest/source_upload/ncbi-blast-2.5.0+-src_psiblastexb/c++/include  -Wno-unused-local-typedefs /root/blasttest/source_upload/ncbi-blast-2.5.0+-src_psiblastexb/c++/src/objtools/readers/message_listener.cpp -o message_listener.o 
/opt/rh/devtoolset-2/root/usr/bin/g++  -std=gnu++11 -c  -Wall -Wno-format-y2k  -pthread -fopenmp -O2   -DNDEBUG -D_LARGEFILE_SOURCE -D_FILE_OFFSET_BITS=64 -D_LARGEFILE64_SOURCE   -D_MT -D_REENTRANT -D_THREAD_SAFE -I/root/blasttest/source_upload/ncbi-blast-2.5.0+-src_psiblastexb/c++/ReleaseMT/inc -I/root/blasttest/source_upload/ncbi-blast-2.5.0+-src_psiblastexb/c++/include  -Wno-unused-local-typedefs /root/blasttest/source_upload/ncbi-blast-2.5.0+-src_psiblastexb/c++/src/objtools/readers/line_error.cpp -o line_error.o 
/bin/rm -f libxobjread.a .libxobjread.a.stamp
ar cr libxobjread.a read_util.o format_guess_ex.o acc_pattern.o agp_read.o agp_seq_entry.o agp_util.o agp_validate_reader.o aln_reader.o bed_reader.o cigar.o fasta.o fasta_aln_builder.o getfeature.o gff_reader.o track_data.o reader_data.o microarray_reader.o phrap.o reader_base.o readfeat.o rm_reader.o wiggle_reader.o gff3_sofa.o gff3_reader.o gtf_reader.o gff2_data.o gff2_reader.o gvf_reader.o vcf_reader.o best_feat_finder.o source_mod_parser.o fasta_exception.o agp_converter.o ucscregion_reader.o message_listener.o line_error.o  
/bin/sh /root/blasttest/source_upload/ncbi-blast-2.5.0+-src_psiblastexb/c++/scripts/common/impl/if_diff.sh /bin/ln -f libxobjread.a /root/blasttest/source_upload/ncbi-blast-2.5.0+-src_psiblastexb/c++/ReleaseMT/lib
/bin/ln -f libxobjread.a /root/blasttest/source_upload/ncbi-blast-2.5.0+-src_psiblastexb/c++/ReleaseMT/lib/libxobjread.a
/bin/ln -f .xobjread.dep /root/blasttest/source_upload/ncbi-blast-2.5.0+-src_psiblastexb/c++/ReleaseMT/status/.xobjread.dep
make[4]: ディレクトリ `/root/blasttest/source_upload/ncbi-blast-2.5.0+-src_psiblastexb/c++/ReleaseMT/build/objtools/readers' から出ます
