make[3]: ディレクトリ `/root/blasttest/source_upload/ncbi-blast-2.5.0+-src/c++/ReleaseMT/build/util' に入ります
Updating dependency information for /root/blasttest/source_upload/ncbi-blast-2.5.0+-src/c++/src/util/file_manifest.cpp.
Updating dependency information for /root/blasttest/source_upload/ncbi-blast-2.5.0+-src/c++/src/util/stream_source.cpp.
Updating dependency information for /root/blasttest/source_upload/ncbi-blast-2.5.0+-src/c++/src/util/retry_ctx.cpp.
Updating dependency information for /root/blasttest/source_upload/ncbi-blast-2.5.0+-src/c++/src/util/table_printer.cpp.
Updating dependency information for /root/blasttest/source_upload/ncbi-blast-2.5.0+-src/c++/src/util/histogram_binning.cpp.
Updating dependency information for /root/blasttest/source_upload/ncbi-blast-2.5.0+-src/c++/src/util/util_misc.cpp.
Updating dependency information for /root/blasttest/source_upload/ncbi-blast-2.5.0+-src/c++/src/util/rangelist.cpp.
Updating dependency information for /root/blasttest/source_upload/ncbi-blast-2.5.0+-src/c++/src/util/distribution.cpp.
Updating dependency information for /root/blasttest/source_upload/ncbi-blast-2.5.0+-src/c++/src/util/scheduler.cpp.
Updating dependency information for /root/blasttest/source_upload/ncbi-blast-2.5.0+-src/c++/src/util/thread_pool_ctrl.cpp.
Updating dependency information for /root/blasttest/source_upload/ncbi-blast-2.5.0+-src/c++/src/util/thread_pool.cpp.
Updating dependency information for /root/blasttest/source_upload/ncbi-blast-2.5.0+-src/c++/src/util/itransaction.cpp.
Updating dependency information for /root/blasttest/source_upload/ncbi-blast-2.5.0+-src/c++/src/util/multi_writer.cpp.
Updating dependency information for /root/blasttest/source_upload/ncbi-blast-2.5.0+-src/c++/src/util/uttp.cpp.
Updating dependency information for /root/blasttest/source_upload/ncbi-blast-2.5.0+-src/c++/src/util/util_exception.cpp.
Updating dependency information for /root/blasttest/source_upload/ncbi-blast-2.5.0+-src/c++/src/util/line_reader.cpp.
Updating dependency information for /root/blasttest/source_upload/ncbi-blast-2.5.0+-src/c++/src/util/ncbi_cache.cpp.
Updating dependency information for /root/blasttest/source_upload/ncbi-blast-2.5.0+-src/c++/src/util/mutex_pool.cpp.
Updating dependency information for /root/blasttest/source_upload/ncbi-blast-2.5.0+-src/c++/src/util/miscmath.c.
Updating dependency information for /root/blasttest/source_upload/ncbi-blast-2.5.0+-src/c++/src/util/transmissionrw.cpp.
Updating dependency information for /root/blasttest/source_upload/ncbi-blast-2.5.0+-src/c++/src/util/static_set.cpp.
Updating dependency information for /root/blasttest/source_upload/ncbi-blast-2.5.0+-src/c++/src/util/sgml_entity.cpp.
Updating dependency information for /root/blasttest/source_upload/ncbi-blast-2.5.0+-src/c++/src/util/thread_nonstop.cpp.
Updating dependency information for /root/blasttest/source_upload/ncbi-blast-2.5.0+-src/c++/src/util/dictionary_util.cpp.
Updating dependency information for /root/blasttest/source_upload/ncbi-blast-2.5.0+-src/c++/src/util/dictionary.cpp.
Updating dependency information for /root/blasttest/source_upload/ncbi-blast-2.5.0+-src/c++/src/util/unicode.cpp.
Updating dependency information for /root/blasttest/source_upload/ncbi-blast-2.5.0+-src/c++/src/util/file_obsolete.cpp.
Updating dependency information for /root/blasttest/source_upload/ncbi-blast-2.5.0+-src/c++/src/util/md5.cpp.
Updating dependency information for /root/blasttest/source_upload/ncbi-blast-2.5.0+-src/c++/src/util/ascii85.cpp.
Updating dependency information for /root/blasttest/source_upload/ncbi-blast-2.5.0+-src/c++/src/util/format_guess.cpp.
Updating dependency information for /root/blasttest/source_upload/ncbi-blast-2.5.0+-src/c++/src/util/logrotate.cpp.
Updating dependency information for /root/blasttest/source_upload/ncbi-blast-2.5.0+-src/c++/src/util/strsearch.cpp.
Updating dependency information for /root/blasttest/source_upload/ncbi-blast-2.5.0+-src/c++/src/util/ddump_viewer.cpp.
Updating dependency information for /root/blasttest/source_upload/ncbi-blast-2.5.0+-src/c++/src/util/thread_pool_old.cpp.
Updating dependency information for /root/blasttest/source_upload/ncbi-blast-2.5.0+-src/c++/src/util/smalldns.cpp.
Updating dependency information for /root/blasttest/source_upload/ncbi-blast-2.5.0+-src/c++/src/util/itree.cpp.
Updating dependency information for /root/blasttest/source_upload/ncbi-blast-2.5.0+-src/c++/src/util/strbuffer.cpp.
Updating dependency information for /root/blasttest/source_upload/ncbi-blast-2.5.0+-src/c++/src/util/bytesrc.cpp.
Updating dependency information for /root/blasttest/source_upload/ncbi-blast-2.5.0+-src/c++/src/util/checksum.cpp.
Updating dependency information for /root/blasttest/source_upload/ncbi-blast-2.5.0+-src/c++/src/util/utf8.cpp.
Updating dependency information for /root/blasttest/source_upload/ncbi-blast-2.5.0+-src/c++/src/util/random_gen.cpp.
make[3]: ディレクトリ `/root/blasttest/source_upload/ncbi-blast-2.5.0+-src/c++/ReleaseMT/build/util' から出ます
make[3]: ディレクトリ `/root/blasttest/source_upload/ncbi-blast-2.5.0+-src/c++/ReleaseMT/build/util' に入ります
/opt/rh/devtoolset-2/root/usr/bin/g++  -std=gnu++11 -c  -Wall -Wno-format-y2k  -pthread -fopenmp -O2   -DNDEBUG -D_LARGEFILE_SOURCE -D_FILE_OFFSET_BITS=64 -D_LARGEFILE64_SOURCE   -D_MT -D_REENTRANT -D_THREAD_SAFE -I/root/blasttest/source_upload/ncbi-blast-2.5.0+-src/c++/ReleaseMT/inc -I/root/blasttest/source_upload/ncbi-blast-2.5.0+-src/c++/include  /root/blasttest/source_upload/ncbi-blast-2.5.0+-src/c++/src/util/random_gen.cpp -o random_gen.o 
/opt/rh/devtoolset-2/root/usr/bin/g++  -std=gnu++11 -c  -Wall -Wno-format-y2k  -pthread -fopenmp -O2   -DNDEBUG -D_LARGEFILE_SOURCE -D_FILE_OFFSET_BITS=64 -D_LARGEFILE64_SOURCE   -D_MT -D_REENTRANT -D_THREAD_SAFE -I/root/blasttest/source_upload/ncbi-blast-2.5.0+-src/c++/ReleaseMT/inc -I/root/blasttest/source_upload/ncbi-blast-2.5.0+-src/c++/include  /root/blasttest/source_upload/ncbi-blast-2.5.0+-src/c++/src/util/utf8.cpp -o utf8.o 
/opt/rh/devtoolset-2/root/usr/bin/g++  -std=gnu++11 -c  -Wall -Wno-format-y2k  -pthread -fopenmp -O2   -DNDEBUG -D_LARGEFILE_SOURCE -D_FILE_OFFSET_BITS=64 -D_LARGEFILE64_SOURCE   -D_MT -D_REENTRANT -D_THREAD_SAFE -I/root/blasttest/source_upload/ncbi-blast-2.5.0+-src/c++/ReleaseMT/inc -I/root/blasttest/source_upload/ncbi-blast-2.5.0+-src/c++/include  /root/blasttest/source_upload/ncbi-blast-2.5.0+-src/c++/src/util/checksum.cpp -o checksum.o 
/opt/rh/devtoolset-2/root/usr/bin/g++  -std=gnu++11 -c  -Wall -Wno-format-y2k  -pthread -fopenmp -O2   -DNDEBUG -D_LARGEFILE_SOURCE -D_FILE_OFFSET_BITS=64 -D_LARGEFILE64_SOURCE   -D_MT -D_REENTRANT -D_THREAD_SAFE -I/root/blasttest/source_upload/ncbi-blast-2.5.0+-src/c++/ReleaseMT/inc -I/root/blasttest/source_upload/ncbi-blast-2.5.0+-src/c++/include  /root/blasttest/source_upload/ncbi-blast-2.5.0+-src/c++/src/util/bytesrc.cpp -o bytesrc.o 
/opt/rh/devtoolset-2/root/usr/bin/g++  -std=gnu++11 -c  -Wall -Wno-format-y2k  -pthread -fopenmp -O2   -DNDEBUG -D_LARGEFILE_SOURCE -D_FILE_OFFSET_BITS=64 -D_LARGEFILE64_SOURCE   -D_MT -D_REENTRANT -D_THREAD_SAFE -I/root/blasttest/source_upload/ncbi-blast-2.5.0+-src/c++/ReleaseMT/inc -I/root/blasttest/source_upload/ncbi-blast-2.5.0+-src/c++/include  /root/blasttest/source_upload/ncbi-blast-2.5.0+-src/c++/src/util/strbuffer.cpp -o strbuffer.o 
/opt/rh/devtoolset-2/root/usr/bin/g++  -std=gnu++11 -c  -Wall -Wno-format-y2k  -pthread -fopenmp -O2   -DNDEBUG -D_LARGEFILE_SOURCE -D_FILE_OFFSET_BITS=64 -D_LARGEFILE64_SOURCE   -D_MT -D_REENTRANT -D_THREAD_SAFE -I/root/blasttest/source_upload/ncbi-blast-2.5.0+-src/c++/ReleaseMT/inc -I/root/blasttest/source_upload/ncbi-blast-2.5.0+-src/c++/include  /root/blasttest/source_upload/ncbi-blast-2.5.0+-src/c++/src/util/itree.cpp -o itree.o 
/opt/rh/devtoolset-2/root/usr/bin/g++  -std=gnu++11 -c  -Wall -Wno-format-y2k  -pthread -fopenmp -O2   -DNDEBUG -D_LARGEFILE_SOURCE -D_FILE_OFFSET_BITS=64 -D_LARGEFILE64_SOURCE   -D_MT -D_REENTRANT -D_THREAD_SAFE -I/root/blasttest/source_upload/ncbi-blast-2.5.0+-src/c++/ReleaseMT/inc -I/root/blasttest/source_upload/ncbi-blast-2.5.0+-src/c++/include  /root/blasttest/source_upload/ncbi-blast-2.5.0+-src/c++/src/util/smalldns.cpp -o smalldns.o 
/opt/rh/devtoolset-2/root/usr/bin/g++  -std=gnu++11 -c  -Wall -Wno-format-y2k  -pthread -fopenmp -O2   -DNDEBUG -D_LARGEFILE_SOURCE -D_FILE_OFFSET_BITS=64 -D_LARGEFILE64_SOURCE   -D_MT -D_REENTRANT -D_THREAD_SAFE -I/root/blasttest/source_upload/ncbi-blast-2.5.0+-src/c++/ReleaseMT/inc -I/root/blasttest/source_upload/ncbi-blast-2.5.0+-src/c++/include  /root/blasttest/source_upload/ncbi-blast-2.5.0+-src/c++/src/util/thread_pool_old.cpp -o thread_pool_old.o 
/opt/rh/devtoolset-2/root/usr/bin/g++  -std=gnu++11 -c  -Wall -Wno-format-y2k  -pthread -fopenmp -O2   -DNDEBUG -D_LARGEFILE_SOURCE -D_FILE_OFFSET_BITS=64 -D_LARGEFILE64_SOURCE   -D_MT -D_REENTRANT -D_THREAD_SAFE -I/root/blasttest/source_upload/ncbi-blast-2.5.0+-src/c++/ReleaseMT/inc -I/root/blasttest/source_upload/ncbi-blast-2.5.0+-src/c++/include  /root/blasttest/source_upload/ncbi-blast-2.5.0+-src/c++/src/util/ddump_viewer.cpp -o ddump_viewer.o 
/opt/rh/devtoolset-2/root/usr/bin/g++  -std=gnu++11 -c  -Wall -Wno-format-y2k  -pthread -fopenmp -O2   -DNDEBUG -D_LARGEFILE_SOURCE -D_FILE_OFFSET_BITS=64 -D_LARGEFILE64_SOURCE   -D_MT -D_REENTRANT -D_THREAD_SAFE -I/root/blasttest/source_upload/ncbi-blast-2.5.0+-src/c++/ReleaseMT/inc -I/root/blasttest/source_upload/ncbi-blast-2.5.0+-src/c++/include  /root/blasttest/source_upload/ncbi-blast-2.5.0+-src/c++/src/util/strsearch.cpp -o strsearch.o 
/opt/rh/devtoolset-2/root/usr/bin/g++  -std=gnu++11 -c  -Wall -Wno-format-y2k  -pthread -fopenmp -O2   -DNDEBUG -D_LARGEFILE_SOURCE -D_FILE_OFFSET_BITS=64 -D_LARGEFILE64_SOURCE   -D_MT -D_REENTRANT -D_THREAD_SAFE -I/root/blasttest/source_upload/ncbi-blast-2.5.0+-src/c++/ReleaseMT/inc -I/root/blasttest/source_upload/ncbi-blast-2.5.0+-src/c++/include  /root/blasttest/source_upload/ncbi-blast-2.5.0+-src/c++/src/util/logrotate.cpp -o logrotate.o 
/opt/rh/devtoolset-2/root/usr/bin/g++  -std=gnu++11 -c  -Wall -Wno-format-y2k  -pthread -fopenmp -O2   -DNDEBUG -D_LARGEFILE_SOURCE -D_FILE_OFFSET_BITS=64 -D_LARGEFILE64_SOURCE   -D_MT -D_REENTRANT -D_THREAD_SAFE -I/root/blasttest/source_upload/ncbi-blast-2.5.0+-src/c++/ReleaseMT/inc -I/root/blasttest/source_upload/ncbi-blast-2.5.0+-src/c++/include  /root/blasttest/source_upload/ncbi-blast-2.5.0+-src/c++/src/util/format_guess.cpp -o format_guess.o 
/opt/rh/devtoolset-2/root/usr/bin/g++  -std=gnu++11 -c  -Wall -Wno-format-y2k  -pthread -fopenmp -O2   -DNDEBUG -D_LARGEFILE_SOURCE -D_FILE_OFFSET_BITS=64 -D_LARGEFILE64_SOURCE   -D_MT -D_REENTRANT -D_THREAD_SAFE -I/root/blasttest/source_upload/ncbi-blast-2.5.0+-src/c++/ReleaseMT/inc -I/root/blasttest/source_upload/ncbi-blast-2.5.0+-src/c++/include  /root/blasttest/source_upload/ncbi-blast-2.5.0+-src/c++/src/util/ascii85.cpp -o ascii85.o 
/opt/rh/devtoolset-2/root/usr/bin/g++  -std=gnu++11 -c  -Wall -Wno-format-y2k  -pthread -fopenmp -O2   -DNDEBUG -D_LARGEFILE_SOURCE -D_FILE_OFFSET_BITS=64 -D_LARGEFILE64_SOURCE   -D_MT -D_REENTRANT -D_THREAD_SAFE -I/root/blasttest/source_upload/ncbi-blast-2.5.0+-src/c++/ReleaseMT/inc -I/root/blasttest/source_upload/ncbi-blast-2.5.0+-src/c++/include  /root/blasttest/source_upload/ncbi-blast-2.5.0+-src/c++/src/util/md5.cpp -o md5.o 
d5.cpp:ember function ‘d5.cpp:156:38:_In)[14] = static_cast<Uint4>(m_Bits);
d5.cpp:157:38:_In)[15] = static_cast<Uint4>(m_Bits >> 32);
/opt/rh/devtoolset-2/root/usr/bin/g++  -std=gnu++11 -c  -Wall -Wno-format-y2k  -pthread -fopenmp -O2   -DNDEBUG -D_LARGEFILE_SOURCE -D_FILE_OFFSET_BITS=64 -D_LARGEFILE64_SOURCE   -D_MT -D_REENTRANT -D_THREAD_SAFE -I/root/blasttest/source_upload/ncbi-blast-2.5.0+-src/c++/ReleaseMT/inc -I/root/blasttest/source_upload/ncbi-blast-2.5.0+-src/c++/include  /root/blasttest/source_upload/ncbi-blast-2.5.0+-src/c++/src/util/file_obsolete.cpp -o file_obsolete.o 
/opt/rh/devtoolset-2/root/usr/bin/g++  -std=gnu++11 -c  -Wall -Wno-format-y2k  -pthread -fopenmp -O2   -DNDEBUG -D_LARGEFILE_SOURCE -D_FILE_OFFSET_BITS=64 -D_LARGEFILE64_SOURCE   -D_MT -D_REENTRANT -D_THREAD_SAFE -I/root/blasttest/source_upload/ncbi-blast-2.5.0+-src/c++/ReleaseMT/inc -I/root/blasttest/source_upload/ncbi-blast-2.5.0+-src/c++/include  /root/blasttest/source_upload/ncbi-blast-2.5.0+-src/c++/src/util/unicode.cpp -o unicode.o 
/opt/rh/devtoolset-2/root/usr/bin/g++  -std=gnu++11 -c  -Wall -Wno-format-y2k  -pthread -fopenmp -O2   -DNDEBUG -D_LARGEFILE_SOURCE -D_FILE_OFFSET_BITS=64 -D_LARGEFILE64_SOURCE   -D_MT -D_REENTRANT -D_THREAD_SAFE -I/root/blasttest/source_upload/ncbi-blast-2.5.0+-src/c++/ReleaseMT/inc -I/root/blasttest/source_upload/ncbi-blast-2.5.0+-src/c++/include  /root/blasttest/source_upload/ncbi-blast-2.5.0+-src/c++/src/util/dictionary.cpp -o dictionary.o 
/opt/rh/devtoolset-2/root/usr/bin/g++  -std=gnu++11 -c  -Wall -Wno-format-y2k  -pthread -fopenmp -O2   -DNDEBUG -D_LARGEFILE_SOURCE -D_FILE_OFFSET_BITS=64 -D_LARGEFILE64_SOURCE   -D_MT -D_REENTRANT -D_THREAD_SAFE -I/root/blasttest/source_upload/ncbi-blast-2.5.0+-src/c++/ReleaseMT/inc -I/root/blasttest/source_upload/ncbi-blast-2.5.0+-src/c++/include  /root/blasttest/source_upload/ncbi-blast-2.5.0+-src/c++/src/util/dictionary_util.cpp -o dictionary_util.o 
/opt/rh/devtoolset-2/root/usr/bin/g++  -std=gnu++11 -c  -Wall -Wno-format-y2k  -pthread -fopenmp -O2   -DNDEBUG -D_LARGEFILE_SOURCE -D_FILE_OFFSET_BITS=64 -D_LARGEFILE64_SOURCE   -D_MT -D_REENTRANT -D_THREAD_SAFE -I/root/blasttest/source_upload/ncbi-blast-2.5.0+-src/c++/ReleaseMT/inc -I/root/blasttest/source_upload/ncbi-blast-2.5.0+-src/c++/include  /root/blasttest/source_upload/ncbi-blast-2.5.0+-src/c++/src/util/thread_nonstop.cpp -o thread_nonstop.o 
/opt/rh/devtoolset-2/root/usr/bin/g++  -std=gnu++11 -c  -Wall -Wno-format-y2k  -pthread -fopenmp -O2   -DNDEBUG -D_LARGEFILE_SOURCE -D_FILE_OFFSET_BITS=64 -D_LARGEFILE64_SOURCE   -D_MT -D_REENTRANT -D_THREAD_SAFE -I/root/blasttest/source_upload/ncbi-blast-2.5.0+-src/c++/ReleaseMT/inc -I/root/blasttest/source_upload/ncbi-blast-2.5.0+-src/c++/include  /root/blasttest/source_upload/ncbi-blast-2.5.0+-src/c++/src/util/sgml_entity.cpp -o sgml_entity.o 
/opt/rh/devtoolset-2/root/usr/bin/g++  -std=gnu++11 -c  -Wall -Wno-format-y2k  -pthread -fopenmp -O2   -DNDEBUG -D_LARGEFILE_SOURCE -D_FILE_OFFSET_BITS=64 -D_LARGEFILE64_SOURCE   -D_MT -D_REENTRANT -D_THREAD_SAFE -I/root/blasttest/source_upload/ncbi-blast-2.5.0+-src/c++/ReleaseMT/inc -I/root/blasttest/source_upload/ncbi-blast-2.5.0+-src/c++/include  /root/blasttest/source_upload/ncbi-blast-2.5.0+-src/c++/src/util/static_set.cpp -o static_set.o 
/opt/rh/devtoolset-2/root/usr/bin/g++  -std=gnu++11 -c  -Wall -Wno-format-y2k  -pthread -fopenmp -O2   -DNDEBUG -D_LARGEFILE_SOURCE -D_FILE_OFFSET_BITS=64 -D_LARGEFILE64_SOURCE   -D_MT -D_REENTRANT -D_THREAD_SAFE -I/root/blasttest/source_upload/ncbi-blast-2.5.0+-src/c++/ReleaseMT/inc -I/root/blasttest/source_upload/ncbi-blast-2.5.0+-src/c++/include  /root/blasttest/source_upload/ncbi-blast-2.5.0+-src/c++/src/util/transmissionrw.cpp -o transmissionrw.o 
/opt/rh/devtoolset-2/root/usr/bin/gcc  -std=gnu11 -fgnu89-inline -c  -Wall -Wno-format-y2k  -pthread -fopenmp -O2     -DNDEBUG -D_LARGEFILE_SOURCE -D_FILE_OFFSET_BITS=64 -D_LARGEFILE64_SOURCE   -D_MT -D_REENTRANT -D_THREAD_SAFE -I/root/blasttest/source_upload/ncbi-blast-2.5.0+-src/c++/ReleaseMT/inc -I/root/blasttest/source_upload/ncbi-blast-2.5.0+-src/c++/include  /root/blasttest/source_upload/ncbi-blast-2.5.0+-src/c++/src/util/miscmath.c -o miscmath.o 
/opt/rh/devtoolset-2/root/usr/bin/g++  -std=gnu++11 -c  -Wall -Wno-format-y2k  -pthread -fopenmp -O2   -DNDEBUG -D_LARGEFILE_SOURCE -D_FILE_OFFSET_BITS=64 -D_LARGEFILE64_SOURCE   -D_MT -D_REENTRANT -D_THREAD_SAFE -I/root/blasttest/source_upload/ncbi-blast-2.5.0+-src/c++/ReleaseMT/inc -I/root/blasttest/source_upload/ncbi-blast-2.5.0+-src/c++/include  /root/blasttest/source_upload/ncbi-blast-2.5.0+-src/c++/src/util/mutex_pool.cpp -o mutex_pool.o 
/opt/rh/devtoolset-2/root/usr/bin/g++  -std=gnu++11 -c  -Wall -Wno-format-y2k  -pthread -fopenmp -O2   -DNDEBUG -D_LARGEFILE_SOURCE -D_FILE_OFFSET_BITS=64 -D_LARGEFILE64_SOURCE   -D_MT -D_REENTRANT -D_THREAD_SAFE -I/root/blasttest/source_upload/ncbi-blast-2.5.0+-src/c++/ReleaseMT/inc -I/root/blasttest/source_upload/ncbi-blast-2.5.0+-src/c++/include  /root/blasttest/source_upload/ncbi-blast-2.5.0+-src/c++/src/util/ncbi_cache.cpp -o ncbi_cache.o 
/opt/rh/devtoolset-2/root/usr/bin/g++  -std=gnu++11 -c  -Wall -Wno-format-y2k  -pthread -fopenmp -O2   -DNDEBUG -D_LARGEFILE_SOURCE -D_FILE_OFFSET_BITS=64 -D_LARGEFILE64_SOURCE   -D_MT -D_REENTRANT -D_THREAD_SAFE -I/root/blasttest/source_upload/ncbi-blast-2.5.0+-src/c++/ReleaseMT/inc -I/root/blasttest/source_upload/ncbi-blast-2.5.0+-src/c++/include  /root/blasttest/source_upload/ncbi-blast-2.5.0+-src/c++/src/util/line_reader.cpp -o line_reader.o 
/opt/rh/devtoolset-2/root/usr/bin/g++  -std=gnu++11 -c  -Wall -Wno-format-y2k  -pthread -fopenmp -O2   -DNDEBUG -D_LARGEFILE_SOURCE -D_FILE_OFFSET_BITS=64 -D_LARGEFILE64_SOURCE   -D_MT -D_REENTRANT -D_THREAD_SAFE -I/root/blasttest/source_upload/ncbi-blast-2.5.0+-src/c++/ReleaseMT/inc -I/root/blasttest/source_upload/ncbi-blast-2.5.0+-src/c++/include  /root/blasttest/source_upload/ncbi-blast-2.5.0+-src/c++/src/util/util_exception.cpp -o util_exception.o 
/opt/rh/devtoolset-2/root/usr/bin/g++  -std=gnu++11 -c  -Wall -Wno-format-y2k  -pthread -fopenmp -O2   -DNDEBUG -D_LARGEFILE_SOURCE -D_FILE_OFFSET_BITS=64 -D_LARGEFILE64_SOURCE   -D_MT -D_REENTRANT -D_THREAD_SAFE -I/root/blasttest/source_upload/ncbi-blast-2.5.0+-src/c++/ReleaseMT/inc -I/root/blasttest/source_upload/ncbi-blast-2.5.0+-src/c++/include  /root/blasttest/source_upload/ncbi-blast-2.5.0+-src/c++/src/util/uttp.cpp -o uttp.o 
/opt/rh/devtoolset-2/root/usr/bin/g++  -std=gnu++11 -c  -Wall -Wno-format-y2k  -pthread -fopenmp -O2   -DNDEBUG -D_LARGEFILE_SOURCE -D_FILE_OFFSET_BITS=64 -D_LARGEFILE64_SOURCE   -D_MT -D_REENTRANT -D_THREAD_SAFE -I/root/blasttest/source_upload/ncbi-blast-2.5.0+-src/c++/ReleaseMT/inc -I/root/blasttest/source_upload/ncbi-blast-2.5.0+-src/c++/include  /root/blasttest/source_upload/ncbi-blast-2.5.0+-src/c++/src/util/multi_writer.cpp -o multi_writer.o 
/opt/rh/devtoolset-2/root/usr/bin/g++  -std=gnu++11 -c  -Wall -Wno-format-y2k  -pthread -fopenmp -O2   -DNDEBUG -D_LARGEFILE_SOURCE -D_FILE_OFFSET_BITS=64 -D_LARGEFILE64_SOURCE   -D_MT -D_REENTRANT -D_THREAD_SAFE -I/root/blasttest/source_upload/ncbi-blast-2.5.0+-src/c++/ReleaseMT/inc -I/root/blasttest/source_upload/ncbi-blast-2.5.0+-src/c++/include  /root/blasttest/source_upload/ncbi-blast-2.5.0+-src/c++/src/util/itransaction.cpp -o itransaction.o 
/opt/rh/devtoolset-2/root/usr/bin/g++  -std=gnu++11 -c  -Wall -Wno-format-y2k  -pthread -fopenmp -O2   -DNDEBUG -D_LARGEFILE_SOURCE -D_FILE_OFFSET_BITS=64 -D_LARGEFILE64_SOURCE   -D_MT -D_REENTRANT -D_THREAD_SAFE -I/root/blasttest/source_upload/ncbi-blast-2.5.0+-src/c++/ReleaseMT/inc -I/root/blasttest/source_upload/ncbi-blast-2.5.0+-src/c++/include  /root/blasttest/source_upload/ncbi-blast-2.5.0+-src/c++/src/util/thread_pool.cpp -o thread_pool.o 
/opt/rh/devtoolset-2/root/usr/bin/g++  -std=gnu++11 -c  -Wall -Wno-format-y2k  -pthread -fopenmp -O2   -DNDEBUG -D_LARGEFILE_SOURCE -D_FILE_OFFSET_BITS=64 -D_LARGEFILE64_SOURCE   -D_MT -D_REENTRANT -D_THREAD_SAFE -I/root/blasttest/source_upload/ncbi-blast-2.5.0+-src/c++/ReleaseMT/inc -I/root/blasttest/source_upload/ncbi-blast-2.5.0+-src/c++/include  /root/blasttest/source_upload/ncbi-blast-2.5.0+-src/c++/src/util/thread_pool_ctrl.cpp -o thread_pool_ctrl.o 
/opt/rh/devtoolset-2/root/usr/bin/g++  -std=gnu++11 -c  -Wall -Wno-format-y2k  -pthread -fopenmp -O2   -DNDEBUG -D_LARGEFILE_SOURCE -D_FILE_OFFSET_BITS=64 -D_LARGEFILE64_SOURCE   -D_MT -D_REENTRANT -D_THREAD_SAFE -I/root/blasttest/source_upload/ncbi-blast-2.5.0+-src/c++/ReleaseMT/inc -I/root/blasttest/source_upload/ncbi-blast-2.5.0+-src/c++/include  /root/blasttest/source_upload/ncbi-blast-2.5.0+-src/c++/src/util/scheduler.cpp -o scheduler.o 
/opt/rh/devtoolset-2/root/usr/bin/g++  -std=gnu++11 -c  -Wall -Wno-format-y2k  -pthread -fopenmp -O2   -DNDEBUG -D_LARGEFILE_SOURCE -D_FILE_OFFSET_BITS=64 -D_LARGEFILE64_SOURCE   -D_MT -D_REENTRANT -D_THREAD_SAFE -I/root/blasttest/source_upload/ncbi-blast-2.5.0+-src/c++/ReleaseMT/inc -I/root/blasttest/source_upload/ncbi-blast-2.5.0+-src/c++/include  /root/blasttest/source_upload/ncbi-blast-2.5.0+-src/c++/src/util/distribution.cpp -o distribution.o 
/opt/rh/devtoolset-2/root/usr/bin/g++  -std=gnu++11 -c  -Wall -Wno-format-y2k  -pthread -fopenmp -O2   -DNDEBUG -D_LARGEFILE_SOURCE -D_FILE_OFFSET_BITS=64 -D_LARGEFILE64_SOURCE   -D_MT -D_REENTRANT -D_THREAD_SAFE -I/root/blasttest/source_upload/ncbi-blast-2.5.0+-src/c++/ReleaseMT/inc -I/root/blasttest/source_upload/ncbi-blast-2.5.0+-src/c++/include  /root/blasttest/source_upload/ncbi-blast-2.5.0+-src/c++/src/util/rangelist.cpp -o rangelist.o 
/opt/rh/devtoolset-2/root/usr/bin/g++  -std=gnu++11 -c  -Wall -Wno-format-y2k  -pthread -fopenmp -O2   -DNDEBUG -D_LARGEFILE_SOURCE -D_FILE_OFFSET_BITS=64 -D_LARGEFILE64_SOURCE   -D_MT -D_REENTRANT -D_THREAD_SAFE -I/root/blasttest/source_upload/ncbi-blast-2.5.0+-src/c++/ReleaseMT/inc -I/root/blasttest/source_upload/ncbi-blast-2.5.0+-src/c++/include  /root/blasttest/source_upload/ncbi-blast-2.5.0+-src/c++/src/util/util_misc.cpp -o util_misc.o 
/opt/rh/devtoolset-2/root/usr/bin/g++  -std=gnu++11 -c  -Wall -Wno-format-y2k  -pthread -fopenmp -O2   -DNDEBUG -D_LARGEFILE_SOURCE -D_FILE_OFFSET_BITS=64 -D_LARGEFILE64_SOURCE   -D_MT -D_REENTRANT -D_THREAD_SAFE -I/root/blasttest/source_upload/ncbi-blast-2.5.0+-src/c++/ReleaseMT/inc -I/root/blasttest/source_upload/ncbi-blast-2.5.0+-src/c++/include  /root/blasttest/source_upload/ncbi-blast-2.5.0+-src/c++/src/util/histogram_binning.cpp -o histogram_binning.o 
/opt/rh/devtoolset-2/root/usr/bin/g++  -std=gnu++11 -c  -Wall -Wno-format-y2k  -pthread -fopenmp -O2   -DNDEBUG -D_LARGEFILE_SOURCE -D_FILE_OFFSET_BITS=64 -D_LARGEFILE64_SOURCE   -D_MT -D_REENTRANT -D_THREAD_SAFE -I/root/blasttest/source_upload/ncbi-blast-2.5.0+-src/c++/ReleaseMT/inc -I/root/blasttest/source_upload/ncbi-blast-2.5.0+-src/c++/include  /root/blasttest/source_upload/ncbi-blast-2.5.0+-src/c++/src/util/table_printer.cpp -o table_printer.o 
/opt/rh/devtoolset-2/root/usr/bin/g++  -std=gnu++11 -c  -Wall -Wno-format-y2k  -pthread -fopenmp -O2   -DNDEBUG -D_LARGEFILE_SOURCE -D_FILE_OFFSET_BITS=64 -D_LARGEFILE64_SOURCE   -D_MT -D_REENTRANT -D_THREAD_SAFE -I/root/blasttest/source_upload/ncbi-blast-2.5.0+-src/c++/ReleaseMT/inc -I/root/blasttest/source_upload/ncbi-blast-2.5.0+-src/c++/include  /root/blasttest/source_upload/ncbi-blast-2.5.0+-src/c++/src/util/retry_ctx.cpp -o retry_ctx.o 
/opt/rh/devtoolset-2/root/usr/bin/g++  -std=gnu++11 -c  -Wall -Wno-format-y2k  -pthread -fopenmp -O2   -DNDEBUG -D_LARGEFILE_SOURCE -D_FILE_OFFSET_BITS=64 -D_LARGEFILE64_SOURCE   -D_MT -D_REENTRANT -D_THREAD_SAFE -I/root/blasttest/source_upload/ncbi-blast-2.5.0+-src/c++/ReleaseMT/inc -I/root/blasttest/source_upload/ncbi-blast-2.5.0+-src/c++/include  /root/blasttest/source_upload/ncbi-blast-2.5.0+-src/c++/src/util/stream_source.cpp -o stream_source.o 
/opt/rh/devtoolset-2/root/usr/bin/g++  -std=gnu++11 -c  -Wall -Wno-format-y2k  -pthread -fopenmp -O2   -DNDEBUG -D_LARGEFILE_SOURCE -D_FILE_OFFSET_BITS=64 -D_LARGEFILE64_SOURCE   -D_MT -D_REENTRANT -D_THREAD_SAFE -I/root/blasttest/source_upload/ncbi-blast-2.5.0+-src/c++/ReleaseMT/inc -I/root/blasttest/source_upload/ncbi-blast-2.5.0+-src/c++/include  /root/blasttest/source_upload/ncbi-blast-2.5.0+-src/c++/src/util/file_manifest.cpp -o file_manifest.o 
/bin/rm -f libxutil.a .libxutil.a.stamp
ar cr libxutil.a random_gen.o utf8.o checksum.o bytesrc.o strbuffer.o itree.o smalldns.o thread_pool_old.o ddump_viewer.o strsearch.o logrotate.o format_guess.o ascii85.o md5.o file_obsolete.o unicode.o dictionary.o dictionary_util.o thread_nonstop.o sgml_entity.o static_set.o transmissionrw.o miscmath.o mutex_pool.o ncbi_cache.o line_reader.o util_exception.o uttp.o multi_writer.o itransaction.o thread_pool.o thread_pool_ctrl.o scheduler.o distribution.o rangelist.o util_misc.o histogram_binning.o table_printer.o retry_ctx.o stream_source.o file_manifest.o  
/bin/sh /root/blasttest/source_upload/ncbi-blast-2.5.0+-src/c++/scripts/common/impl/if_diff.sh /bin/ln -f libxutil.a /root/blasttest/source_upload/ncbi-blast-2.5.0+-src/c++/ReleaseMT/lib
/bin/ln -f libxutil.a /root/blasttest/source_upload/ncbi-blast-2.5.0+-src/c++/ReleaseMT/lib/libxutil.a
/bin/ln -f .xutil.dep /root/blasttest/source_upload/ncbi-blast-2.5.0+-src/c++/ReleaseMT/status/.xutil.dep
make[3]: ディレクトリ `/root/blasttest/source_upload/ncbi-blast-2.5.0+-src/c++/ReleaseMT/build/util' から出ます
