make[4]: ディレクトリ `/root/blasttest/source_upload/ncbi-blast-2.5.0+-src_psiblastexb/c++/ReleaseMT/build/objmgr/util' に入ります
Updating dependency information for /root/blasttest/source_upload/ncbi-blast-2.5.0+-src_psiblastexb/c++/src/objmgr/util/objutil.cpp.
Updating dependency information for /root/blasttest/source_upload/ncbi-blast-2.5.0+-src_psiblastexb/c++/src/objmgr/util/bioseqgaps_ci.cpp.
Updating dependency information for /root/blasttest/source_upload/ncbi-blast-2.5.0+-src_psiblastexb/c++/src/objmgr/util/seq_trimmer.cpp.
Updating dependency information for /root/blasttest/source_upload/ncbi-blast-2.5.0+-src_psiblastexb/c++/src/objmgr/util/seq_align_util.cpp.
Updating dependency information for /root/blasttest/source_upload/ncbi-blast-2.5.0+-src_psiblastexb/c++/src/objmgr/util/seq_loc_util.cpp.
Updating dependency information for /root/blasttest/source_upload/ncbi-blast-2.5.0+-src_psiblastexb/c++/src/objmgr/util/obj_sniff.cpp.
Updating dependency information for /root/blasttest/source_upload/ncbi-blast-2.5.0+-src_psiblastexb/c++/src/objmgr/util/create_defline.cpp.
Updating dependency information for /root/blasttest/source_upload/ncbi-blast-2.5.0+-src_psiblastexb/c++/src/objmgr/util/seqtitle.cpp.
Updating dependency information for /root/blasttest/source_upload/ncbi-blast-2.5.0+-src_psiblastexb/c++/src/objmgr/util/feature.cpp.
Updating dependency information for /root/blasttest/source_upload/ncbi-blast-2.5.0+-src_psiblastexb/c++/src/objmgr/util/sequence.cpp.
Updating dependency information for /root/blasttest/source_upload/ncbi-blast-2.5.0+-src_psiblastexb/c++/src/objmgr/util/weight.cpp.
make[4]: ディレクトリ `/root/blasttest/source_upload/ncbi-blast-2.5.0+-src_psiblastexb/c++/ReleaseMT/build/objmgr/util' から出ます
make[4]: ディレクトリ `/root/blasttest/source_upload/ncbi-blast-2.5.0+-src_psiblastexb/c++/ReleaseMT/build/objmgr/util' に入ります
/opt/rh/devtoolset-2/root/usr/bin/g++  -std=gnu++11 -c  -Wall -Wno-format-y2k  -pthread -fopenmp -O2   -DNDEBUG -D_LARGEFILE_SOURCE -D_FILE_OFFSET_BITS=64 -D_LARGEFILE64_SOURCE   -D_MT -D_REENTRANT -D_THREAD_SAFE -I/root/blasttest/source_upload/ncbi-blast-2.5.0+-src_psiblastexb/c++/ReleaseMT/inc -I/root/blasttest/source_upload/ncbi-blast-2.5.0+-src_psiblastexb/c++/include  /root/blasttest/source_upload/ncbi-blast-2.5.0+-src_psiblastexb/c++/src/objmgr/util/weight.cpp -o weight.o 
gr/util/weight.cpp:gr/util/weight.cpp:121:12:eration value ‘/opt/rh/devtoolset-2/root/usr/bin/g++  -std=gnu++11 -c  -Wall -Wno-format-y2k  -pthread -fopenmp -O2   -DNDEBUG -D_LARGEFILE_SOURCE -D_FILE_OFFSET_BITS=64 -D_LARGEFILE64_SOURCE   -D_MT -D_REENTRANT -D_THREAD_SAFE -I/root/blasttest/source_upload/ncbi-blast-2.5.0+-src_psiblastexb/c++/ReleaseMT/inc -I/root/blasttest/source_upload/ncbi-blast-2.5.0+-src_psiblastexb/c++/include  /root/blasttest/source_upload/ncbi-blast-2.5.0+-src_psiblastexb/c++/src/objmgr/util/sequence.cpp -o sequence.o 
/opt/rh/devtoolset-2/root/usr/bin/g++  -std=gnu++11 -c  -Wall -Wno-format-y2k  -pthread -fopenmp -O2   -DNDEBUG -D_LARGEFILE_SOURCE -D_FILE_OFFSET_BITS=64 -D_LARGEFILE64_SOURCE   -D_MT -D_REENTRANT -D_THREAD_SAFE -I/root/blasttest/source_upload/ncbi-blast-2.5.0+-src_psiblastexb/c++/ReleaseMT/inc -I/root/blasttest/source_upload/ncbi-blast-2.5.0+-src_psiblastexb/c++/include  /root/blasttest/source_upload/ncbi-blast-2.5.0+-src_psiblastexb/c++/src/objmgr/util/feature.cpp -o feature.o 
/opt/rh/devtoolset-2/root/usr/bin/g++  -std=gnu++11 -c  -Wall -Wno-format-y2k  -pthread -fopenmp -O2   -DNDEBUG -D_LARGEFILE_SOURCE -D_FILE_OFFSET_BITS=64 -D_LARGEFILE64_SOURCE   -D_MT -D_REENTRANT -D_THREAD_SAFE -I/root/blasttest/source_upload/ncbi-blast-2.5.0+-src_psiblastexb/c++/ReleaseMT/inc -I/root/blasttest/source_upload/ncbi-blast-2.5.0+-src_psiblastexb/c++/include  /root/blasttest/source_upload/ncbi-blast-2.5.0+-src_psiblastexb/c++/src/objmgr/util/seqtitle.cpp -o seqtitle.o 
/opt/rh/devtoolset-2/root/usr/bin/g++  -std=gnu++11 -c  -Wall -Wno-format-y2k  -pthread -fopenmp -O2   -DNDEBUG -D_LARGEFILE_SOURCE -D_FILE_OFFSET_BITS=64 -D_LARGEFILE64_SOURCE   -D_MT -D_REENTRANT -D_THREAD_SAFE -I/root/blasttest/source_upload/ncbi-blast-2.5.0+-src_psiblastexb/c++/ReleaseMT/inc -I/root/blasttest/source_upload/ncbi-blast-2.5.0+-src_psiblastexb/c++/include  /root/blasttest/source_upload/ncbi-blast-2.5.0+-src_psiblastexb/c++/src/objmgr/util/create_defline.cpp -o create_defline.o 
gr/util/create_defline.cpp:ember function ‘gr/util/create_defline.cpp:804:45:pString, ncbi::CTempString, std::list<std::basic_string<char> >&)gr/util/create_defline.cpp:pString&, const ncbi::CTempString&)gr/util/create_defline.cpp:1068:80:pString, ncbi::CTempString, ncbi::SIZE_TYPE, ncbi::SIZE_TYPE, ncbi::NStr::EOccurrence)e, strain, 0, taxname.size() - 1, NStr::eLast);
gr/util/create_defline.cpp:oveBracketedOrgFromEnd(std::string, std::string)gr/util/create_defline.cpp:1704:61:pString, ncbi::CTempString, ncbi::SIZE_TYPE, ncbi::SIZE_TYPE, ncbi::NStr::EOccurrence, ncbi::NStr::ECase)gr/util/create_defline.cpp:ember function ‘Protein(const ncbi::objects::CBioseq_Handle&)gr/util/create_defline.cpp:1782:59:parison between signed and unsigned integer expressions [-Wsign-compare]
             if (offset > 0 && offset < m_MainTitle.length()) {
gr/util/create_defline.cpp:(std::string&, ncbi::CTempString)gr/util/create_defline.cpp:2397:68:pString, ncbi::CTempString, ncbi::SIZE_TYPE, ncbi::SIZE_TYPE, ncbi::NStr::EOccurrence)e, 0, NPOS, NStr::eLast);
gr/util/create_defline.cpp:2398:26:parison between signed and unsigned integer expressions [-Wsign-compare]
         if (pos == idx + 2) {
gr/util/create_defline.cpp:ember function ‘gr/util/create_defline.cpp:2468:83:pString, ncbi::CTempString, ncbi::SIZE_TYPE, ncbi::SIZE_TYPE, ncbi::NStr::EOccurrence)_MainTitle, "][", 0, NPOS, NStr::eLast);
gr/util/create_defline.cpp:ember function ‘gr/util/create_defline.cpp:2653:71:parison between signed and unsigned integer expressions [-Wsign-compare]
     for (int i = 0; i < sizeof (s_tpaPrefixList) / sizeof (const char*); i++) {
/opt/rh/devtoolset-2/root/usr/bin/g++  -std=gnu++11 -c  -Wall -Wno-format-y2k  -pthread -fopenmp -O2   -DNDEBUG -D_LARGEFILE_SOURCE -D_FILE_OFFSET_BITS=64 -D_LARGEFILE64_SOURCE   -D_MT -D_REENTRANT -D_THREAD_SAFE -I/root/blasttest/source_upload/ncbi-blast-2.5.0+-src_psiblastexb/c++/ReleaseMT/inc -I/root/blasttest/source_upload/ncbi-blast-2.5.0+-src_psiblastexb/c++/include  /root/blasttest/source_upload/ncbi-blast-2.5.0+-src_psiblastexb/c++/src/objmgr/util/obj_sniff.cpp -o obj_sniff.o 
/opt/rh/devtoolset-2/root/usr/bin/g++  -std=gnu++11 -c  -Wall -Wno-format-y2k  -pthread -fopenmp -O2   -DNDEBUG -D_LARGEFILE_SOURCE -D_FILE_OFFSET_BITS=64 -D_LARGEFILE64_SOURCE   -D_MT -D_REENTRANT -D_THREAD_SAFE -I/root/blasttest/source_upload/ncbi-blast-2.5.0+-src_psiblastexb/c++/ReleaseMT/inc -I/root/blasttest/source_upload/ncbi-blast-2.5.0+-src_psiblastexb/c++/include  /root/blasttest/source_upload/ncbi-blast-2.5.0+-src_psiblastexb/c++/src/objmgr/util/seq_loc_util.cpp -o seq_loc_util.o 
/opt/rh/devtoolset-2/root/usr/bin/g++  -std=gnu++11 -c  -Wall -Wno-format-y2k  -pthread -fopenmp -O2   -DNDEBUG -D_LARGEFILE_SOURCE -D_FILE_OFFSET_BITS=64 -D_LARGEFILE64_SOURCE   -D_MT -D_REENTRANT -D_THREAD_SAFE -I/root/blasttest/source_upload/ncbi-blast-2.5.0+-src_psiblastexb/c++/ReleaseMT/inc -I/root/blasttest/source_upload/ncbi-blast-2.5.0+-src_psiblastexb/c++/include  /root/blasttest/source_upload/ncbi-blast-2.5.0+-src_psiblastexb/c++/src/objmgr/util/seq_align_util.cpp -o seq_align_util.o 
/opt/rh/devtoolset-2/root/usr/bin/g++  -std=gnu++11 -c  -Wall -Wno-format-y2k  -pthread -fopenmp -O2   -DNDEBUG -D_LARGEFILE_SOURCE -D_FILE_OFFSET_BITS=64 -D_LARGEFILE64_SOURCE   -D_MT -D_REENTRANT -D_THREAD_SAFE -I/root/blasttest/source_upload/ncbi-blast-2.5.0+-src_psiblastexb/c++/ReleaseMT/inc -I/root/blasttest/source_upload/ncbi-blast-2.5.0+-src_psiblastexb/c++/include  /root/blasttest/source_upload/ncbi-blast-2.5.0+-src_psiblastexb/c++/src/objmgr/util/seq_trimmer.cpp -o seq_trimmer.o 
/opt/rh/devtoolset-2/root/usr/bin/g++  -std=gnu++11 -c  -Wall -Wno-format-y2k  -pthread -fopenmp -O2   -DNDEBUG -D_LARGEFILE_SOURCE -D_FILE_OFFSET_BITS=64 -D_LARGEFILE64_SOURCE   -D_MT -D_REENTRANT -D_THREAD_SAFE -I/root/blasttest/source_upload/ncbi-blast-2.5.0+-src_psiblastexb/c++/ReleaseMT/inc -I/root/blasttest/source_upload/ncbi-blast-2.5.0+-src_psiblastexb/c++/include  /root/blasttest/source_upload/ncbi-blast-2.5.0+-src_psiblastexb/c++/src/objmgr/util/bioseqgaps_ci.cpp -o bioseqgaps_ci.o 
/opt/rh/devtoolset-2/root/usr/bin/g++  -std=gnu++11 -c  -Wall -Wno-format-y2k  -pthread -fopenmp -O2   -DNDEBUG -D_LARGEFILE_SOURCE -D_FILE_OFFSET_BITS=64 -D_LARGEFILE64_SOURCE   -D_MT -D_REENTRANT -D_THREAD_SAFE -I/root/blasttest/source_upload/ncbi-blast-2.5.0+-src_psiblastexb/c++/ReleaseMT/inc -I/root/blasttest/source_upload/ncbi-blast-2.5.0+-src_psiblastexb/c++/include  /root/blasttest/source_upload/ncbi-blast-2.5.0+-src_psiblastexb/c++/src/objmgr/util/objutil.cpp -o objutil.o 
/bin/rm -f libxobjutil.a .libxobjutil.a.stamp
ar cr libxobjutil.a weight.o sequence.o feature.o seqtitle.o create_defline.o obj_sniff.o seq_loc_util.o seq_align_util.o seq_trimmer.o bioseqgaps_ci.o objutil.o  
/bin/sh /root/blasttest/source_upload/ncbi-blast-2.5.0+-src_psiblastexb/c++/scripts/common/impl/if_diff.sh /bin/ln -f libxobjutil.a /root/blasttest/source_upload/ncbi-blast-2.5.0+-src_psiblastexb/c++/ReleaseMT/lib
/bin/ln -f libxobjutil.a /root/blasttest/source_upload/ncbi-blast-2.5.0+-src_psiblastexb/c++/ReleaseMT/lib/libxobjutil.a
/bin/ln -f .xobjutil.dep /root/blasttest/source_upload/ncbi-blast-2.5.0+-src_psiblastexb/c++/ReleaseMT/status/.xobjutil.dep
make[4]: ディレクトリ `/root/blasttest/source_upload/ncbi-blast-2.5.0+-src_psiblastexb/c++/ReleaseMT/build/objmgr/util' から出ます
