make[5]: ディレクトリ `/root/blasttest/source_upload/ncbi-blast-2.5.0+-src/c++/ReleaseMT/build/algo/blast/dbindex' に入ります
Updating dependency information for /root/blasttest/source_upload/ncbi-blast-2.5.0+-src/c++/src/algo/blast/dbindex/dbindex_search.cpp.
Updating dependency information for /root/blasttest/source_upload/ncbi-blast-2.5.0+-src/c++/src/algo/blast/dbindex/dbindex_factory.cpp.
Updating dependency information for /root/blasttest/source_upload/ncbi-blast-2.5.0+-src/c++/src/algo/blast/dbindex/dbindex.cpp.
Updating dependency information for /root/blasttest/source_upload/ncbi-blast-2.5.0+-src/c++/src/algo/blast/dbindex/sequence_istream_bdb.cpp.
Updating dependency information for /root/blasttest/source_upload/ncbi-blast-2.5.0+-src/c++/src/algo/blast/dbindex/sequence_istream_fasta.cpp.
make[5]: ディレクトリ `/root/blasttest/source_upload/ncbi-blast-2.5.0+-src/c++/ReleaseMT/build/algo/blast/dbindex' から出ます
make[5]: ディレクトリ `/root/blasttest/source_upload/ncbi-blast-2.5.0+-src/c++/ReleaseMT/build/algo/blast/dbindex' に入ります
/opt/rh/devtoolset-2/root/usr/bin/g++  -std=gnu++11 -c  -DDO_INLINE -Wall -Wno-format-y2k  -pthread -fopenmp   -O3 -finline-functions -fstrict-aliasing -fomit-frame-pointer  -DNDEBUG -D_LARGEFILE_SOURCE -D_FILE_OFFSET_BITS=64 -D_LARGEFILE64_SOURCE   -D_MT -D_REENTRANT -D_THREAD_SAFE -I/root/blasttest/source_upload/ncbi-blast-2.5.0+-src/c++/ReleaseMT/inc -I/root/blasttest/source_upload/ncbi-blast-2.5.0+-src/c++/include  /root/blasttest/source_upload/ncbi-blast-2.5.0+-src/c++/src/algo/blast/dbindex/sequence_istream_fasta.cpp -o sequence_istream_fasta.o 
/opt/rh/devtoolset-2/root/usr/bin/g++  -std=gnu++11 -c  -DDO_INLINE -Wall -Wno-format-y2k  -pthread -fopenmp   -O3 -finline-functions -fstrict-aliasing -fomit-frame-pointer  -DNDEBUG -D_LARGEFILE_SOURCE -D_FILE_OFFSET_BITS=64 -D_LARGEFILE64_SOURCE   -D_MT -D_REENTRANT -D_THREAD_SAFE -I/root/blasttest/source_upload/ncbi-blast-2.5.0+-src/c++/ReleaseMT/inc -I/root/blasttest/source_upload/ncbi-blast-2.5.0+-src/c++/include  /root/blasttest/source_upload/ncbi-blast-2.5.0+-src/c++/src/algo/blast/dbindex/sequence_istream_bdb.cpp -o sequence_istream_bdb.o 
/opt/rh/devtoolset-2/root/usr/bin/g++  -std=gnu++11 -c  -DDO_INLINE -Wall -Wno-format-y2k  -pthread -fopenmp   -O3 -finline-functions -fstrict-aliasing -fomit-frame-pointer  -DNDEBUG -D_LARGEFILE_SOURCE -D_FILE_OFFSET_BITS=64 -D_LARGEFILE64_SOURCE   -D_MT -D_REENTRANT -D_THREAD_SAFE -I/root/blasttest/source_upload/ncbi-blast-2.5.0+-src/c++/ReleaseMT/inc -I/root/blasttest/source_upload/ncbi-blast-2.5.0+-src/c++/include  /root/blasttest/source_upload/ncbi-blast-2.5.0+-src/c++/src/algo/blast/dbindex/dbindex.cpp -o dbindex.o 
pp;
/opt/rh/devtoolset-2/root/usr/bin/g++  -std=gnu++11 -c  -DDO_INLINE -Wall -Wno-format-y2k  -pthread -fopenmp   -O3 -finline-functions -fstrict-aliasing -fomit-frame-pointer  -DNDEBUG -D_LARGEFILE_SOURCE -D_FILE_OFFSET_BITS=64 -D_LARGEFILE64_SOURCE   -D_MT -D_REENTRANT -D_THREAD_SAFE -I/root/blasttest/source_upload/ncbi-blast-2.5.0+-src/c++/ReleaseMT/inc -I/root/blasttest/source_upload/ncbi-blast-2.5.0+-src/c++/include  /root/blasttest/source_upload/ncbi-blast-2.5.0+-src/c++/src/algo/blast/dbindex/dbindex_factory.cpp -o dbindex_factory.o 
ember function ‘gr/util/sequence.hpp:288/opt/rh/devtoolset-2/root/usr/bin/g++  -std=gnu++11 -c  -DDO_INLINE -Wall -Wno-format-y2k  -pthread -fopenmp   -O3 -finline-functions -fstrict-aliasing -fomit-frame-pointer  -DNDEBUG -D_LARGEFILE_SOURCE -D_FILE_OFFSET_BITS=64 -D_LARGEFILE64_SOURCE   -D_MT -D_REENTRANT -D_THREAD_SAFE -I/root/blasttest/source_upload/ncbi-blast-2.5.0+-src/c++/ReleaseMT/inc -I/root/blasttest/source_upload/ncbi-blast-2.5.0+-src/c++/include  /root/blasttest/source_upload/ncbi-blast-2.5.0+-src/c++/src/algo/blast/dbindex/dbindex_search.cpp -o dbindex_search.o 
/bin/rm -f libxalgoblastdbindex.a .libxalgoblastdbindex.a.stamp
ar cr libxalgoblastdbindex.a sequence_istream_fasta.o sequence_istream_bdb.o dbindex.o dbindex_factory.o dbindex_search.o  
/bin/sh /root/blasttest/source_upload/ncbi-blast-2.5.0+-src/c++/scripts/common/impl/if_diff.sh /bin/ln -f libxalgoblastdbindex.a /root/blasttest/source_upload/ncbi-blast-2.5.0+-src/c++/ReleaseMT/lib
/bin/ln -f libxalgoblastdbindex.a /root/blasttest/source_upload/ncbi-blast-2.5.0+-src/c++/ReleaseMT/lib/libxalgoblastdbindex.a
/bin/ln -f .xalgoblastdbindex.dep /root/blasttest/source_upload/ncbi-blast-2.5.0+-src/c++/ReleaseMT/status/.xalgoblastdbindex.dep
make[5]: ディレクトリ `/root/blasttest/source_upload/ncbi-blast-2.5.0+-src/c++/ReleaseMT/build/algo/blast/dbindex' から出ます
