make[4]: ディレクトリ `/root/blasttest/source_upload/ncbi-blast-2.5.0+-src/c++/ReleaseMT/build/objtools/cleanup' に入ります
Updating dependency information for /root/blasttest/source_upload/ncbi-blast-2.5.0+-src/c++/src/objtools/cleanup/newcleanupp.cpp.
Updating dependency information for /root/blasttest/source_upload/ncbi-blast-2.5.0+-src/c++/src/objtools/cleanup/cleanup_utils.cpp.
Updating dependency information for /root/blasttest/source_upload/ncbi-blast-2.5.0+-src/c++/src/objtools/cleanup/cleanup.cpp.
Updating dependency information for /root/blasttest/source_upload/ncbi-blast-2.5.0+-src/c++/src/objtools/cleanup/autogenerated_extended_cleanup.cpp.
Updating dependency information for /root/blasttest/source_upload/ncbi-blast-2.5.0+-src/c++/src/objtools/cleanup/autogenerated_cleanup.cpp.
make[4]: ディレクトリ `/root/blasttest/source_upload/ncbi-blast-2.5.0+-src/c++/ReleaseMT/build/objtools/cleanup' から出ます
make[4]: ディレクトリ `/root/blasttest/source_upload/ncbi-blast-2.5.0+-src/c++/ReleaseMT/build/objtools/cleanup' に入ります
/opt/rh/devtoolset-2/root/usr/bin/g++  -std=gnu++11 -c  -Wall -Wno-format-y2k  -pthread -fopenmp -O2   -DNDEBUG -D_LARGEFILE_SOURCE -D_FILE_OFFSET_BITS=64 -D_LARGEFILE64_SOURCE   -D_MT -D_REENTRANT -D_THREAD_SAFE -I/root/blasttest/source_upload/ncbi-blast-2.5.0+-src/c++/ReleaseMT/inc -I/root/blasttest/source_upload/ncbi-blast-2.5.0+-src/c++/include  /root/blasttest/source_upload/ncbi-blast-2.5.0+-src/c++/src/objtools/cleanup/autogenerated_cleanup.cpp -o autogenerated_cleanup.o 
/opt/rh/devtoolset-2/root/usr/bin/g++  -std=gnu++11 -c  -Wall -Wno-format-y2k  -pthread -fopenmp -O2   -DNDEBUG -D_LARGEFILE_SOURCE -D_FILE_OFFSET_BITS=64 -D_LARGEFILE64_SOURCE   -D_MT -D_REENTRANT -D_THREAD_SAFE -I/root/blasttest/source_upload/ncbi-blast-2.5.0+-src/c++/ReleaseMT/inc -I/root/blasttest/source_upload/ncbi-blast-2.5.0+-src/c++/include  /root/blasttest/source_upload/ncbi-blast-2.5.0+-src/c++/src/objtools/cleanup/autogenerated_extended_cleanup.cpp -o autogenerated_extended_cleanup.o 
/opt/rh/devtoolset-2/root/usr/bin/g++  -std=gnu++11 -c  -Wall -Wno-format-y2k  -pthread -fopenmp -O2   -DNDEBUG -D_LARGEFILE_SOURCE -D_FILE_OFFSET_BITS=64 -D_LARGEFILE64_SOURCE   -D_MT -D_REENTRANT -D_THREAD_SAFE -I/root/blasttest/source_upload/ncbi-blast-2.5.0+-src/c++/ReleaseMT/inc -I/root/blasttest/source_upload/ncbi-blast-2.5.0+-src/c++/include  /root/blasttest/source_upload/ncbi-blast-2.5.0+-src/c++/src/objtools/cleanup/cleanup.cpp -o cleanup.o 
ember function ‘pare ncbi::objects::sequence::Compare(const ncbi::objects::CSeq_loc&, const ncbi::objects::CSeq_loc&, ncbi::objects::CScope*)gr/util/seq_loc_util.hpp:200pare(g->second->GetLocation(), gene->GetLocation(), &scope) == sequence::eSame) {
ember function ‘pare ncbi::objects::sequence::Compare(const ncbi::objects::CSeq_loc&, const ncbi::objects::CSeq_loc&, ncbi::objects::CScope*)gr/util/seq_loc_util.hpp:200pare cmp = sequence::Compare(gf->GetLocation(), feat.GetLocation(), &scope);
(const string&, const string&, ncbi::SIZE_TYPE*)pString, ncbi::CTempString, ncbi::SIZE_TYPE, ncbi::SIZE_TYPE, ncbi::NStr::EOccurrence)oveOrgFromEndOfProtein(ncbi::objects::CBioseq&, std::string)pString, ncbi::CTempString, ncbi::SIZE_TYPE, ncbi::SIZE_TYPE, ncbi::NStr::EOccurrence, ncbi::NStr::ECase)/opt/rh/devtoolset-2/root/usr/bin/g++  -std=gnu++11 -c  -Wall -Wno-format-y2k  -pthread -fopenmp -O2   -DNDEBUG -D_LARGEFILE_SOURCE -D_FILE_OFFSET_BITS=64 -D_LARGEFILE64_SOURCE   -D_MT -D_REENTRANT -D_THREAD_SAFE -I/root/blasttest/source_upload/ncbi-blast-2.5.0+-src/c++/ReleaseMT/inc -I/root/blasttest/source_upload/ncbi-blast-2.5.0+-src/c++/include  /root/blasttest/source_upload/ncbi-blast-2.5.0+-src/c++/src/objtools/cleanup/cleanup_utils.cpp -o cleanup_utils.o 
/opt/rh/devtoolset-2/root/usr/bin/g++  -std=gnu++11 -c  -Wall -Wno-format-y2k  -pthread -fopenmp -O2   -DNDEBUG -D_LARGEFILE_SOURCE -D_FILE_OFFSET_BITS=64 -D_LARGEFILE64_SOURCE   -D_MT -D_REENTRANT -D_THREAD_SAFE -I/root/blasttest/source_upload/ncbi-blast-2.5.0+-src/c++/ReleaseMT/inc -I/root/blasttest/source_upload/ncbi-blast-2.5.0+-src/c++/include  /root/blasttest/source_upload/ncbi-blast-2.5.0+-src/c++/src/objtools/cleanup/newcleanupp.cpp -o newcleanupp.o 
ember function ‘p::x_CleanupOrgModNoteEC(ncbi::objects::COrg_ref&)e() && NStr::Equal(org.GetTaxname(), (*it)->GetSubname()))) {
ember function ‘p::x_SeqFeatTRNABC(ncbi::objects::CSeq_feat&, ncbi::objects::CTrna_ext&)mentment = ( FIELD_IS_SET(feat, Comment) ? GET_FIELD(feat, Comment) : kEmptyStr );
ember function ‘p::ShouldRemoveAnnot(const ncbi::objects::CSeq_annot&)ptyAnnot(annot) &&
/bin/rm -f libxcleanup.a .libxcleanup.a.stamp
ar cr libxcleanup.a autogenerated_cleanup.o autogenerated_extended_cleanup.o cleanup.o cleanup_utils.o newcleanupp.o  
/bin/sh /root/blasttest/source_upload/ncbi-blast-2.5.0+-src/c++/scripts/common/impl/if_diff.sh /bin/ln -f libxcleanup.a /root/blasttest/source_upload/ncbi-blast-2.5.0+-src/c++/ReleaseMT/lib
/bin/ln -f libxcleanup.a /root/blasttest/source_upload/ncbi-blast-2.5.0+-src/c++/ReleaseMT/lib/libxcleanup.a
/bin/ln -f .xcleanup.dep /root/blasttest/source_upload/ncbi-blast-2.5.0+-src/c++/ReleaseMT/status/.xcleanup.dep
make[4]: ディレクトリ `/root/blasttest/source_upload/ncbi-blast-2.5.0+-src/c++/ReleaseMT/build/objtools/cleanup' から出ます
