make[5]: ディレクトリ `/root/blasttest/source_upload/ncbi-blast-2.5.0+-src/c++/ReleaseMT/build/objects/mmdb' に入ります
status=0 ; \
	MAKE="/usr/bin/make -w"; \
	export MAKE; \
	for x in mmdb1 mmdb2 mmdb3; do \
	    d=/root/blasttest/source_upload/ncbi-blast-2.5.0+-src/c++/src/objects/mmdb/../$x ; \
	    (cd $d  &&  /root/blasttest/source_upload/ncbi-blast-2.5.0+-src/c++/ReleaseMT/build/new_module.sh) || status=9 ; \
	    test -f ${x}__.cpp  ||  \
	        echo "#include \"../$x/${x}__.cpp\""  > ${x}__.cpp ; \
	    test -f ${x}___.cpp  ||  \
	        echo "#include \"../$x/${x}___.cpp\"" > ${x}___.cpp ; \
	done ; \
	exit $status
/usr/bin/make -w -f /root/blasttest/source_upload/ncbi-blast-2.5.0+-src/c++/src/build-system/Makefile.module MODULE=mmdb1 MODULE_PATH=objects/mmdb1 MODULE_ASN=mmdb1.asn MODULE_IMPORT='objects/general/general objects/pub/pub objects/seqloc/seqloc objects/seqfeat/seqfeat objects/mmdb2/mmdb2 objects/mmdb3/mmdb3' IMPDEPS='/root/blasttest/source_upload/ncbi-blast-2.5.0+-src/c++/src/objects/general/general.asn /root/blasttest/source_upload/ncbi-blast-2.5.0+-src/c++/src/objects/pub/pub.asn /root/blasttest/source_upload/ncbi-blast-2.5.0+-src/c++/src/objects/seqloc/seqloc.asn /root/blasttest/source_upload/ncbi-blast-2.5.0+-src/c++/src/objects/seqfeat/seqfeat.asn /root/blasttest/source_upload/ncbi-blast-2.5.0+-src/c++/src/objects/mmdb2/mmdb2.asn /root/blasttest/source_upload/ncbi-blast-2.5.0+-src/c++/src/objects/mmdb3/mmdb3.asn' IMPFILES='objects/general/general.asn objects/pub/pub.asn objects/seqloc/seqloc.asn objects/seqfeat/seqfeat.asn objects/mmdb2/mmdb2.asn objects/mmdb3/mmdb3.asn' top_srcdir=/root/blasttest/source_upload/ncbi-blast-2.5.0+-src/c++ DATATOOL=/root/blasttest/source_upload/ncbi-blast-2.5.0+-src/c++/ReleaseMT/bin/datatool MODULE_SEARCH=/root/blasttest/source_upload/ncbi-blast-2.5.0+-src/c++/src
make[6]: ディレクトリ `/root/blasttest/source_upload/ncbi-blast-2.5.0+-src/c++/src/objects/mmdb1' に入ります
make[6]: `all' に対して行うべき事はありません.
make[6]: ディレクトリ `/root/blasttest/source_upload/ncbi-blast-2.5.0+-src/c++/src/objects/mmdb1' から出ます
/usr/bin/make -w -f /root/blasttest/source_upload/ncbi-blast-2.5.0+-src/c++/src/build-system/Makefile.module MODULE=mmdb2 MODULE_PATH=objects/mmdb2 MODULE_ASN=mmdb2.asn MODULE_IMPORT='objects/pub/pub objects/mmdb1/mmdb1 objects/mmdb3/mmdb3' IMPDEPS='/root/blasttest/source_upload/ncbi-blast-2.5.0+-src/c++/src/objects/pub/pub.asn /root/blasttest/source_upload/ncbi-blast-2.5.0+-src/c++/src/objects/mmdb1/mmdb1.asn /root/blasttest/source_upload/ncbi-blast-2.5.0+-src/c++/src/objects/mmdb3/mmdb3.asn' IMPFILES='objects/pub/pub.asn objects/mmdb1/mmdb1.asn objects/mmdb3/mmdb3.asn' top_srcdir=/root/blasttest/source_upload/ncbi-blast-2.5.0+-src/c++ DATATOOL=/root/blasttest/source_upload/ncbi-blast-2.5.0+-src/c++/ReleaseMT/bin/datatool MODULE_SEARCH=/root/blasttest/source_upload/ncbi-blast-2.5.0+-src/c++/src
make[6]: ディレクトリ `/root/blasttest/source_upload/ncbi-blast-2.5.0+-src/c++/src/objects/mmdb2' に入ります
make[6]: `all' に対して行うべき事はありません.
make[6]: ディレクトリ `/root/blasttest/source_upload/ncbi-blast-2.5.0+-src/c++/src/objects/mmdb2' から出ます
/usr/bin/make -w -f /root/blasttest/source_upload/ncbi-blast-2.5.0+-src/c++/src/build-system/Makefile.module MODULE=mmdb3 MODULE_PATH=objects/mmdb3 MODULE_ASN=mmdb3.asn MODULE_IMPORT='objects/general/general objects/pub/pub objects/mmdb1/mmdb1 objects/mmdb2/mmdb2' IMPDEPS='/root/blasttest/source_upload/ncbi-blast-2.5.0+-src/c++/src/objects/general/general.asn /root/blasttest/source_upload/ncbi-blast-2.5.0+-src/c++/src/objects/pub/pub.asn /root/blasttest/source_upload/ncbi-blast-2.5.0+-src/c++/src/objects/mmdb1/mmdb1.asn /root/blasttest/source_upload/ncbi-blast-2.5.0+-src/c++/src/objects/mmdb2/mmdb2.asn' IMPFILES='objects/general/general.asn objects/pub/pub.asn objects/mmdb1/mmdb1.asn objects/mmdb2/mmdb2.asn' top_srcdir=/root/blasttest/source_upload/ncbi-blast-2.5.0+-src/c++ DATATOOL=/root/blasttest/source_upload/ncbi-blast-2.5.0+-src/c++/ReleaseMT/bin/datatool MODULE_SEARCH=/root/blasttest/source_upload/ncbi-blast-2.5.0+-src/c++/src
make[6]: ディレクトリ `/root/blasttest/source_upload/ncbi-blast-2.5.0+-src/c++/src/objects/mmdb3' に入ります
make[6]: `all' に対して行うべき事はありません.
make[6]: ディレクトリ `/root/blasttest/source_upload/ncbi-blast-2.5.0+-src/c++/src/objects/mmdb3' から出ます
make[5]: ディレクトリ `/root/blasttest/source_upload/ncbi-blast-2.5.0+-src/c++/ReleaseMT/build/objects/mmdb' から出ます
