make[4]: ディレクトリ `/root/blasttest/source_upload/ncbi-blast-2.5.0+-src_psiblastexb/c++/ReleaseMT/build/util/sequtil' に入ります
Updating dependency information for /root/blasttest/source_upload/ncbi-blast-2.5.0+-src_psiblastexb/c++/src/util/sequtil/sequtil_shared.cpp.
Updating dependency information for /root/blasttest/source_upload/ncbi-blast-2.5.0+-src_psiblastexb/c++/src/util/sequtil/sequtil_tables.cpp.
Updating dependency information for /root/blasttest/source_upload/ncbi-blast-2.5.0+-src_psiblastexb/c++/src/util/sequtil/sequtil_manip.cpp.
Updating dependency information for /root/blasttest/source_upload/ncbi-blast-2.5.0+-src_psiblastexb/c++/src/util/sequtil/sequtil_convert_imp.cpp.
Updating dependency information for /root/blasttest/source_upload/ncbi-blast-2.5.0+-src_psiblastexb/c++/src/util/sequtil/sequtil_convert.cpp.
Updating dependency information for /root/blasttest/source_upload/ncbi-blast-2.5.0+-src_psiblastexb/c++/src/util/sequtil/sequtil.cpp.
make[4]: ディレクトリ `/root/blasttest/source_upload/ncbi-blast-2.5.0+-src_psiblastexb/c++/ReleaseMT/build/util/sequtil' から出ます
make[4]: ディレクトリ `/root/blasttest/source_upload/ncbi-blast-2.5.0+-src_psiblastexb/c++/ReleaseMT/build/util/sequtil' に入ります
/opt/rh/devtoolset-2/root/usr/bin/g++  -std=gnu++11 -c  -Wall -Wno-format-y2k  -pthread -fopenmp -O2   -DNDEBUG -D_LARGEFILE_SOURCE -D_FILE_OFFSET_BITS=64 -D_LARGEFILE64_SOURCE   -D_MT -D_REENTRANT -D_THREAD_SAFE -I/root/blasttest/source_upload/ncbi-blast-2.5.0+-src_psiblastexb/c++/ReleaseMT/inc -I/root/blasttest/source_upload/ncbi-blast-2.5.0+-src_psiblastexb/c++/include  /root/blasttest/source_upload/ncbi-blast-2.5.0+-src_psiblastexb/c++/src/util/sequtil/sequtil.cpp -o sequtil.o 
/opt/rh/devtoolset-2/root/usr/bin/g++  -std=gnu++11 -c  -Wall -Wno-format-y2k  -pthread -fopenmp -O2   -DNDEBUG -D_LARGEFILE_SOURCE -D_FILE_OFFSET_BITS=64 -D_LARGEFILE64_SOURCE   -D_MT -D_REENTRANT -D_THREAD_SAFE -I/root/blasttest/source_upload/ncbi-blast-2.5.0+-src_psiblastexb/c++/ReleaseMT/inc -I/root/blasttest/source_upload/ncbi-blast-2.5.0+-src_psiblastexb/c++/include  /root/blasttest/source_upload/ncbi-blast-2.5.0+-src_psiblastexb/c++/src/util/sequtil/sequtil_convert.cpp -o sequtil_convert.o 
/opt/rh/devtoolset-2/root/usr/bin/g++  -std=gnu++11 -c  -Wall -Wno-format-y2k  -pthread -fopenmp -O2   -DNDEBUG -D_LARGEFILE_SOURCE -D_FILE_OFFSET_BITS=64 -D_LARGEFILE64_SOURCE   -D_MT -D_REENTRANT -D_THREAD_SAFE -I/root/blasttest/source_upload/ncbi-blast-2.5.0+-src_psiblastexb/c++/ReleaseMT/inc -I/root/blasttest/source_upload/ncbi-blast-2.5.0+-src_psiblastexb/c++/include  /root/blasttest/source_upload/ncbi-blast-2.5.0+-src_psiblastexb/c++/src/util/sequtil/sequtil_convert_imp.cpp -o sequtil_convert_imp.o 
/opt/rh/devtoolset-2/root/usr/bin/g++  -std=gnu++11 -c  -Wall -Wno-format-y2k  -pthread -fopenmp -O2   -DNDEBUG -D_LARGEFILE_SOURCE -D_FILE_OFFSET_BITS=64 -D_LARGEFILE64_SOURCE   -D_MT -D_REENTRANT -D_THREAD_SAFE -I/root/blasttest/source_upload/ncbi-blast-2.5.0+-src_psiblastexb/c++/ReleaseMT/inc -I/root/blasttest/source_upload/ncbi-blast-2.5.0+-src_psiblastexb/c++/include  /root/blasttest/source_upload/ncbi-blast-2.5.0+-src_psiblastexb/c++/src/util/sequtil/sequtil_manip.cpp -o sequtil_manip.o 
/opt/rh/devtoolset-2/root/usr/bin/g++  -std=gnu++11 -c  -Wall -Wno-format-y2k  -pthread -fopenmp -O2   -DNDEBUG -D_LARGEFILE_SOURCE -D_FILE_OFFSET_BITS=64 -D_LARGEFILE64_SOURCE   -D_MT -D_REENTRANT -D_THREAD_SAFE -I/root/blasttest/source_upload/ncbi-blast-2.5.0+-src_psiblastexb/c++/ReleaseMT/inc -I/root/blasttest/source_upload/ncbi-blast-2.5.0+-src_psiblastexb/c++/include  /root/blasttest/source_upload/ncbi-blast-2.5.0+-src_psiblastexb/c++/src/util/sequtil/sequtil_tables.cpp -o sequtil_tables.o 
/opt/rh/devtoolset-2/root/usr/bin/g++  -std=gnu++11 -c  -Wall -Wno-format-y2k  -pthread -fopenmp -O2   -DNDEBUG -D_LARGEFILE_SOURCE -D_FILE_OFFSET_BITS=64 -D_LARGEFILE64_SOURCE   -D_MT -D_REENTRANT -D_THREAD_SAFE -I/root/blasttest/source_upload/ncbi-blast-2.5.0+-src_psiblastexb/c++/ReleaseMT/inc -I/root/blasttest/source_upload/ncbi-blast-2.5.0+-src_psiblastexb/c++/include  /root/blasttest/source_upload/ncbi-blast-2.5.0+-src_psiblastexb/c++/src/util/sequtil/sequtil_shared.cpp -o sequtil_shared.o 
/bin/rm -f libsequtil.a .libsequtil.a.stamp
ar cr libsequtil.a sequtil.o sequtil_convert.o sequtil_convert_imp.o sequtil_manip.o sequtil_tables.o sequtil_shared.o  
/bin/sh /root/blasttest/source_upload/ncbi-blast-2.5.0+-src_psiblastexb/c++/scripts/common/impl/if_diff.sh /bin/ln -f libsequtil.a /root/blasttest/source_upload/ncbi-blast-2.5.0+-src_psiblastexb/c++/ReleaseMT/lib
/bin/ln -f libsequtil.a /root/blasttest/source_upload/ncbi-blast-2.5.0+-src_psiblastexb/c++/ReleaseMT/lib/libsequtil.a
/bin/ln -f .sequtil.dep /root/blasttest/source_upload/ncbi-blast-2.5.0+-src_psiblastexb/c++/ReleaseMT/status/.sequtil.dep
make[4]: ディレクトリ `/root/blasttest/source_upload/ncbi-blast-2.5.0+-src_psiblastexb/c++/ReleaseMT/build/util/sequtil' から出ます
